Social Network 1:
   Arup: Difference of 7 point(s).
   Chris: Difference of 1 point(s).

Social Network 2:
   Ross: Difference of -2 point(s).
   Dan: Difference of 0 point(s).

Social Network 3:
   A: Difference of 0 point(s).
   B: Difference of 0 point(s).
   C: Difference of 0 point(s).
   D: Difference of 0 point(s).
   E: Difference of 0 point(s).
   F: Difference of 0 point(s).
   G: Difference of 0 point(s).
   H: Difference of 0 point(s).
   I: Difference of 0 point(s).
   J: Difference of 0 point(s).

Social Network 4:
   A: Difference of 0 point(s).
   B: Difference of 0 point(s).
   C: Difference of 0 point(s).

Social Network 5:

Social Network 6:
   A: Difference of 0 point(s).
   B: Difference of 0 point(s).
   C: Difference of 0 point(s).
   D: Difference of 0 point(s).
   E: Difference of 0 point(s).
   F: Difference of 0 point(s).
   G: Difference of 0 point(s).
   H: Difference of 0 point(s).
   I: Difference of 0 point(s).
   J: Difference of 0 point(s).
   K: Difference of 0 point(s).
   L: Difference of 0 point(s).
   M: Difference of 0 point(s).
   N: Difference of 0 point(s).
   O: Difference of 0 point(s).
   P: Difference of 0 point(s).
   Q: Difference of 0 point(s).
   R: Difference of 0 point(s).
   S: Difference of 0 point(s).
   T: Difference of 0 point(s).
   U: Difference of 0 point(s).
   V: Difference of 0 point(s).
   W: Difference of 0 point(s).
   X: Difference of 0 point(s).
   Y: Difference of 0 point(s).
   Z: Difference of 0 point(s).
   AA: Difference of 0 point(s).
   AB: Difference of 0 point(s).
   AC: Difference of 0 point(s).
   AD: Difference of 0 point(s).
   AE: Difference of 0 point(s).
   AF: Difference of 0 point(s).
   AG: Difference of 0 point(s).
   AH: Difference of 0 point(s).
   AI: Difference of 0 point(s).
   AJ: Difference of 0 point(s).
   AK: Difference of 0 point(s).
   AL: Difference of 0 point(s).
   AM: Difference of 0 point(s).
   AN: Difference of 0 point(s).
   AO: Difference of 0 point(s).
   AP: Difference of 0 point(s).
   AQ: Difference of 0 point(s).
   AR: Difference of 0 point(s).
   AS: Difference of 0 point(s).
   AT: Difference of 0 point(s).
   AU: Difference of 0 point(s).
   AV: Difference of 0 point(s).
   AW: Difference of 0 point(s).
   uoY: Difference of 98 point(s).

Social Network 7:
   A: Difference of -48 point(s).
   B: Difference of -47 point(s).
   C: Difference of -47 point(s).
   D: Difference of -47 point(s).
   E: Difference of -47 point(s).
   F: Difference of -47 point(s).
   G: Difference of -47 point(s).
   H: Difference of -47 point(s).
   I: Difference of -47 point(s).
   J: Difference of -47 point(s).
   K: Difference of -47 point(s).
   L: Difference of -47 point(s).
   M: Difference of -47 point(s).
   N: Difference of -47 point(s).
   O: Difference of -47 point(s).
   P: Difference of -47 point(s).
   Q: Difference of -47 point(s).
   R: Difference of -47 point(s).
   S: Difference of -47 point(s).
   T: Difference of -47 point(s).
   U: Difference of -47 point(s).
   V: Difference of -47 point(s).
   W: Difference of -47 point(s).
   X: Difference of -47 point(s).
   Y: Difference of -47 point(s).
   Z: Difference of -47 point(s).
   AA: Difference of -47 point(s).
   AB: Difference of -47 point(s).
   AC: Difference of -47 point(s).
   AD: Difference of -47 point(s).
   AE: Difference of -47 point(s).
   AF: Difference of -47 point(s).
   AG: Difference of -47 point(s).
   AH: Difference of -47 point(s).
   AI: Difference of -47 point(s).
   AJ: Difference of -47 point(s).
   AK: Difference of -47 point(s).
   AL: Difference of -47 point(s).
   AM: Difference of -47 point(s).
   AN: Difference of -47 point(s).
   AO: Difference of -47 point(s).
   AP: Difference of -47 point(s).
   AQ: Difference of -47 point(s).
   AR: Difference of -47 point(s).
   AS: Difference of -47 point(s).
   AT: Difference of -47 point(s).
   AU: Difference of -47 point(s).
   AV: Difference of -47 point(s).
   AW: Difference of -47 point(s).
   uoY: Difference of 50 point(s).

Social Network 8:
   A: Difference of -1 point(s).
   B: Difference of -47 point(s).
   C: Difference of -46 point(s).
   D: Difference of -46 point(s).
   E: Difference of -46 point(s).
   F: Difference of -46 point(s).
   G: Difference of -46 point(s).
   H: Difference of -46 point(s).
   I: Difference of -46 point(s).
   J: Difference of -46 point(s).
   K: Difference of -46 point(s).
   L: Difference of -46 point(s).
   M: Difference of -46 point(s).
   N: Difference of -46 point(s).
   O: Difference of -46 point(s).
   P: Difference of -46 point(s).
   Q: Difference of -46 point(s).
   R: Difference of -46 point(s).
   S: Difference of -46 point(s).
   T: Difference of -46 point(s).
   U: Difference of -46 point(s).
   V: Difference of -46 point(s).
   W: Difference of -46 point(s).
   X: Difference of -46 point(s).
   Y: Difference of -46 point(s).
   Z: Difference of -46 point(s).
   AA: Difference of -46 point(s).
   AB: Difference of -46 point(s).
   AC: Difference of -46 point(s).
   AD: Difference of -46 point(s).
   AE: Difference of -46 point(s).
   AF: Difference of -46 point(s).
   AG: Difference of -46 point(s).
   AH: Difference of -46 point(s).
   AI: Difference of -46 point(s).
   AJ: Difference of -46 point(s).
   AK: Difference of -46 point(s).
   AL: Difference of -46 point(s).
   AM: Difference of -46 point(s).
   AN: Difference of -46 point(s).
   AO: Difference of -46 point(s).
   AP: Difference of -46 point(s).
   AQ: Difference of -46 point(s).
   AR: Difference of -46 point(s).
   AS: Difference of -46 point(s).
   AT: Difference of -46 point(s).
   AU: Difference of -46 point(s).
   AV: Difference of -46 point(s).
   AW: Difference of -46 point(s).
   uoY: Difference of 50 point(s).

Social Network 9:
   A: Difference of -1 point(s).
   B: Difference of -1 point(s).
   C: Difference of -46 point(s).
   D: Difference of -45 point(s).
   E: Difference of -45 point(s).
   F: Difference of -45 point(s).
   G: Difference of -45 point(s).
   H: Difference of -45 point(s).
   I: Difference of -45 point(s).
   J: Difference of -45 point(s).
   K: Difference of -45 point(s).
   L: Difference of -45 point(s).
   M: Difference of -45 point(s).
   N: Difference of -45 point(s).
   O: Difference of -45 point(s).
   P: Difference of -45 point(s).
   Q: Difference of -45 point(s).
   R: Difference of -45 point(s).
   S: Difference of -45 point(s).
   T: Difference of -45 point(s).
   U: Difference of -45 point(s).
   V: Difference of -45 point(s).
   W: Difference of -45 point(s).
   X: Difference of -45 point(s).
   Y: Difference of -45 point(s).
   Z: Difference of -45 point(s).
   AA: Difference of -45 point(s).
   AB: Difference of -45 point(s).
   AC: Difference of -45 point(s).
   AD: Difference of -45 point(s).
   AE: Difference of -45 point(s).
   AF: Difference of -45 point(s).
   AG: Difference of -45 point(s).
   AH: Difference of -45 point(s).
   AI: Difference of -45 point(s).
   AJ: Difference of -45 point(s).
   AK: Difference of -45 point(s).
   AL: Difference of -45 point(s).
   AM: Difference of -45 point(s).
   AN: Difference of -45 point(s).
   AO: Difference of -45 point(s).
   AP: Difference of -45 point(s).
   AQ: Difference of -45 point(s).
   AR: Difference of -45 point(s).
   AS: Difference of -45 point(s).
   AT: Difference of -45 point(s).
   AU: Difference of -45 point(s).
   AV: Difference of -45 point(s).
   AW: Difference of -45 point(s).
   uoY: Difference of 50 point(s).

Social Network 10:
   you: Difference of 0 point(s).
   a: Difference of 0 point(s).
   A: Difference of 4 point(s).

Social Network 11:
   A: Difference of -1 point(s).
   B: Difference of 0 point(s).
   a: Difference of 3 point(s).
   you: Difference of 3 point(s).

Social Network 12:
   LMNOP: Difference of 98 point(s).
   A: Difference of 48 point(s).
   B: Difference of 48 point(s).
   C: Difference of 48 point(s).
   D: Difference of 48 point(s).

Social Network 13:
   A: Difference of -48 point(s).
   B: Difference of 0 point(s).
   C: Difference of 0 point(s).
   D: Difference of 0 point(s).
   E: Difference of 0 point(s).
   F: Difference of 0 point(s).
   G: Difference of 0 point(s).
   H: Difference of 0 point(s).
   I: Difference of 0 point(s).
   J: Difference of 0 point(s).
   K: Difference of 0 point(s).
   L: Difference of 0 point(s).
   M: Difference of 0 point(s).
   N: Difference of 0 point(s).
   O: Difference of 0 point(s).
   P: Difference of 0 point(s).
   Q: Difference of 0 point(s).
   R: Difference of 0 point(s).
   S: Difference of 0 point(s).
   T: Difference of 0 point(s).
   U: Difference of 0 point(s).
   V: Difference of 0 point(s).
   W: Difference of 0 point(s).
   X: Difference of 0 point(s).
   Y: Difference of 0 point(s).
   Z: Difference of 0 point(s).
   AA: Difference of 0 point(s).
   AB: Difference of 0 point(s).
   AC: Difference of 0 point(s).
   AD: Difference of 0 point(s).
   AE: Difference of 0 point(s).
   AF: Difference of 0 point(s).
   AG: Difference of 0 point(s).
   AH: Difference of 0 point(s).
   AI: Difference of 0 point(s).
   AJ: Difference of 0 point(s).
   AK: Difference of 0 point(s).
   AL: Difference of 0 point(s).
   AM: Difference of 0 point(s).
   AN: Difference of 0 point(s).
   AO: Difference of 0 point(s).
   AP: Difference of 0 point(s).
   AQ: Difference of 0 point(s).
   AR: Difference of 0 point(s).
   AS: Difference of 0 point(s).
   AT: Difference of 0 point(s).
   AU: Difference of 0 point(s).
   AV: Difference of 0 point(s).
   AW: Difference of 0 point(s).
   you: Difference of 50 point(s).

Social Network 14:
   A: Difference of -47 point(s).
   B: Difference of -1 point(s).
   C: Difference of 0 point(s).
   D: Difference of 0 point(s).
   E: Difference of 0 point(s).
   F: Difference of 0 point(s).
   G: Difference of 0 point(s).
   H: Difference of 0 point(s).
   I: Difference of 0 point(s).
   J: Difference of 0 point(s).
   K: Difference of 0 point(s).
   L: Difference of 0 point(s).
   M: Difference of 0 point(s).
   N: Difference of 0 point(s).
   O: Difference of 0 point(s).
   P: Difference of 0 point(s).
   Q: Difference of 0 point(s).
   R: Difference of 0 point(s).
   S: Difference of 0 point(s).
   T: Difference of 0 point(s).
   U: Difference of 0 point(s).
   V: Difference of 0 point(s).
   W: Difference of 0 point(s).
   X: Difference of 0 point(s).
   Y: Difference of 0 point(s).
   Z: Difference of 0 point(s).
   AA: Difference of 0 point(s).
   AB: Difference of 0 point(s).
   AC: Difference of 0 point(s).
   AD: Difference of 0 point(s).
   AE: Difference of 0 point(s).
   AF: Difference of 0 point(s).
   AG: Difference of 0 point(s).
   AH: Difference of 0 point(s).
   AI: Difference of 0 point(s).
   AJ: Difference of 0 point(s).
   AK: Difference of 0 point(s).
   AL: Difference of 0 point(s).
   AM: Difference of 0 point(s).
   AN: Difference of 0 point(s).
   AO: Difference of 0 point(s).
   AP: Difference of 0 point(s).
   AQ: Difference of 0 point(s).
   AR: Difference of 0 point(s).
   AS: Difference of 0 point(s).
   AT: Difference of 0 point(s).
   AU: Difference of 0 point(s).
   AV: Difference of 0 point(s).
   AW: Difference of 0 point(s).
   you: Difference of 50 point(s).

Social Network 15:
   A: Difference of -46 point(s).
   B: Difference of -1 point(s).
   C: Difference of -1 point(s).
   D: Difference of 0 point(s).
   E: Difference of 0 point(s).
   F: Difference of 0 point(s).
   G: Difference of 0 point(s).
   H: Difference of 0 point(s).
   I: Difference of 0 point(s).
   J: Difference of 0 point(s).
   K: Difference of 0 point(s).
   L: Difference of 0 point(s).
   M: Difference of 0 point(s).
   N: Difference of 0 point(s).
   O: Difference of 0 point(s).
   P: Difference of 0 point(s).
   Q: Difference of 0 point(s).
   R: Difference of 0 point(s).
   S: Difference of 0 point(s).
   T: Difference of 0 point(s).
   U: Difference of 0 point(s).
   V: Difference of 0 point(s).
   W: Difference of 0 point(s).
   X: Difference of 0 point(s).
   Y: Difference of 0 point(s).
   Z: Difference of 0 point(s).
   AA: Difference of 0 point(s).
   AB: Difference of 0 point(s).
   AC: Difference of 0 point(s).
   AD: Difference of 0 point(s).
   AE: Difference of 0 point(s).
   AF: Difference of 0 point(s).
   AG: Difference of 0 point(s).
   AH: Difference of 0 point(s).
   AI: Difference of 0 point(s).
   AJ: Difference of 0 point(s).
   AK: Difference of 0 point(s).
   AL: Difference of 0 point(s).
   AM: Difference of 0 point(s).
   AN: Difference of 0 point(s).
   AO: Difference of 0 point(s).
   AP: Difference of 0 point(s).
   AQ: Difference of 0 point(s).
   AR: Difference of 0 point(s).
   AS: Difference of 0 point(s).
   AT: Difference of 0 point(s).
   AU: Difference of 0 point(s).
   AV: Difference of 0 point(s).
   AW: Difference of 0 point(s).
   you: Difference of 50 point(s).

Social Network 16:
   A: Difference of -45 point(s).
   B: Difference of -1 point(s).
   C: Difference of -1 point(s).
   D: Difference of -1 point(s).
   E: Difference of 0 point(s).
   F: Difference of 0 point(s).
   G: Difference of 0 point(s).
   H: Difference of 0 point(s).
   I: Difference of 0 point(s).
   J: Difference of 0 point(s).
   K: Difference of 0 point(s).
   L: Difference of 0 point(s).
   M: Difference of 0 point(s).
   N: Difference of 0 point(s).
   O: Difference of 0 point(s).
   P: Difference of 0 point(s).
   Q: Difference of 0 point(s).
   R: Difference of 0 point(s).
   S: Difference of 0 point(s).
   T: Difference of 0 point(s).
   U: Difference of 0 point(s).
   V: Difference of 0 point(s).
   W: Difference of 0 point(s).
   X: Difference of 0 point(s).
   Y: Difference of 0 point(s).
   Z: Difference of 0 point(s).
   AA: Difference of 0 point(s).
   AB: Difference of 0 point(s).
   AC: Difference of 0 point(s).
   AD: Difference of 0 point(s).
   AE: Difference of 0 point(s).
   AF: Difference of 0 point(s).
   AG: Difference of 0 point(s).
   AH: Difference of 0 point(s).
   AI: Difference of 0 point(s).
   AJ: Difference of 0 point(s).
   AK: Difference of 0 point(s).
   AL: Difference of 0 point(s).
   AM: Difference of 0 point(s).
   AN: Difference of 0 point(s).
   AO: Difference of 0 point(s).
   AP: Difference of 0 point(s).
   AQ: Difference of 0 point(s).
   AR: Difference of 0 point(s).
   AS: Difference of 0 point(s).
   AT: Difference of 0 point(s).
   AU: Difference of 0 point(s).
   AV: Difference of 0 point(s).
   AW: Difference of 0 point(s).
   you: Difference of 50 point(s).

Social Network 17:
   you: Difference of 9 point(s).
   A: Difference of -1 point(s).
   B: Difference of -1 point(s).
   C: Difference of -1 point(s).
   D: Difference of -1 point(s).
   E: Difference of -1 point(s).
   F: Difference of -1 point(s).
   G: Difference of -1 point(s).
   H: Difference of 0 point(s).

Social Network 18:
   rivalA: Difference of 7 point(s).
   rivalB: Difference of 4 point(s).
   rivalC: Difference of 4 point(s).
   rivalD: Difference of 8 point(s).
   ThisNameIsValidHoweverItIsNotInTheListWowHowMuchFartherCanIGoAndStillB: Difference of 12 point(s).

Social Network 19:
   you: Difference of 2 point(s).
   ThisIsAReeeeeeeeeeeeeeeeeeeeeeeeeeaaaaaaaaaalllllllllyyyyyyyyyLongName: Difference of 0 point(s).
   A: Difference of 2 point(s).
   B: Difference of 2 point(s).
   rivalB: Difference of 2 point(s).
   ButThatparticularNameAsWellAsThisOneIsCompleeeeeeeeeeeeeeeeeetelyValid: Difference of 2 point(s).
   butthatparticularnameaswellasthisoneiscompleeeeeeeeeeeeeeeeeetelyvalid: Difference of 2 point(s).

