Class #1 ordering
ZZTOP

Class #2 ordering
AA
A

Class #3 ordering
ALI
JASON
ARUP
CHRIS
GLENN

Class #4 ordering
MICHAEL
CLAYTON
NADEEM
LINDSAY
DAN
JAIME
SEAN
TRAVIS
OMAR
CHRIS
STEPHEN
JEREMY
STEVEN
JOEL
LUIS

Class #5 ordering
AAAAAAAAB
AAAAAAAAC
AAAAAAA
ABCDEFGHIAKLMNOPWXYZ
ABB
ABCDEFGHIJKLMNOPWXYZ
ABCDEFGHIJKLMNOWXYZZ
AB
AZZD
AZZZ
AZZ
A
B
DCCC
DDDC
C
D
E
F
G
H
I
J
K
LOLOLOLOLZZ
LOLOLOLOLZ
LOLOLOLOL
L
M
N
O
P
Q
R
S
T
U
V
W
X
Y
Z

Class #6 ordering
AJHSDIOFPUWERIOPTWYE
AXZZZZZZZZZZZZZZZZZZ
AYZZZZZZZZZZZZZZZZZZ
AZZZZZZZZZZZZZZZZZZZ
QWHEUOBNNCJKLCSDHOWE
QWEQUIOPRUIEROPETYBZ
BXZZZZZZZZZZZZZZZZZZ
BYZZZZZZZZZZZZZZZZZZ
BZZZZZZZZZZZZZZZZZZZ
JKFSMKCLQURIEOWPRPTP
CXZZZZZZZZZZZZZZZZZZ
CYZZZZZZZZZZZZZZZZZZ
CZZZZZZZZZZZZZZZZZZZ
DXZZZZZZZZZZZZZZZZZZ
DYZZZZZZZZZZZZZZZZZZ
DZZZZZZZZZZZZZZZZZZZ
JIOPEWFJIFOPWEJFIOWE
JFIOEPJFEWINQWRUWEIR
EWZZZZZZZZZZZZZZZZZZ
EXZZZZZZZZZZZZZZZZZZ
EYZZZZZZZZZZZZZZZZZZ
EZZZZZZZZZZZZZZZZZZZ
FWZZZZZZZZZZZZZZZZZZ
FXZZZZZZZZZZZZZZZZZZ
FYZZZZZZZZZZZZZZZZZZ
FZZZZZZZZZZZZZZZZZZZ
GWZZZZZZZZZZZZZZZZZZ
GXZZZZZZZZZZZZZZZZZZ
GYZZZZZZZZZZZZZZZZZZ
GZZZZZZZZZZZZZZZZZZZ
HWZZZZZZZZZZZZZZZZZZ
HXZZZZZZZZZZZZZZZZZZ
HYZZZZZZZZZZZZZZZZZZ
HZZZZZZZZZZZZZZZZZZZ
IWZZZZZZZZZZZZZZZZZZ
IXZZZZZZZZZZZZZZZZZZ
IYZZZZZZZZZZZZZZZZZZ
IZZZZZZZZZZZZZZZZZZZ
JWZZZZZZZZZZZZZZZZZZ
JXZZZZZZZZZZZZZZZZZZ
JYZZZZZZZZZZZZZZZZZZ
JZZZZZZZZZZZZZZZZZZZ
KWZZZZZZZZZZZZZZZZZZ
KXZZZZZZZZZZZZZZZZZZ
KYZZZZZZZZZZZZZZZZZZ
KZZZZZZZZZZZZZZZZZZZ
LWZZZZZZZZZZZZZZZZZZ
LXZZZZZZZZZZZZZZZZZZ
LYZZZZZZZZZZZZZZZZZZ
LZZZZZZZZZZZZZZZZZZZ
MWZZZZZZZZZZZZZZZZZZ
MXZZZZZZZZZZZZZZZZZZ
MYZZZZZZZZZZZZZZZZZZ
MZZZZZZZZZZZZZZZZZZZ
NWZZZZZZZZZZZZZZZZZZ
NXZZZZZZZZZZZZZZZZZZ
NYZZZZZZZZZZZZZZZZZZ
NZZZZZZZZZZZZZZZZZZZ
OWZZZZZZZZZZZZZZZZZZ
OXZZZZZZZZZZZZZZZZZZ
OYZZZZZZZZZZZZZZZZZZ
OZZZZZZZZZZZZZZZZZZZ
PWZZZZZZZZZZZZZZZZZZ
PXZZZZZZZZZZZZZZZZZZ
PYZZZZZZZZZZZZZZZZZZ
PZZZZZZZZZZZZZZZZZZZ
QWZZZZZZZZZZZZZZZZZZ
QXZZZZZZZZZZZZZZZZZZ
QYZZZZZZZZZZZZZZZZZZ
QZZZZZZZZZZZZZZZZZZZ
RWZZZZZZZZZZZZZZZZZZ
RXZZZZZZZZZZZZZZZZZZ
RYZZZZZZZZZZZZZZZZZZ
RZZZZZZZZZZZZZZZZZZZ
SWZZZZZZZZZZZZZZZZZZ
SXZZZZZZZZZZZZZZZZZZ
SYZZZZZZZZZZZZZZZZZZ
SZZZZZZZZZZZZZZZZZZZ
TWZZZZZZZZZZZZZZZZZZ
TXZZZZZZZZZZZZZZZZZZ
TYZZZZZZZZZZZZZZZZZZ
TZZZZZZZZZZZZZZZZZZZ
UWZZZZZZZZZZZZZZZZZZ
UXZZZZZZZZZZZZZZZZZZ
UYZZZZZZZZZZZZZZZZZZ
UZZZZZZZZZZZZZZZZZZZ
VWZZZZZZZZZZZZZZZZZZ
VXZZZZZZZZZZZZZZZZZZ
VYZZZZZZZZZZZZZZZZZZ
VZZZZZZZZZZZZZZZZZZZ
WWZZZZZZZZZZZZZZZZZZ
XWZZZZZZZZZZZZZZZZZZ
YWZZZZZZZZZZZZZZZZZZ
ZWZZZZZZZZZZZZZZZZZZ
XXZZZZZZZZZZZZZZZZZZ
YXZZZZZZZZZZZZZZZZZZ
ZXZZZZZZZZZZZZZZZZZZ
YYZZZZZZZZZZZZZZZZZZ
ZYZZZZZZZZZZZZZZZZZZ
ZZZZZZZZZZZZZZZZZZZZ

