0
99
98
97
91
89
85
82
81
78
75
74
71
66
65
64
63
62
58
57
55
54
50
49
48
45
44
41
39
37
35
33
32
30
28
25
24
23
22
16
8
7
6
5
3
97
94
91
88
85
82
79
76
75
71
70
69
65
64
63
59
58
57
53
52
51
50
43
42
41
40
39
38
31
30
29
28
27
26
25
18
17
16
15
14
13
6
5
4
3
2
1
0
0
99
98
95
94
91
90
87
86
83
82
79
78
75
74
73
70
69
66
65
62
61
58
57
54
53
50
49
48
45
44
41
40
37
36
33
32
29
28
25
24
23
20
19
16
15
12
11
8
7
4
3
0
0
99
98
97
96
91
90
89
88
83
82
81
80
75
74
73
72
71
66
65
64
63
58
57
56
55
50
49
48
47
46
41
40
39
38
33
32
31
30
25
24
23
22
21
16
15
14
13
8
7
6
5
0
0
98
96
94
92
91
89
87
85
82
80
78
76
75
73
71
69
67
66
64
62
60
57
55
53
51
50
48
46
44
42
41
39
37
35
32
30
28
26
25
23
21
19
17
16
14
12
10
7
5
3
1
0
8
38
98
34
32
58
97
78
91
57
3
87
62
33
30
91
47
80
79
90
36
80
65
76
91
4
79
76
2
61
53
41
81
25
18
88
79
39
87
71
45
2
53
25
98
50
6
62
0
41
46
30
2
94
87
50
38
25
15
87
76
96
81
19
0
44
91
94
66
36
33
86
99
83
98
83
79
75
65
58
85
65
21
48
64
21
72
89
46
64
55
87
99
98
44
6
79
48
48
65
25
64
39
73
65
7
78
28
50
5
12
33
57
10
44
89
94
32
50
4
74
41
87
25
40
71
45
15
7
24
37
38
38
74
58
30
14
53
16
49
97
74
23
54
52
22
80
21
75
86
0
39
99
61
95
30
18
31
48
68
30
28
17
21
73
81
16
62
65
0
32
88
80
91
3
3
20
95
83
80
15
53
55
8
30
98
44
57
8
50
0
82
87
8
64
44
90
61
54
89
96
26
6
97
90
37
0
58
47
39
16
11
31
83
74
65
70
16
24
91
29
25
57
78
40
33
3
21
64
70
99
58
53
