Map #1:
.V..
FFF.
FFFF
FFFX

Map #2:
FFFF
>F<.
FFFF

Map #3:
FF
^.
.X

Map #4:
....FFFFFF
...FFFFFFF
..FFFFFFFF
.FX.......
>FFFFX....
.FFFFFFFFF
..FFFFFFFF
...FFFFFFF
....FFFFX.
.....FFFX.

Map #5:
....V.....
...FFF....
..FXFFF...
.FF.FFFF..
FFF.FFFFF.
FFF.XFFFFF
FFF..FFFFF
XFF..FFFFF
.FF..XXXFF
.FF.....FF

Map #6:
..XFF.....
FFFFFF....
FFFFFFF...
FFFFFFFF..
..XFFFFFF.
......XFF<
.......XF.
FFFFFFFF..
FFFFFFF...
FFFFFF....

Map #7:
F.XFF..FFF
F.FFF..FFF
F.FFF..FFF
F.FFF..FFF
FXFFFX.FFF
.FFFFF.FFF
..FFFF.FF.
...FFFXF..
....FFF...
.....^....

Map #8:
...........
...X.......
..FFFFFFFFF
.FFFFFX....
>FFFFFFFFFF
.FFFFFFFFFF
..X........
...X.......
........X..
...........
...........

Map #9:
.....V.....
....FFF....
...FFFFX...
..FFFFF....
.XFFFFF....
..XFFFF....
...FFFF....
...FFFF....
...FFFF....
..XFFFF....
...FFFF....

Map #10:
...........
...........
.......XX..
FFFFFFFFF..
FFFFFFFFFF.
.XFFFFFFFF<
...XFFFFFF.
FFFFFFFFF..
FFFFFFFF...
......X....
...........

Map #11:
....FF.....
....FF.....
...XFFX....
...FFFF....
...FFFF....
...FFFF....
...FFFF....
..XFFFF.X..
...FFFFX...
....FFF....
.....^.....

Map #12:
...FFFFFFFF
...FFFFFFFF
..FFF^.....
.FFFFFFFFFF
>FFFFFFFFV.
.FFFV...FFF
..FFFFFFFFF
..FFFFFFFFF
.FFFFFFFFFF
FFFFFFFFFFF

Map #13:
.....V...FF
....FFF.FFF
...FFFFFFFF
F.FFFFFFFFF
F<FFF>FFFFF
FF<FF.FFFFF
FF.FF.FFFFF
F..FF.FFFFF
...FF.FF>FF
...FF.FF.FF

Map #14:
FFFFFFF....
FFFFFFFF...
..^FFFFFF..
........VF.
FFFFFFFFFF<
FFFFFFFFFFF
FFFFFFFFFFF
..VFFFFFFFF
FFFFFFFFFFF
FFFFFFFFFFF

Map #15:
FF.FFF...FF
FF.FFF...FF
FF.FFF...FF
FF<FFF..FFF
FFFFFF.FFFF
FFFFFF>>>FF
..FFFFFFFFF
...FFFFFFFF
....FFF..FF
.....^....F

Map #16:
..........
..........
..........
..V.......
.FFFFFFFFF
>FFFFFFFFF
FFFFFFFFFF
FF<XFFF...
FF..FFFF..
FF..FFFFF.
.F..FFFFFF

Map #17:
....VFFFFF
...FFFFFFF
..>FFFFFFF
...FFFFFFF
...FFFFF^.
...FFFFFX.
...FFFFFFF
...FFFFFFF
...FFFFFFF
...FFFFF.F
...FFFFF..

Map #18:
FFFF....F.
FFFF....FF
FFFF....FF
FFFFXXX>FF
FFFFFFFFFF
FFFFFFFFF<
FFFFFFFFF.
FFFFFFFF..
.XFFFFF...
.....^....
..........

Map #19:
....FFF...
....FFF...
....FFF...
..XXFFF...
FFFFFFF...
..XFFFF...
..XFFFF...
..VFFFF...
FFFFFFF<..
FFFFFFF...
FFFFF^....

Map #20:
........
........
...X....
..>X....
...X....
........
........
........

Map #21:
FF......
FFF.....
FFF<....
..><....
FFF<....
FFF.....
FF......
F.......

Map #22:
........
........
...V....
..XXX...
........
........
........
........

Map #23:
FFF.FFFF
FFF.FFF.
.FFVFF..
..^^^...
........
........
........
........

Map #24:
........
........
....X...
....X<..
....X...
........
........
........

Map #25:
......FF
.....FFF
....>FFX
....><..
....>FFF
.....FFF
......FF
.......F

Map #26:
........
........
........
...XXX..
...X^X..
...XXX..
........
........

Map #27:
........
........
........
...VVV..
..FF^FF.
XFFF.FFF
XXFF.FFF
..FF.FFF

Map #28:
FFFFFF<FFFFFF
FFFFFF.FFFFFF
FFFFF...FFFFF
FFFF.....FFFF
FFF.......FFF
FF.........FF
V...........^
FF.........FF
FFF.......FFF
FFFF.....FFFF
FFFFF...FFFFF
FFFFFF.FFFFFF
FFFFFF>FFFFFF

Map #29:
FFFFFF>FFFFFF
FFFFFF.FFFFFF
FFFFF...FFFFF
FFFF.....FFFF
FFF.......FFF
FF.........FF
^...........V
FF.........FF
FFF.......FFF
FFFF.....FFFF
FFFFF...FFFFF
FFFFFF.FFFFFF
FFFFFF<FFFFFF

Map #30:
......F
.....FX
....FX.
...FX..
..FX...
VFX....
><.....

Map #31:
<...^^
......
<....>
......
V.V..>

Map #32:
.>>FFF^X<.XF<>FFFFFF

Map #33:
<
F
^
.
V
F
F
F
F
X
.
.
V
X
V
F
F
F
X
.

Map #34:
<
.

Map #35:
X.

Map #36:
.

Map #37:
....................
....................
....................
....................
....................
....................
....................
....................
....................
....................
....................
....................
....................
....................
....................
....................
....................
....................
....................
....................

Map #38:
XXXXXXXXXXXXXXXXXXXX
XXXXXXXXXXXXXXXXXXXX
XXXXXXXXXXXXXXXXXXXX
XXXXXXXXXXXXXXXXXXXX
XXXXXXXXXXXXXXXXXXXX
XXXXXXXXXXXXXXXXXXXX
XXXXXXXXXXXXXXXXXXXX
XXXXXXXXXXXXXXXXXXXX
XXXXXXXXXXXXXXXXXXXX
XXXXXXXXXXXXXXXXXXXX
XXXX.XXXXXXXXXXXXXXX
XXXXXXXXXXXXXXXXXXXX
XXXXXXXXXXXXXXXXXXXX
XXXXXXXXXXXXXXXXXXXX
XXXXXXXXXXXXXXXXXXXX
XXXXXXXXXXXXXXXXXXXX
XXXXXXXXXXXXXXXXXXXX
XXXXXXXXXXXXXXXXXXXX
XXXXXXXXXXXXXXXXXXXX
XXXXXXXXXXXXXXXXXXXX

Map #39:
<^V>^<<^^^^V^VVVV>^^
V^^VV^^^^V>>>V^>><^<
<^VV>V>^^<^<><VV^V<^
VV^V<>>V<VVVV^VV<><>
><>>^V>^>VV^<^><<^<>
VV>>>>^>V^V>V>>><<>^
>^^VV<^<<^<<^>V^><V>
<<>^^V<V><^^^<<>^V^>
VV<V>V>>^<VV><<>V>>V
><>>V>><<^><<>^VVVVV
V^^<>^^V<V<>>^>><^<^
^>V<>^<>>>>><<<<>^<<
>VV<>^><^^>V>^V>VVV>
VV^<V^^^^VV>^<^^>V^^
V^^>>VVVV>^>^^V>^V<^
<V<^<V^VV^^<V>>VVV<>
>><<^><<<>V><<V<V^V^
<^^>^>V^>^>^<<^V^<<^
>V<^^<V>V<<VV.^<V><^
^^<<VV<V<>V^V<>V><>V

Map #40:
FFFFFFFFFFFFFFFFFF<V
FFFFFFFFFFFFFFFFFFFF
FFFFFFFFFFFFFFFFFFFF
FFFFFFFFFFFFFFFFFFFF
FFFFFFFFFFFFFFFFFFFF
FFFFFFFFFFFFFFFFFFFF
FFFFFFFFFFFFFFFFFFFF
FFFFFFFFFFFFFFFFFFFF
FFFFFFFFFFFFFFFFFFFF
FFFFFFFFFFFFFFFFFFFF
FFFFFFFFFFFFFFFFFFFF
FFFFFFFFFFFFFFFFFFFF
FFFFFFFFFFFFFFFFFFFF
FFFFFFFFFFFFFFFFFFFF
FFFFFFFFFFFFFFFFFFFF
FFFFFFFFFFFFFFFFFFFF
FFFFFFFFFFFFFFFFFFFF
FFFFFFFFFFFFFFFFFFFF
FXFFFFFFFFFFFFFFFFFF
.XFFFFFFFFFFFFFFFFFF

Map #41:
FXFFFFFF.^<^
^FF<^.^VXFFF
FFXF..F^FFF^
FFF..VFVF^..
F^XVXFXFFFVX
X^XFFXFFXVFF
XFVFFFF>FFXF
^FFF^FFFF<FF
FFVFFF<FFFFF
F<F>F<F^FFFX
<FFXF<FFFFFF
FFFFXFFFFFFF
FFFF<FFFXFFF
FFFFF^FFFXFF
FFFFF>>FFFFF
.>FFFFFFFXF<
..FFXFFFFFFF
..XFF<FFFFV.

Map #42:
F..VFFFFFFXFFFFFF
FFF>XX.X>FXFFFFFF
FF<FFFFFFFF>F<...
FFXFFFXXXFXFFFFF>
XFXFFX<.FFFX.X..X
FF.F^F.>FX.......
FFFFFXX.FFFFFFX.X
.XFFFFFF.FX...V..
FFFF.XXF<.X..XFF.
XFFF<FXV.XXX.XFFF
XXFFF.FFF.V...FFX
.FXF.XFFFFFF.XFX.
..^X.XXFFFXXFF<..

Map #43:
.X.FFFFFFXXX..>X.
.X..FFFFF.....FFF
F...XFFFXXXX.FFFX
X<X...^FFFFF>FF>F
F<F...>FF>X.FFFVF
FFF.X..FX.FFFXFFF
FFF..X.XFXFFFFXFF
FFFXFFFFFFFXFX.FF
.FF>FFFFXFFFFX.XX
..^VX..X.FFXXF>FF
XXF>FFFFXFF..F^FF
.>FXXF.FF^X..XFXF
X>FFXXXFXFFX...FF
.VXFXXFF>FFFFFFF^
FFF.F^FF.FFFFFFFX
FFFX.XXF..FFX.X..

Map #44:
XFFFFFFFFFVFFFFFFFF<
>FFFFFFFFFFFFFFXFFFF
FX.FFF^VFF^FFFFFFFFF
><XFFFFFFF.XFFXFFXFF
FFFFFFFFFFXXFFFFF^FF
FF^FFFXFFFFF^FFFXFFF
.FF^XFFXFFFFFFFF>FFF
..FFFFFVFFFF>XFFFF<F
FX.^.FFFFFFV>FFFFXFF
FF.FXFF>FFFFXFFFFFFF
FFFFFFFFFFFF>FFFFFFF
FFFFFFFFFFFFFFFVFFFF
XFXFFFFXFFF>FFFFXFF>
.XF^F<F.FVXFFFFFFFFF
XFFFFFFFFFFFFFFFFFFF
X.>F<.FFVFFFFF^FFFX.
.XFFFFFFFFFFFFFF^.FF
FFX.FFFFXFFFF<.FFFFF

Map #45:
X.F^FFFF^X.X.^FF<>
FXF.>X<X..FFFF^>FX
<^X>XX...>XFFXF.XF
^FFFFFXFFFFF>FFXFF
.FXFXX.XX>XX<FFX^.
>VFF<..X.^V>FF^.VX
F>VXX....FXFF^FXXF
FF<FF<X.XVFFFXFFFX
XFFXXFFVFFFFFF<>^<
^F>FFFF<XFF^X^VFFF
^FXV<X^.>X>FFFFVFF
VFVX<F...XFFFXXFXF
FXVXFFX.X.FFXFFF>F
FFFFFFF>FX>FFFFFF<
FFFX^X.FVFFX^.>FFV
FXFF^VXX^FFFFVFFFX
XFF<F<X><FXFF^FFV.
.>FFFFXVX>XFF<VVFF
XFX>FFFFFXX^XFXXFX

Map #46:
.X.X.FFXFFFVFXXV^.F
.X....^.>FFFFXFXF.F
XFXX..XXXXF<FX^VXFF
.F..X.>F>XX<F<XVFXF
FFXX..>FXFFFFFFXFXF
FFXXXXFF^FFXFXFVFF^
VF<..VFFFXXFFFXF>^F
FFV.XFFVFFXF^>F^.FF
FFFXFFFFFFFX<FFXVFF
FFXFFFFFFFFFXF<FFFF
F>^FXFX^F^F.X>F<FFF
F.FF^XX.^FFX.>FXFFF
FVFFFFFFXFXF<FFFFFF
FFFFFVXFFXFFFXFFXFX
FFFFFFF<F<FFFVF.FFX
FFXFFFXFXVV^<FX.XFX
FFFXXF.FFXFFVF...>^
F>FFFFF>FX<FFXFFFF<
F.FFFXFF>FX^<F<>VX.

Map #47:
.XFFFFFXVX>VF<FFFF<.
.>X.X.XFF<FXXFFFFFFF
.VX..VXFXXFXFFFFFFFF
VXV.FVFVF<^FF>>X<<V.
FF<FVXFFX.X>FFFXV<V>
FFX<FF>VFFFFFX<FFFXF
>FVFFFFFFXXFFXFFVFXF
^F<<FFXFFFXFFF<FFX.F
FXFXXFFFFFXXFFF>FFFV
FFFV>FF^XFXF<FF<X.FF
XFFXFX>FFF<VVFF>FVVF
.FFX>XFXXFF<FFFF^>FF
XFFFFFXXFFXFFFXVFVFX
F>FFFFFXFF>XFFFFXFVF
F>X>FX<FFFFFFXFFFFF<
FFFFF^^X<F.XF>FXFFX<
.^X>FFF^.F..FF^XFF>F

Map #48:
^FXXFFFXFXFFX.X...FF
FFVFFFF^FFFFFXXV..FF
FFFFF^XFFFFFFFFXV.FF
FFFFFF>FFFFFFFFFVFFF
<FFFFFFFFFFFFFFFFXFF
XFFFFFFFFFFFFFFFFFFF
FFFFFFFF^FFF>FFFFFFF
FFFFFFF<FFXFFXF^>XFX
FXFFFFXFF^FFFFFF.^FF
F^FFF^FFFFFFXXFFFFFF
.^XFFFX^FFXFFFFFFFV.
FX.V>FFFFXFXFFFFFF<X
FFFVFFFFFFFFFFFFFFFF
FFFFXFFFFFFFF>FF>FFF
FFFFXFFFFFFFF<FFFFX>
FFXFFFXF<F.XFFFFFFFF
FFF<FF^XFF<FFFFFFFFF
FFFVFF<.F>FFFFXF.FFF
FXFFXFFFFFFFXF.F.FFF
FFFVFFFFFFFFFFFFFFFF

Map #49:
XX.VXF.^F^F^F^<.XXX^
FXFFFXFF>>F^^FF<X..X
FF<FFF><F>FFXFF..XX.
FFXFVFFFFFFFVFFFXX.X
FF^FFFXF^.><XFVFF.VX
X<FFFFFFX.XFXFFXV<FF
<FFFFFF<VXFFFFFFFFVF
VFFXF<FX<F^XFFXXFFFF
FFFXXF<<FVFF>F^XFFXX
FXFF<FF^FX<F^FFFXFF.
XFXXXFF^FFFFFFFXFFVX
^<FX^XFF^<FFFF<FX^^X
XVF.XXFFFFXFFFFFXFFF
FXFVFFVFFFXFFXFFF..^
>FF^F>FFF^FFFFFFFXXF
FFFF^XFFFFFXFFFVFF^.
FFFFF^FF<XFF<^VFFF<.
FFFFFVF^FXXFXFF^FF..
XFXX<FXVFFFFXFFFFXF.
.FV^.^FFFFFFXFXXXXFF

Map #50:
FF.XF.>XFFX>VFVF.XF<
^F>FXFFFFFFFF<^XFFFF
<VFXX<.XFV>FFFVFFXFX
V^^F<FV>FFXXF>FFX>XF
FVXF<FFFFXFX<FF<F.XF
XFFX^FFF>FFXFFFF<XF.
.>X>F^FXFFFFFFFFFFFX
FFFFFF<FFFF<XXXX^XFF
X.XXFF>>FFXF>FF<XFF.
XFXFF.X<F^FXFFFXFFF<
FXF^.XXFVXF..XFF^VFX
XFFFXFFX^XFX>X.XFFFX
XFFVF>FXXFFF<FVX<XVX
>FVFF<XFXFXFFFFFFFFF
FF>F^FFFFFFVFFFFF<XF
FFFFFFFFFFFF>F^VFFFF
XFFVFVX^FFFF<FFXF>F^
.FFXXFXXFX^F.^FFFXFF
.XFFXFFVF.XFX.FXFXXF
.>FX^F<XF..F..FVF^XF

