Aquarium #1:
1. Isolated
2. Big Predator
3. (Deceased) Prey

Aquarium #2:
1. (Deceased) Stationary
2. (Deceased) Big SmallPredator
3. Big Big HugePredator
4. (Deceased) Snack

Aquarium #3:
1. (Deceased) Big Big Big A
2. (Deceased) B
3. (Deceased) C
4. (Deceased) D
5. Big Big Big Big E
6. (Deceased) F
7. (Deceased) G
8. (Deceased) H

Aquarium #4:
1. Big Big Big A
2. (Deceased) B
3. (Deceased) C
4. (Deceased) D
5. Big Big Big E
6. (Deceased) F
7. (Deceased) G
8. (Deceased) H

Aquarium #5:
1. Big Big Big A
2. (Deceased) B
3. (Deceased) C
4. (Deceased) D

Aquarium #6:
1. (Deceased) Big Big Big A
2. (Deceased) B
3. (Deceased) C
4. (Deceased) D
5. Big Big Big Big E
6. (Deceased) F
7. (Deceased) G
8. (Deceased) H

Aquarium #7:
1. Big Big Big A
2. (Deceased) B
3. (Deceased) C
4. (Deceased) D

Aquarium #8:
1. Big A
2. (Deceased) B

Aquarium #9:
1. Big A
2. (Deceased) B

Aquarium #10:
1. Big A
2. (Deceased) B

Aquarium #11:
1. Big A
2. (Deceased) B

Aquarium #12:
1. Big A
2. (Deceased) B

Aquarium #13:
1. Big A
2. (Deceased) B

Aquarium #14:
1. Big A
2. (Deceased) B

Aquarium #15:
1. Big A
2. (Deceased) B

Aquarium #16:
1. Big A
2. (Deceased) B

Aquarium #17:
1. Big A
2. (Deceased) B

Aquarium #18:
1. (Deceased) B
2. Big A

Aquarium #19:
1. (Deceased) B
2. Big A

Aquarium #20:
1. (Deceased) B
2. Big A

Aquarium #21:
1. (Deceased) B
2. Big A

Aquarium #22:
1. (Deceased) B
2. Big A

Aquarium #23:
1. (Deceased) B
2. Big A

Aquarium #24:
1. (Deceased) B
2. Big A

Aquarium #25:
1. (Deceased) B
2. Big A

Aquarium #26:
1. (Deceased) B
2. Big A

Aquarium #27:
1. (Deceased) B
2. Big A

Aquarium #28:
1. Big THEREARETHIRTYCHARACTERSINTHIS
2. (Deceased) THEREARETHIRTYCHARACTERSINTHIS

Aquarium #29:
1. Big THEREARETHIRTYCHARACTERSINTHIS
2. (Deceased) THEREARETHIRTYCHARACTERSINTHIS

Aquarium #30:
1. Big THEREARETHIRTYCHARACTERSINTHIS
2. (Deceased) THEREARETHIRTYCHARACTERSINTHIS

Aquarium #31:
1. Big THEREARETHIRTYCHARACTERSINTHIS
2. (Deceased) THEREARETHIRTYCHARACTERSINTHIS

Aquarium #32:
1. Big THEREARETHIRTYCHARACTERSINTHIS
2. (Deceased) THEREARETHIRTYCHARACTERSINTHIS

Aquarium #33:
1. Big THEREARETHIRTYCHARACTERSINTHIS
2. (Deceased) THEREARETHIRTYCHARACTERSINTHIS

Aquarium #34:
1. Big THEREARETHIRTYCHARACTERSINTHIS
2. (Deceased) THEREARETHIRTYCHARACTERSINTHIS

Aquarium #35:
1. Big THEREARETHIRTYCHARACTERSINTHIS
2. (Deceased) THEREARETHIRTYCHARACTERSINTHIS

Aquarium #36:
1. Big THEREARETHIRTYCHARACTERSINTHIS
2. (Deceased) THEREARETHIRTYCHARACTERSINTHIS

Aquarium #37:
1. Big THEREARETHIRTYCHARACTERSINTHIS
2. (Deceased) THEREARETHIRTYCHARACTERSINTHIS

Aquarium #38:
1. (Deceased) THEREARETHIRTYCHARACTERSINTHIS
2. Big THEREARETHIRTYCHARACTERSINTHIS

Aquarium #39:
1. (Deceased) THEREARETHIRTYCHARACTERSINTHIS
2. Big THEREARETHIRTYCHARACTERSINTHIS

Aquarium #40:
1. (Deceased) THEREARETHIRTYCHARACTERSINTHIS
2. Big THEREARETHIRTYCHARACTERSINTHIS

Aquarium #41:
1. (Deceased) THEREARETHIRTYCHARACTERSINTHIS
2. Big THEREARETHIRTYCHARACTERSINTHIS

Aquarium #42:
1. (Deceased) THEREARETHIRTYCHARACTERSINTHIS
2. Big THEREARETHIRTYCHARACTERSINTHIS

Aquarium #43:
1. (Deceased) THEREARETHIRTYCHARACTERSINTHIS
2. Big THEREARETHIRTYCHARACTERSINTHIS

Aquarium #44:
1. (Deceased) THEREARETHIRTYCHARACTERSINTHIS
2. Big THEREARETHIRTYCHARACTERSINTHIS

Aquarium #45:
1. (Deceased) THEREARETHIRTYCHARACTERSINTHIS
2. Big THEREARETHIRTYCHARACTERSINTHIS

Aquarium #46:
1. (Deceased) THEREARETHIRTYCHARACTERSINTHIS
2. Big THEREARETHIRTYCHARACTERSINTHIS

Aquarium #47:
1. (Deceased) THEREARETHIRTYCHARACTERSINTHIS
2. Big THEREARETHIRTYCHARACTERSINTHIS

Aquarium #48:
1. (Deceased) Olivia
2. (Deceased) Jacob
3. (Deceased) Big Big Ava
4. (Deceased) Big Emma
5. Big Madison
6. (Deceased) Chloe
7. (Deceased) Jayden
8. Big Olivia
9. (Deceased) Jayden
10. Big Big Abigail

Aquarium #49:
1. Big William
2. Big Ava
3. (Deceased) William
4. Alexander
5. Jayden
6. Olivia
7. (Deceased) Jacob

Aquarium #50:
1. Big Big Big Big Big Big Noah
2. (Deceased) Big Chloe
3. (Deceased) Big William
4. (Deceased) Big Anthony
5. (Deceased) Sophia
6. (Deceased) William
7. (Deceased) Big Big Abigail
8. (Deceased) Abigail
9. (Deceased) Big Jacob
10. (Deceased) Mia
11. (Deceased) Abigail
12. (Deceased) Olivia
13. (Deceased) Aiden
14. (Deceased) Emily
15. (Deceased) Chloe
16. (Deceased) Aiden
17. (Deceased) Daniel
18. (Deceased) Big Big Daniel
19. (Deceased) Big Big Big Big Olivia

Aquarium #51:
1. (Deceased) Madison
2. Jacob
3. Isabella
4. (Deceased) Mia
5. Madison
6. Abigail
7. Emma
8. (Deceased) Jayden
9. (Deceased) Jayden
10. Big Big Emma
11. (Deceased) Emma
12. Olivia
13. (Deceased) Alexander
14. (Deceased) Sophia
15. Big Big Big Abigail
16. Big Big Anthony
17. Sophia
18. (Deceased) Aiden
19. (Deceased) Aiden
20. (Deceased) Chloe
21. Big Big Madison
22. (Deceased) Big Big Noah

Aquarium #52:
1. Big Olivia
2. (Deceased) Big Noah
3. (Deceased) Emma
4. (Deceased) Abigail
5. (Deceased) Big Aiden
6. (Deceased) Big Big Chloe
7. (Deceased) Madison
8. (Deceased) Olivia
9. (Deceased) Mia
10. (Deceased) Big Daniel
11. (Deceased) Big Jayden
12. (Deceased) Big Big Ethan
13. (Deceased) Big William
14. (Deceased) Chloe
15. (Deceased) Ethan
16. (Deceased) Jacob
17. Big Big Big Ava
18. (Deceased) Anthony
19. (Deceased) Big Big Emily
20. Michael
21. (Deceased) Chloe
22. (Deceased) Isabella
23. (Deceased) Sophia
24. (Deceased) Big Jayden
25. (Deceased) Big Big Big Big Daniel
26. (Deceased) Big Jacob
27. (Deceased) Alexander
28. (Deceased) Big Big Big Big Big Ethan
29. (Deceased) William
30. (Deceased) Chloe
31. (Deceased) Abigail
32. (Deceased) Aiden
33. (Deceased) Big Big Big Emily
34. (Deceased) Alexander
35. Big Big Big Isabella
36. Big Big Big Big Ava
37. (Deceased) Sophia
38. (Deceased) Emma
39. (Deceased) Big Alexander
40. (Deceased) Chloe
41. (Deceased) Big Big Big Big Big Big Big Jayden
42. Big Big Big Big Jacob
43. Big Big Big Big Noah
44. (Deceased) Chloe
45. (Deceased) Jacob
46. (Deceased) Big Michael
47. (Deceased) Sophia
48. (Deceased) Big Sophia
49. (Deceased) Big Big Ava
50. (Deceased) Big Big Big Big Sophia
51. (Deceased) Chloe
52. (Deceased) Ethan
53. (Deceased) Noah
54. (Deceased) Isabella
55. (Deceased) Olivia
56. (Deceased) Big Aiden
57. (Deceased) Isabella
58. (Deceased) Aiden
59. (Deceased) Noah
60. (Deceased) Big Big Emily
61. (Deceased) Emma
62. (Deceased) Olivia
63. (Deceased) Olivia
64. (Deceased) Ava
65. (Deceased) Noah
66. (Deceased) Big Aiden
67. (Deceased) Mia
68. (Deceased) Big Jacob
69. (Deceased) William
70. (Deceased) Sophia
71. (Deceased) Emma
72. (Deceased) Big Big Big Big Big Big Anthony
73. (Deceased) Big Big Big Big Big Alexander
74. (Deceased) Big Big Sophia
75. (Deceased) Noah
76. (Deceased) Big Mia
77. Big Ava
78. (Deceased) Big Olivia
79. (Deceased) Big Big Big Emily
80. (Deceased) Big Olivia
81. (Deceased) Isabella
82. (Deceased) Olivia
83. (Deceased) Emma
84. (Deceased) Big Emma
85. (Deceased) Big Big Big Ethan
86. (Deceased) Big Big Big Big Jacob
87. (Deceased) Alexander
88. (Deceased) Big Big Big Big Big Sophia
89. (Deceased) Emily
90. (Deceased) Big Emma
91. (Deceased) Ethan
92. (Deceased) Big Big Alexander
93. (Deceased) Big Big Jacob
94. (Deceased) Big Michael
95. (Deceased) Ava
96. Big Big Big Big Abigail
97. (Deceased) Big Big Ava
98. (Deceased) Ethan
99. (Deceased) Jayden
100. (Deceased) Abigail
101. Big Big Big William
102. (Deceased) Abigail
103. Big Big Big Big Big Big Anthony
104. (Deceased) Sophia
105. (Deceased) Big Michael
106. (Deceased) Ethan
107. (Deceased) Big Big Madison
108. (Deceased) Sophia
109. (Deceased) Alexander
110. (Deceased) Big Jayden
111. (Deceased) Big Big Big Olivia
112. Big Big Big Ava
113. (Deceased) Big Emma
114. (Deceased) Alexander
115. (Deceased) Sophia
116. Big Big Big Ethan
117. (Deceased) Daniel
118. (Deceased) Big Madison
119. (Deceased) Isabella
120. (Deceased) Big Big Abigail
121. (Deceased) Isabella
122. (Deceased) Isabella
123. (Deceased) Emma
124. (Deceased) Big Jayden
125. (Deceased) Sophia
126. (Deceased) Jayden
127. (Deceased) Alexander
128. (Deceased) Sophia
129. (Deceased) Alexander
130. (Deceased) Ava
131. (Deceased) Big Alexander
132. (Deceased) Alexander
133. (Deceased) Anthony
134. (Deceased) Madison
135. (Deceased) Daniel
136. (Deceased) Big Big Emily
137. (Deceased) Big Big Big Mia
138. (Deceased) Aiden
139. (Deceased) Mia
140. (Deceased) Big Big Chloe
141. (Deceased) Sophia
142. (Deceased) Jacob
143. (Deceased) Ethan
144. (Deceased) Emily
145. (Deceased) Big Ava
146. (Deceased) Emma
147. (Deceased) Michael
148. (Deceased) Ava
149. (Deceased) Sophia
150. (Deceased) Olivia
151. (Deceased) Jayden
152. (Deceased) Chloe
153. (Deceased) Big Big Big Ava
154. (Deceased) Emma
155. (Deceased) Jacob
156. (Deceased) Aiden
157. (Deceased) Isabella
158. (Deceased) Big Big Mia
159. (Deceased) Anthony
160. (Deceased) Big Big Big Big Big Isabella
161. (Deceased) Jacob
162. (Deceased) Jacob
163. (Deceased) Big Chloe
164. (Deceased) Isabella
165. (Deceased) William
166. (Deceased) Big Big Jayden
167. William
168. (Deceased) Big Alexander
169. (Deceased) Alexander
170. (Deceased) Big Aiden
171. (Deceased) Big Big Emily
172. (Deceased) Big Big Michael
173. (Deceased) Noah
174. (Deceased) Ava
175. (Deceased) Big Anthony
176. (Deceased) Big Jayden
177. (Deceased) Big Big Jacob
178. (Deceased) William
179. (Deceased) Jacob
180. (Deceased) Isabella
181. (Deceased) Big Olivia
182. (Deceased) Ethan
183. (Deceased) William
184. (Deceased) Daniel
185. (Deceased) Big Big William
186. (Deceased) Big Big Big Jacob
187. (Deceased) Jacob
188. (Deceased) Anthony
189. (Deceased) Big Big Noah
190. (Deceased) Ethan
191. (Deceased) Chloe
192. (Deceased) Sophia
193. (Deceased) Big Big Big Big Big Ethan
194. (Deceased) Big Big Emily
195. (Deceased) Alexander
196. (Deceased) Jacob
197. (Deceased) Anthony
198. (Deceased) Big Michael
199. (Deceased) Jacob

Aquarium #53:
1. (Deceased) Ethan
2. (Deceased) Michael
3. (Deceased) Big Big Big Jacob
4. (Deceased) Big Big Ava
5. Isabella
6. (Deceased) Ethan
7. (Deceased) Daniel
8. (Deceased) Big Big Big Jacob
9. (Deceased) Abigail
10. (Deceased) Abigail
11. (Deceased) Daniel
12. (Deceased) Jayden
13. (Deceased) William
14. (Deceased) Isabella
15. (Deceased) Big Big William
16. (Deceased) Ethan
17. (Deceased) Big Isabella
18. (Deceased) Michael
19. (Deceased) Michael
20. (Deceased) Alexander
21. Big Big Jayden
22. Big Big Michael
23. (Deceased) Noah
24. (Deceased) Big Big Big Big Emma
25. (Deceased) Big Chloe
26. (Deceased) Olivia
27. (Deceased) Ethan
28. (Deceased) Big William
29. (Deceased) Big Big Big Madison
30. (Deceased) Emma
31. Big Big Big Big Big Emily
32. (Deceased) Jacob
33. (Deceased) Big Big Emily
34. Big Big Big Big Big Big Noah
35. (Deceased) Emily
36. (Deceased) Olivia
37. (Deceased) Michael
38. (Deceased) Anthony
39. (Deceased) Jacob
40. (Deceased) Noah
41. (Deceased) Jayden
42. (Deceased) Big Jayden
43. (Deceased) Chloe
44. Michael
45. (Deceased) Daniel
46. (Deceased) Big Abigail
47. (Deceased) Big Big Emma

Aquarium #54:
1. Big Big Isabella
2. (Deceased) Jayden
3. (Deceased) Isabella
4. Alexander
5. (Deceased) Mia
6. (Deceased) Mia
7. (Deceased) Mia
8. (Deceased) Sophia
9. Big Big Big Big Aiden
10. Olivia
11. (Deceased) Isabella
12. (Deceased) Daniel
13. (Deceased) Big Ava
14. (Deceased) Emma
15. (Deceased) Isabella
16. (Deceased) Isabella
17. (Deceased) Daniel
18. (Deceased) Big Aiden
19. Big Big Jayden
20. (Deceased) Jayden
21. (Deceased) Big Ava
22. (Deceased) Alexander
23. (Deceased) Big Big Noah
24. (Deceased) Sophia
25. Big Big Michael
26. (Deceased) Big Madison
27. (Deceased) Big Big Big Big Big William
28. (Deceased) Big Abigail

Aquarium #55:
1. Big Big Noah
2. (Deceased) Aiden
3. Big William
4. Noah
5. (Deceased) Big Big Daniel
6. (Deceased) Mia
7. (Deceased) Daniel
8. (Deceased) Isabella
9. Big Big Big Daniel
10. (Deceased) Chloe
11. Jacob
12. (Deceased) Aiden
13. (Deceased) Emma

Aquarium #56:
1. (Deceased) Chloe
2. (Deceased) Aiden
3. (Deceased) Mia
4. Big Big Sophia
5. (Deceased) Big Madison
6. (Deceased) Anthony
7. Big Daniel
8. (Deceased) Emily
9. (Deceased) Big Big Big Big Big Michael
10. (Deceased) Jacob
11. (Deceased) Emma
12. (Deceased) Big Anthony
13. (Deceased) Big Mia
14. (Deceased) Alexander
15. (Deceased) Abigail
16. (Deceased) Jacob
17. Big Big Big William

Aquarium #57:
1. (Deceased) Anthony
2. (Deceased) Ava
3. (Deceased) Big Big Big Emma
4. (Deceased) Big Ava
5. (Deceased) Big Jayden
6. (Deceased) Big Big Anthony
7. (Deceased) Big Sophia
8. (Deceased) Anthony
9. (Deceased) William
10. (Deceased) Chloe
11. (Deceased) Big Sophia
12. (Deceased) Jacob
13. (Deceased) Abigail
14. (Deceased) Big Emily
15. Big Big Emily
16. (Deceased) Abigail
17. Big Big Big Big Daniel
18. (Deceased) Olivia
19. (Deceased) Alexander
20. (Deceased) Sophia
21. (Deceased) Aiden
22. Big Big Big Madison
23. (Deceased) Big Michael
24. (Deceased) Big Big Big Jayden
25. (Deceased) Big Daniel
26. (Deceased) Alexander
27. (Deceased) Sophia

Aquarium #58:
1. Jacob
2. (Deceased) Big Daniel
3. Big Big Big Sophia
4. Big Daniel
5. (Deceased) Noah
6. (Deceased) Madison
7. (Deceased) Isabella
8. Big Big Abigail
9. (Deceased) Abigail
10. (Deceased) Chloe
11. (Deceased) Ava

Aquarium #59:
1. (Deceased) Big Alexander
2. Big Big Big Big Alexander
3. (Deceased) Jacob
4. (Deceased) Big Big Anthony
5. (Deceased) Jayden
6. (Deceased) Alexander
7. (Deceased) Anthony
8. (Deceased) Jayden
9. (Deceased) Mia
10. (Deceased) Jayden
11. (Deceased) Abigail
12. (Deceased) Big Ava
13. (Deceased) Michael
14. (Deceased) Daniel
15. (Deceased) Sophia
16. (Deceased) Big Ethan
17. (Deceased) Chloe
18. (Deceased) Mia
19. Daniel
20. (Deceased) Big Big Big Big Chloe
21. (Deceased) Sophia
22. Big Big Big Ava
23. (Deceased) Big Emily
24. (Deceased) Ava
25. (Deceased) Big Emily
26. (Deceased) Big Jayden
27. (Deceased) Big Big Michael
28. Big Big Ethan
29. Big Big Big Emily
30. (Deceased) Jacob
31. (Deceased) Big Mia
32. (Deceased) Sophia

Aquarium #60:
1. Ethan
2. Big Michael
3. (Deceased) Big Emily
4. (Deceased) Jacob
5. Big Ava
6. Big Big Alexander
7. (Deceased) Abigail
8. (Deceased) Ava
9. Jacob
10. Big Michael
11. (Deceased) Big Big Big Noah
12. (Deceased) Big Big Sophia
13. (Deceased) Big Alexander
14. (Deceased) Mia
15. (Deceased) Big Jacob
16. (Deceased) Mia
17. (Deceased) Madison
18. Sophia
19. (Deceased) Noah
20. (Deceased) Big Ethan
21. (Deceased) Emily

Aquarium #61:
1. (Deceased) Aiden
2. (Deceased) Emma
3. (Deceased) Big Big Big Big Jacob
4. (Deceased) Ethan
5. (Deceased) Big Big Big Mia
6. Big Big Aiden
7. (Deceased) Noah
8. Big Big Big Sophia
9. (Deceased) Alexander
10. (Deceased) Jayden
11. Big Emily
12. (Deceased) William
13. (Deceased) Emma
14. (Deceased) Abigail
15. (Deceased) Big Ethan
16. (Deceased) Sophia
17. (Deceased) Madison
18. (Deceased) Mia
19. (Deceased) Big Big Michael
20. (Deceased) Sophia
21. (Deceased) Isabella
22. Big Big Emily
23. (Deceased) Big Jayden
24. (Deceased) Big Big Aiden
25. (Deceased) Big Chloe
26. (Deceased) Big Mia
27. (Deceased) Big Big Big Michael
28. (Deceased) Madison
29. (Deceased) Mia
30. (Deceased) Noah
31. (Deceased) Abigail
32. Big Big Big Abigail
33. Big Big Ethan
34. (Deceased) Mia
35. (Deceased) Big Big Big Big Abigail
36. (Deceased) Emily
37. (Deceased) Daniel
38. (Deceased) Alexander
39. (Deceased) Big Big Olivia
40. Big Aiden
41. (Deceased) Big Big Mia
42. (Deceased) Emily
43. Big Big Big Isabella
44. (Deceased) Big Alexander
45. (Deceased) Alexander
46. (Deceased) Big Alexander
47. Big Big Abigail
48. Big Big Isabella
49. (Deceased) Olivia
50. (Deceased) Big Jayden
51. Big Big Big Big Big Big Chloe
52. (Deceased) Emma
53. (Deceased) Chloe
54. (Deceased) Mia
55. (Deceased) Abigail
56. (Deceased) Anthony
57. (Deceased) Noah
58. (Deceased) Noah
59. (Deceased) Big Abigail
60. Big Big Alexander
61. (Deceased) Ava
62. (Deceased) Noah
63. Big Big Big Big Sophia
64. (Deceased) Big Big Big Big Daniel
65. (Deceased) Ava
66. (Deceased) Big Ethan
67. (Deceased) Aiden
68. (Deceased) Anthony
69. (Deceased) Alexander
70. (Deceased) Aiden
71. (Deceased) Alexander
72. (Deceased) Noah
73. (Deceased) Aiden
74. (Deceased) Michael
75. (Deceased) Madison
76. (Deceased) Big Big Big Noah
77. Big Big Big Big Big Big Ethan
78. (Deceased) Anthony
79. (Deceased) Ethan
80. (Deceased) Jacob
81. (Deceased) Madison
82. (Deceased) Olivia
83. (Deceased) Big Emma
84. (Deceased) Big Big Madison
85. (Deceased) Madison
86. (Deceased) Big Mia
87. (Deceased) Abigail
88. (Deceased) Olivia
89. Big Big Big Noah
90. Big Big Chloe
91. Big Big Sophia
92. (Deceased) Mia
93. (Deceased) Ethan
94. (Deceased) Jayden
95. (Deceased) Isabella
96. (Deceased) Big Aiden
97. (Deceased) William
98. (Deceased) Emma
99. (Deceased) Mia
100. (Deceased) Ethan
101. (Deceased) Mia
102. (Deceased) Jayden
103. (Deceased) Emily
104. (Deceased) Daniel
105. (Deceased) Big Noah
106. (Deceased) Mia
107. (Deceased) Aiden
108. Big Big Mia
109. (Deceased) Big Sophia
110. (Deceased) Daniel
111. (Deceased) Anthony
112. (Deceased) Isabella
113. (Deceased) Madison
114. (Deceased) Abigail
115. (Deceased) Ava
116. Big Big Mia
117. (Deceased) Big Ethan
118. Big Big Noah

Aquarium #62:
1. (Deceased) Emily
2. (Deceased) Abigail
3. (Deceased) William
4. (Deceased) Noah
5. (Deceased) Big Big Noah
6. (Deceased) Anthony
7. (Deceased) Big Michael
8. (Deceased) Big Big Anthony
9. (Deceased) Chloe
10. (Deceased) Abigail
11. (Deceased) Olivia
12. Big Big Noah
13. (Deceased) Daniel
14. (Deceased) Big Big Big Emma
15. Big Big Big Big Big Ethan
16. (Deceased) Isabella
17. (Deceased) Ethan
18. (Deceased) Big Big Big Jacob
19. (Deceased) Aiden
20. (Deceased) Emma

Aquarium #63:
1. Emma
2. Isabella
3. Mia
4. Daniel

Aquarium #64:
1. (Deceased) Big Mia
2. (Deceased) Big Emma
3. (Deceased) Big Abigail
4. (Deceased) Big Big Big Sophia
5. (Deceased) Big Mia
6. (Deceased) Mia
7. (Deceased) Big Olivia
8. (Deceased) Alexander
9. (Deceased) Big Big Big Big William
10. (Deceased) Daniel
11. (Deceased) Big Big Jacob
12. (Deceased) Daniel
13. (Deceased) Noah
14. (Deceased) Isabella
15. (Deceased) Jayden
16. (Deceased) Daniel
17. (Deceased) Michael
18. (Deceased) Anthony
19. (Deceased) Big Big Mia
20. (Deceased) Jacob
21. (Deceased) Chloe
22. (Deceased) Isabella
23. (Deceased) Jayden
24. (Deceased) Mia
25. (Deceased) Noah
26. (Deceased) Big Noah
27. (Deceased) Big Big Daniel
28. (Deceased) Emma
29. Big Isabella
30. (Deceased) Big William
31. (Deceased) Olivia
32. (Deceased) Big Jayden
33. (Deceased) Sophia
34. (Deceased) Ethan
35. (Deceased) Big Aiden
36. (Deceased) Ethan
37. (Deceased) Emma
38. (Deceased) Big Michael
39. (Deceased) Big Big Ethan
40. (Deceased) Big Emma
41. (Deceased) Big William
42. (Deceased) Big Alexander
43. (Deceased) Big Big Ethan
44. (Deceased) Abigail
45. (Deceased) Big Big Emily
46. Big Big Big Big Aiden
47. (Deceased) Big Daniel
48. (Deceased) Emily
49. (Deceased) Big Big Olivia
50. (Deceased) Emily
51. (Deceased) Aiden
52. Jacob
53. (Deceased) Michael
54. (Deceased) Chloe
55. (Deceased) Aiden
56. (Deceased) Olivia
57. (Deceased) Big Sophia
58. (Deceased) Big Emma
59. (Deceased) Madison
60. (Deceased) Mia
61. (Deceased) Aiden
62. (Deceased) Big William
63. Big Big Big Big Mia
64. Big Big Big Big Daniel
65. (Deceased) Olivia
66. (Deceased) Ethan
67. (Deceased) Big Ethan
68. (Deceased) Mia
69. (Deceased) Ethan
70. (Deceased) Big Emily
71. (Deceased) Aiden
72. (Deceased) Emma
73. (Deceased) Noah
74. (Deceased) Daniel
75. (Deceased) Aiden
76. (Deceased) Madison
77. (Deceased) Big Emma
78. (Deceased) Ava
79. (Deceased) Ava
80. (Deceased) Big Alexander
81. Big Big Big Big Mia
82. (Deceased) Chloe
83. (Deceased) Ethan
84. (Deceased) Emily
85. (Deceased) Big Big Alexander
86. (Deceased) Big Ethan
87. (Deceased) William
88. (Deceased) Emma
89. (Deceased) Jacob
90. Big Big Big Big Big Big Big Emma
91. (Deceased) Jacob
92. (Deceased) Michael
93. (Deceased) Big Big Big Sophia
94. (Deceased) Big Mia
95. (Deceased) Alexander
96. (Deceased) Isabella
97. (Deceased) Big Abigail
98. (Deceased) Big Jayden
99. (Deceased) Big Sophia
100. (Deceased) Isabella
101. (Deceased) Big Big Big Big Chloe
102. (Deceased) Big Big Big Daniel
103. (Deceased) Michael
104. (Deceased) Big Big Big Big Emily
105. (Deceased) Big Jayden
106. (Deceased) Anthony
107. (Deceased) Emily
108. (Deceased) William
109. (Deceased) Alexander
110. (Deceased) Big Big Big Jacob
111. (Deceased) Abigail
112. (Deceased) Sophia
113. (Deceased) Ava
114. Big Big Emily
115. (Deceased) Big Big Michael
116. (Deceased) Daniel
117. (Deceased) Aiden
118. (Deceased) Sophia
119. (Deceased) Big Big Ethan
120. (Deceased) Ava
121. (Deceased) Big Big Big Big Big Sophia
122. (Deceased) Big Daniel
123. Big Big Big Michael
124. (Deceased) Big Ethan
125. (Deceased) Anthony
126. (Deceased) Big Olivia
127. (Deceased) Michael
128. (Deceased) Abigail
129. (Deceased) Big Big Mia
130. (Deceased) Big Big Big Big Big Big Sophia
131. (Deceased) Aiden
132. (Deceased) Mia
133. (Deceased) Isabella
134. (Deceased) Daniel
135. Big Big Big Big Big Alexander
136. Big Big Ethan
137. (Deceased) Alexander
138. (Deceased) Emily
139. (Deceased) Michael
140. (Deceased) Ethan
141. (Deceased) Aiden
142. Big Big Big Madison
143. (Deceased) Noah
144. (Deceased) Mia
145. Big Big Big Jayden
146. (Deceased) Noah
147. (Deceased) Big Big Big Big Big Emily
148. (Deceased) Isabella
149. (Deceased) Big Alexander
150. (Deceased) Jacob
151. (Deceased) Big Big Big Jacob

Aquarium #65:
1. Big Isabella
2. Michael
3. Alexander
4. Big Ava
5. Big Jayden
6. Sophia
7. (Deceased) Aiden
8. Noah
9. Sophia
10. (Deceased) Noah
11. Big William
12. Big Alexander
13. Ethan
14. Anthony
15. Michael
16. (Deceased) Big Jacob
17. (Deceased) Chloe
18. Emily
19. (Deceased) Abigail
20. Olivia
21. Big Big Chloe
22. Anthony
23. Michael
24. (Deceased) Chloe
25. (Deceased) Aiden
26. (Deceased) Ethan
27. Noah

Aquarium #66:
1. Big Big William
2. Mia
3. (Deceased) Big Big Big Isabella
4. (Deceased) Jacob
5. (Deceased) Ethan
6. (Deceased) Big Ethan
7. Big Michael
8. (Deceased) Aiden
9. (Deceased) Isabella
10. (Deceased) Big Big Emily
11. (Deceased) Big Big Abigail
12. (Deceased) Mia
13. (Deceased) Sophia
14. (Deceased) William
15. (Deceased) Emma
16. (Deceased) Big Michael
17. (Deceased) Big Big Big Emma
18. (Deceased) Emily
19. (Deceased) Olivia
20. (Deceased) Sophia
21. (Deceased) Chloe
22. Big Big Big Big Ethan
23. (Deceased) Isabella
24. (Deceased) Abigail
25. (Deceased) Michael
26. Big Big Big Big Big Michael
27. (Deceased) Aiden
28. (Deceased) Sophia
29. (Deceased) Michael
30. (Deceased) Big Emma

Aquarium #67:
1. (Deceased) Big Noah
2. (Deceased) Daniel
3. (Deceased) Noah
4. Big Big Big Big Noah
5. (Deceased) William
6. (Deceased) Abigail
7. (Deceased) Big Big Abigail
8. (Deceased) Big Big Isabella
9. (Deceased) Big Noah
10. Big Big Big Noah
11. (Deceased) Aiden
12. (Deceased) Chloe
13. (Deceased) Mia
14. (Deceased) Abigail
15. (Deceased) William
16. (Deceased) Ava
17. (Deceased) Big Big Sophia
18. (Deceased) Big Daniel
19. (Deceased) Jacob
20. (Deceased) Big Mia
21. (Deceased) Abigail
22. (Deceased) Chloe
23. (Deceased) Chloe
24. (Deceased) Daniel
25. Big Big Big Olivia
26. (Deceased) Sophia
27. Big Big Big Big Big Aiden
28. (Deceased) Big Alexander
29. Big Big Big Alexander
30. (Deceased) Noah
31. (Deceased) Anthony
32. (Deceased) Noah
33. (Deceased) Big Big Anthony
34. (Deceased) Sophia
35. (Deceased) Mia
36. (Deceased) Abigail
37. (Deceased) Ava
38. (Deceased) Jacob
39. (Deceased) Big Big Olivia
40. (Deceased) Big Big Big Madison
41. Anthony
42. (Deceased) Daniel
43. (Deceased) Alexander
44. (Deceased) Emma
45. (Deceased) Madison
46. (Deceased) Big Jayden
47. (Deceased) Isabella
48. (Deceased) Big Big Jacob
49. Big Big Big Ethan

Aquarium #68:
1. (Deceased) Daniel
2. (Deceased) Daniel
3. (Deceased) Big Big William
4. (Deceased) Jacob
5. (Deceased) Jayden
6. (Deceased) Ava
7. (Deceased) Daniel
8. (Deceased) William
9. Big Big Big Big Sophia
10. (Deceased) William
11. (Deceased) Alexander
12. (Deceased) Big Anthony
13. (Deceased) Isabella
14. (Deceased) Big Big Emily
15. (Deceased) Big Chloe
16. (Deceased) Jayden
17. (Deceased) Big Abigail
18. (Deceased) Big Jayden
19. (Deceased) Big Big Big Emma
20. (Deceased) Big Big Big Big Big Jayden
21. (Deceased) Big Big Big Big Jacob
22. (Deceased) Anthony
23. Big Big Chloe
24. (Deceased) Ethan
25. (Deceased) Big Big Noah
26. (Deceased) Isabella
27. (Deceased) Noah
28. (Deceased) Emily
29. (Deceased) Big Noah
30. (Deceased) Anthony
31. (Deceased) Big Aiden
32. Big Big Big Big Big Big Ava
33. (Deceased) Ethan
34. (Deceased) Olivia
35. (Deceased) Ethan
36. (Deceased) Isabella
37. (Deceased) Alexander
38. (Deceased) William
39. (Deceased) Chloe
40. (Deceased) Anthony
41. (Deceased) Mia
42. (Deceased) Sophia
43. (Deceased) Jacob
44. (Deceased) Jayden
45. (Deceased) Michael
46. (Deceased) Big Daniel
47. (Deceased) Emma
48. (Deceased) Jayden
49. (Deceased) Mia
50. (Deceased) Big Daniel
51. (Deceased) Jayden
52. (Deceased) Big Noah
53. Big Big Big Big Big Big Mia
54. (Deceased) Big Olivia
55. Big Big Big Big Aiden
56. (Deceased) Daniel
57. (Deceased) Noah
58. (Deceased) Big Big Sophia
59. (Deceased) Aiden
60. (Deceased) Madison
61. (Deceased) Big Abigail
62. (Deceased) Big Abigail
63. (Deceased) Big Big Daniel
64. Big Big Emily
65. (Deceased) Madison
66. (Deceased) Madison
67. Big Big Big Big Madison
68. (Deceased) Olivia
69. (Deceased) Big Big Olivia
70. (Deceased) Emma
71. (Deceased) Big Aiden
72. (Deceased) Big Ava
73. (Deceased) Emily
74. (Deceased) Michael
75. (Deceased) Big Isabella
76. (Deceased) Ava
77. (Deceased) Olivia
78. (Deceased) Mia
79. (Deceased) Big Big Mia
80. Big Big Big Isabella
81. (Deceased) Big Aiden
82. Big Alexander
83. (Deceased) Sophia
84. (Deceased) William
85. (Deceased) Big Big Jayden
86. (Deceased) Michael
87. (Deceased) Big Noah
88. Big Big Big Big Big Isabella
89. (Deceased) Big Big Big Noah
90. (Deceased) Big Sophia
91. (Deceased) Big Big Big Mia
92. (Deceased) Noah
93. (Deceased) Big Emily
94. (Deceased) Big Abigail
95. (Deceased) Big Sophia
96. (Deceased) Abigail
97. (Deceased) Madison
98. (Deceased) Sophia
99. (Deceased) Sophia
100. (Deceased) Michael
101. (Deceased) Emily
102. (Deceased) Michael
103. (Deceased) Ethan
104. (Deceased) Big Big Big Alexander
105. (Deceased) Big Jayden
106. (Deceased) Ava

Aquarium #69:
1. (Deceased) Big Big Jacob
2. (Deceased) Madison
3. Big Big Big Big Ava
4. (Deceased) Madison
5. (Deceased) Olivia
6. (Deceased) Emma
7. (Deceased) Mia

Aquarium #70:
1. (Deceased) Isabella
2. (Deceased) Jayden
3. (Deceased) Mia
4. (Deceased) Big Big Michael
5. Big Big Ethan

Aquarium #71:
1. Big Big Isabella
2. (Deceased) Michael
3. (Deceased) Mia
4. (Deceased) Big Big Isabella
5. (Deceased) Isabella

Aquarium #72:
1. (Deceased) Mia
2. (Deceased) Emma
3. (Deceased) Big Jacob
4. (Deceased) Alexander
5. Big Big Big Big Aiden
6. Big Big Big Big Anthony
7. (Deceased) Big Big Chloe
8. Big Big Big Big Aiden
9. (Deceased) Olivia
10. (Deceased) Abigail
11. (Deceased) Aiden
12. (Deceased) Big Michael
13. (Deceased) Noah
14. (Deceased) Big Noah
15. (Deceased) Big Ethan
16. (Deceased) Big Anthony
17. Big Big Abigail
18. (Deceased) Jacob
19. (Deceased) Emma
20. (Deceased) Big Big Anthony
21. Big Big Big William
22. (Deceased) Isabella
23. (Deceased) Emily
24. (Deceased) Isabella
25. (Deceased) Big Ava
26. (Deceased) Jacob
27. (Deceased) Emily
28. (Deceased) Big Big Big Big Mia
29. (Deceased) Mia
30. (Deceased) Big Jacob
31. (Deceased) Big Big Ethan
32. (Deceased) Ethan
33. (Deceased) Jacob
34. (Deceased) Big Sophia
35. (Deceased) Jacob
36. (Deceased) Madison
37. (Deceased) Daniel
38. (Deceased) Emma
39. (Deceased) Big Chloe
40. (Deceased) Big Big Big Ethan
41. (Deceased) Big Big Ethan
42. (Deceased) Jacob
43. (Deceased) Ethan
44. (Deceased) Emily
45. Big Big Daniel
46. (Deceased) Isabella
47. (Deceased) William
48. (Deceased) Michael
49. (Deceased) Big Alexander
50. (Deceased) Big Michael
51. (Deceased) Daniel
52. (Deceased) Jacob
53. (Deceased) Big Aiden
54. (Deceased) Olivia
55. (Deceased) Daniel
56. (Deceased) Jacob
57. (Deceased) Emma
58. (Deceased) Big Ethan
59. (Deceased) Emily
60. (Deceased) Alexander
61. (Deceased) Big Big Big Aiden
62. (Deceased) Abigail
63. (Deceased) Mia
64. (Deceased) Sophia
65. (Deceased) Big Big Michael
66. (Deceased) Big Big Big Emma
67. (Deceased) Big Anthony
68. (Deceased) Big Big Ethan
69. (Deceased) Emily
70. (Deceased) Big Big Big Big Olivia
71. (Deceased) Big Michael
72. (Deceased) Sophia
73. (Deceased) Daniel
74. (Deceased) Isabella
75. Big Big Big Big Big Big Chloe
76. (Deceased) Big Big Big Big Big Alexander
77. (Deceased) Madison
78. (Deceased) Madison
79. (Deceased) Noah
80. (Deceased) Sophia
81. (Deceased) Aiden
82. (Deceased) Big Mia
83. (Deceased) Big Abigail
84. Big Isabella
85. (Deceased) Chloe
86. (Deceased) Big Isabella

Aquarium #73:
1. (Deceased) Big Michael
2. (Deceased) Mia
3. (Deceased) Big Big Chloe
4. (Deceased) Big Big Madison
5. (Deceased) Isabella
6. (Deceased) Chloe
7. (Deceased) Isabella
8. (Deceased) Big Chloe
9. (Deceased) Alexander
10. (Deceased) Big Madison
11. Big Big Big Sophia
12. (Deceased) Noah
13. (Deceased) Big Big Big Big Big Big Chloe
14. (Deceased) Noah
15. Mia
16. (Deceased) Isabella
17. (Deceased) Isabella
18. (Deceased) Big Big Abigail
19. (Deceased) Abigail
20. (Deceased) Mia
21. Big Big Abigail
22. (Deceased) Emma
23. (Deceased) Mia
24. (Deceased) Big Chloe
25. (Deceased) Big Big Jacob
26. (Deceased) Michael
27. (Deceased) Big Big Ethan
28. (Deceased) Alexander
29. (Deceased) Daniel
30. (Deceased) Olivia
31. (Deceased) Big Michael
32. (Deceased) Madison
33. (Deceased) William
34. (Deceased) Daniel
35. (Deceased) Big Ethan
36. (Deceased) Big Big Jacob
37. (Deceased) Michael
38. (Deceased) Big Emily
39. (Deceased) Isabella
40. (Deceased) Big Michael
41. (Deceased) Jayden
42. (Deceased) Emily
43. (Deceased) Big Jayden
44. (Deceased) Olivia
45. (Deceased) Big Noah
46. (Deceased) Big Big Ethan
47. (Deceased) Emma
48. (Deceased) Big Big Big Isabella
49. (Deceased) Jacob
50. (Deceased) Sophia
51. (Deceased) Emma
52. Big Big Big Big Big Big Big William
53. (Deceased) Big Big Big Big Madison
54. (Deceased) Emily
55. (Deceased) William
56. Big Big Big Big Noah
57. (Deceased) Emma
58. (Deceased) Big Abigail
59. (Deceased) Alexander

Aquarium #74:
1. (Deceased) Big Big Emily
2. (Deceased) Michael
3. (Deceased) Olivia
4. Big Big Big Big Daniel
5. (Deceased) Aiden
6. (Deceased) Emma
7. (Deceased) Alexander
8. (Deceased) Jacob
9. (Deceased) Daniel
10. Big Big Big Big Jacob
11. (Deceased) Sophia
12. Big Anthony
13. (Deceased) Ethan
14. (Deceased) Big Big Big Isabella
15. (Deceased) Daniel
16. (Deceased) Emily
17. (Deceased) Mia
18. (Deceased) Olivia
19. (Deceased) Daniel
20. (Deceased) Isabella
21. (Deceased) Ethan
22. Big Big Big Abigail
23. (Deceased) Anthony
24. (Deceased) Big Big Big Big Ethan
25. (Deceased) Noah
26. (Deceased) Abigail
27. (Deceased) Big Chloe
28. Big Michael
29. Big Big Big Big Big Big Jayden
30. (Deceased) Big William
31. (Deceased) Alexander
32. (Deceased) Big Olivia
33. (Deceased) Big Big Daniel
34. (Deceased) Big Aiden
35. (Deceased) Big Chloe
36. (Deceased) Sophia
37. (Deceased) Madison
38. (Deceased) Sophia
39. (Deceased) Big Michael
40. (Deceased) Ethan
41. (Deceased) Anthony
42. (Deceased) Alexander
43. (Deceased) Big Big Alexander
44. (Deceased) Big Big Abigail
45. (Deceased) Alexander
46. (Deceased) Big Jayden
47. (Deceased) Ava
48. (Deceased) Noah
49. Big Jacob

Aquarium #75:
1. (Deceased) Big Mia
2. Big Chloe
3. (Deceased) Noah

Aquarium #76:
1. Big Big Big Big Big Emma
2. Big Big Madison
3. (Deceased) Alexander
4. (Deceased) Emma
5. (Deceased) Sophia
6. (Deceased) Big Big Daniel
7. (Deceased) Big Isabella
8. (Deceased) Jacob
9. Big Big Big Big Alexander
10. (Deceased) Michael
11. (Deceased) Big Michael
12. (Deceased) Big Daniel
13. (Deceased) Emma
14. (Deceased) Daniel
15. (Deceased) Olivia
16. (Deceased) Noah
17. (Deceased) Emma
18. (Deceased) Big Big Big William
19. Big Daniel
20. (Deceased) Big Big Noah
21. (Deceased) Madison
22. Big Anthony
23. (Deceased) Ava
24. (Deceased) Noah
25. (Deceased) Emma
26. (Deceased) Aiden
27. Big Big Ethan
28. (Deceased) Big Big Big Big Daniel
29. (Deceased) Ethan
30. (Deceased) Michael
31. (Deceased) Olivia
32. (Deceased) Emma
33. (Deceased) Chloe
34. (Deceased) Aiden
35. (Deceased) Anthony
36. (Deceased) Jacob
37. (Deceased) Big William
38. (Deceased) Emma
39. (Deceased) Big Big Big Mia
40. (Deceased) Michael
41. (Deceased) Big Big Michael
42. (Deceased) Emily
43. Big Anthony
44. (Deceased) Daniel
45. (Deceased) Aiden
46. (Deceased) Big Noah
47. (Deceased) Sophia
48. (Deceased) Olivia
49. (Deceased) Big Big Big Big Big Alexander

Aquarium #77:
1. Big Big Big Big Emma
2. (Deceased) Emma
3. (Deceased) Big Madison
4. Big Big Big Big Abigail
5. Big Big Big Emma
6. (Deceased) Daniel
7. Big Big Big Big Big Big Ethan
8. (Deceased) Sophia
9. (Deceased) Jacob
10. (Deceased) William
11. (Deceased) Big Emma
12. (Deceased) Madison
13. (Deceased) Ava
14. (Deceased) Emma
15. (Deceased) William
16. (Deceased) Jayden
17. (Deceased) Madison
18. (Deceased) Jayden
19. (Deceased) Aiden
20. Big Big Emily
21. (Deceased) William
22. Big Big Big Madison
23. (Deceased) Sophia
24. Big Big Ethan
25. (Deceased) Big Michael
26. (Deceased) Mia
27. Big Big Big Big Jayden
28. (Deceased) Anthony
29. (Deceased) Mia
30. (Deceased) Big Big Anthony
31. (Deceased) Jayden
32. (Deceased) Anthony
33. (Deceased) Ava
34. (Deceased) Ethan
35. (Deceased) Jacob
36. (Deceased) Madison
37. (Deceased) Big Alexander
38. (Deceased) Big William
39. (Deceased) Big Daniel
40. (Deceased) Isabella
41. (Deceased) Big Ava
42. (Deceased) Aiden
43. Big Chloe
44. (Deceased) Big Jayden
45. Big Big Big Big Big Emma
46. Big Big Noah
47. (Deceased) Jacob
48. (Deceased) Emma
49. (Deceased) Aiden
50. (Deceased) Big Jayden
51. Big Big Emma
52. (Deceased) Big Big Big Emily
53. Madison
54. (Deceased) Emily
55. (Deceased) Chloe
56. (Deceased) Daniel
57. (Deceased) Ava
58. (Deceased) Jayden
59. (Deceased) Big Aiden
60. (Deceased) Olivia
61. (Deceased) Noah
62. (Deceased) Big Jacob
63. Big Madison
64. (Deceased) Anthony
65. (Deceased) Abigail
66. (Deceased) Jacob
67. Big Noah
68. (Deceased) Emma
69. (Deceased) Michael
70. (Deceased) Big Emma
71. (Deceased) Abigail
72. (Deceased) Michael
73. (Deceased) Sophia
74. (Deceased) Michael
75. (Deceased) Ethan
76. Big Big Abigail
77. (Deceased) Emma
78. (Deceased) Big Big Big Alexander
79. (Deceased) Mia
80. Big Big Olivia
81. (Deceased) Big Olivia
82. (Deceased) Big Big Madison
83. (Deceased) Aiden
84. Big Sophia
85. (Deceased) William
86. Big Jacob
87. (Deceased) Big Abigail
88. (Deceased) Anthony
89. (Deceased) Emily
90. (Deceased) Big Ethan
91. (Deceased) Big Emily
92. (Deceased) Madison
93. (Deceased) Alexander
94. (Deceased) Big Chloe
95. (Deceased) Big Jayden
96. (Deceased) Big Ethan
97. Sophia
98. Big Big Big Big Daniel
99. (Deceased) Aiden
100. (Deceased) Olivia
101. (Deceased) Emma
102. (Deceased) Alexander
103. (Deceased) Big Big Big Big Daniel
104. (Deceased) Big Aiden
105. (Deceased) Emily

Aquarium #78:
1. (Deceased) Chloe
2. Sophia
3. Big Anthony
4. (Deceased) Aiden
5. (Deceased) Noah
6. Big Big Jacob
7. (Deceased) Emily
8. (Deceased) Michael
9. Big Big Big Anthony
10. (Deceased) Jayden

Aquarium #79:
1. (Deceased) Noah
2. (Deceased) Big Michael
3. (Deceased) Big Big Big Emily
4. (Deceased) Big Chloe
5. (Deceased) Sophia
6. (Deceased) Jayden
7. (Deceased) Aiden
8. (Deceased) Michael
9. (Deceased) Aiden
10. (Deceased) Alexander
11. (Deceased) Big Aiden
12. (Deceased) Chloe
13. (Deceased) Jacob
14. (Deceased) Sophia
15. (Deceased) Big Big Abigail
16. (Deceased) Emma
17. (Deceased) Aiden
18. Sophia
19. (Deceased) Big Big Big Chloe
20. (Deceased) Olivia
21. Big Big Big Big Big Big Big Sophia
22. (Deceased) Alexander
23. Big Big Big Jayden
24. (Deceased) Big Aiden
25. (Deceased) Big Big Alexander
26. (Deceased) Jacob
27. (Deceased) Mia
28. (Deceased) Big Big Emily
29. Big Alexander
30. (Deceased) Aiden
31. Big Big Jacob
32. (Deceased) Sophia
33. (Deceased) Ava
34. (Deceased) Olivia
35. (Deceased) Madison
36. Big Big Michael
37. (Deceased) William
38. (Deceased) Big Big Chloe
39. (Deceased) Big Emily
40. (Deceased) Noah
41. (Deceased) Madison
42. Big William
43. (Deceased) Big Aiden

Aquarium #80:
1. (Deceased) Noah
2. (Deceased) Aiden
3. Isabella
4. (Deceased) Noah
5. Big Big Big Anthony
6. (Deceased) Jacob
7. Big Abigail
8. (Deceased) Chloe
9. (Deceased) Big Big Sophia
10. (Deceased) Michael
11. (Deceased) Emily
12. Big Big Big Big Anthony
13. (Deceased) Isabella
14. (Deceased) Olivia

Aquarium #81:
1. (Deceased) Abigail
2. (Deceased) Ethan
3. (Deceased) Mia
4. (Deceased) Big Big Big Ethan
5. (Deceased) Abigail
6. (Deceased) William
7. (Deceased) William
8. (Deceased) Sophia
9. (Deceased) Big Big Big Big Michael
10. (Deceased) Big Aiden
11. Big Big Big Big Mia
12. (Deceased) Chloe
13. (Deceased) Ava
14. (Deceased) Alexander
15. (Deceased) Ava
16. (Deceased) Big Big Ethan
17. (Deceased) Big Michael
18. (Deceased) Michael
19. (Deceased) Big Big Ava
20. (Deceased) Olivia
21. (Deceased) William
22. (Deceased) Daniel
23. (Deceased) Daniel
24. (Deceased) Jacob
25. (Deceased) Big Jacob
26. (Deceased) Big Big Big Big Ethan
27. (Deceased) William
28. (Deceased) Mia
29. (Deceased) Big Big Alexander
30. (Deceased) Big Big William
31. (Deceased) Big Olivia
32. (Deceased) Emily
33. (Deceased) Sophia
34. (Deceased) Abigail
35. (Deceased) Big Jayden
36. (Deceased) Anthony
37. (Deceased) Big Ava
38. (Deceased) Sophia
39. (Deceased) Big Big Big Noah
40. (Deceased) Sophia
41. (Deceased) Isabella
42. Big Madison
43. Big Big Madison
44. (Deceased) Big Sophia
45. (Deceased) Michael
46. (Deceased) Ava
47. (Deceased) Olivia
48. (Deceased) Daniel
49. (Deceased) Isabella
50. (Deceased) Jacob
51. (Deceased) Alexander
52. (Deceased) Big Big Aiden
53. (Deceased) Madison
54. (Deceased) Jayden
55. (Deceased) Big Big Chloe
56. (Deceased) Big Big Big Big Abigail
57. (Deceased) Daniel
58. (Deceased) Jayden
59. (Deceased) Emily
60. (Deceased) Big Isabella
61. (Deceased) William
62. Big Noah
63. (Deceased) Madison
64. (Deceased) Emily
65. (Deceased) Anthony
66. (Deceased) Sophia
67. (Deceased) Big Emma
68. (Deceased) Ava
69. (Deceased) Isabella
70. (Deceased) Big Alexander
71. (Deceased) Madison
72. (Deceased) Big Abigail
73. (Deceased) Big Big Madison
74. (Deceased) Olivia
75. (Deceased) Daniel
76. (Deceased) Big Big Big Michael
77. (Deceased) Big William
78. (Deceased) Daniel
79. (Deceased) William
80. (Deceased) Big Jacob
81. (Deceased) Noah
82. (Deceased) Emma
83. (Deceased) Emily
84. (Deceased) Ethan
85. (Deceased) Abigail
86. (Deceased) Anthony
87. (Deceased) Big Big Emily
88. (Deceased) Big Big Isabella
89. (Deceased) Olivia
90. (Deceased) Abigail
91. Big Big Big Big Big Madison
92. (Deceased) Olivia
93. (Deceased) Big Jayden
94. (Deceased) Big Big Big Ethan
95. (Deceased) Big Big Olivia
96. (Deceased) Anthony
97. (Deceased) Big Jayden
98. (Deceased) Ethan
99. (Deceased) Big Big Big Jacob
100. Big Big Big Chloe
101. (Deceased) William
102. (Deceased) Isabella
103. (Deceased) Noah
104. (Deceased) Big Noah
105. (Deceased) Jayden
106. (Deceased) Anthony
107. (Deceased) Alexander
108. (Deceased) Big Big Ethan
109. (Deceased) Jacob
110. (Deceased) Big Anthony
111. (Deceased) Big Alexander
112. (Deceased) Emma
113. Big Big Big Big Big Abigail
114. (Deceased) Abigail
115. (Deceased) Big William
116. (Deceased) Big Big Aiden
117. (Deceased) Big Aiden
118. (Deceased) Madison
119. (Deceased) Big Big Big Jayden
120. (Deceased) Big Big Alexander
121. (Deceased) William
122. (Deceased) Aiden
123. (Deceased) Alexander
124. (Deceased) Alexander
125. (Deceased) Big Mia
126. (Deceased) Big Big Big Big Big Big Chloe
127. (Deceased) Noah
128. (Deceased) Big Big Big Jayden
129. (Deceased) Daniel
130. Big Big Big Big Anthony
131. (Deceased) Emma
132. (Deceased) Big Sophia
133. (Deceased) Abigail
134. (Deceased) Big Anthony
135. Big Big Big Big Big Big Anthony
136. Big Big Big Emma
137. (Deceased) Big Big Sophia
138. Big Big Big Big Big Big Big Emma
139. (Deceased) Abigail
140. (Deceased) Big Michael
141. (Deceased) Noah
142. (Deceased) Sophia
143. (Deceased) Big Abigail
144. (Deceased) Mia
145. (Deceased) Mia
146. (Deceased) Big William
147. (Deceased) Isabella
148. (Deceased) Noah
149. (Deceased) Jacob
150. (Deceased) Big Abigail
151. Big Big Big Big Noah
152. (Deceased) William
153. (Deceased) Anthony
154. (Deceased) Big Big Big Emma
155. (Deceased) Noah
156. (Deceased) Emily
157. (Deceased) Daniel
158. (Deceased) Ethan
159. (Deceased) Abigail
160. Big Big Isabella
161. (Deceased) Big Daniel
162. (Deceased) Jayden
163. (Deceased) Madison
164. (Deceased) Big Big Noah
165. (Deceased) Big Big Big Big Anthony
166. (Deceased) Big Big Big Big Anthony
167. (Deceased) Big Big Michael
168. (Deceased) Aiden
169. (Deceased) Big Noah
170. (Deceased) Jayden
171. (Deceased) Big Big Big Big Mia
172. (Deceased) Noah
173. (Deceased) Ava
174. (Deceased) Aiden
175. (Deceased) Jayden
176. (Deceased) Big Isabella
177. (Deceased) Mia
178. (Deceased) Big Big Big Jayden
179. (Deceased) Olivia

Aquarium #82:
1. (Deceased) Chloe
2. (Deceased) Michael
3. Big Big Ava
4. (Deceased) Abigail
5. (Deceased) Daniel
6. Big Big Big Madison
7. Big Mia
8. (Deceased) Jacob
9. Big Big Jacob
10. (Deceased) William
11. (Deceased) Big Mia
12. (Deceased) Big Jacob
13. Big Big Big Big Madison
14. (Deceased) Chloe
15. (Deceased) Big Noah
16. (Deceased) Ethan
17. (Deceased) Aiden
18. (Deceased) Big Big Big Mia
19. (Deceased) Big Chloe
20. Big Big William
21. (Deceased) Alexander
22. (Deceased) Big Ava
23. Big Big Olivia
24. Big Isabella
25. (Deceased) Noah
26. (Deceased) Big Alexander
27. (Deceased) Aiden
28. (Deceased) Big Jayden
29. (Deceased) Alexander
30. (Deceased) Aiden
31. (Deceased) Madison
32. (Deceased) William
33. (Deceased) Ava
34. (Deceased) Olivia
35. (Deceased) Big Mia
36. (Deceased) Madison

Aquarium #83:
1. (Deceased) Mia
2. Ethan
3. Big Big Chloe
4. (Deceased) Big Ethan
5. (Deceased) Big Big Big Anthony
6. (Deceased) Emma
7. (Deceased) Big Emily
8. (Deceased) Emma
9. (Deceased) Emma
10. (Deceased) Isabella
11. Big Big Ava
12. Big Big Big Isabella
13. (Deceased) Emma
14. (Deceased) Emily
15. (Deceased) Daniel
16. (Deceased) William
17. (Deceased) Big Sophia

Aquarium #84:
1. (Deceased) Big Abigail
2. Big Big Mia
3. (Deceased) Ava
4. (Deceased) Emma
5. (Deceased) Chloe
6. Big Big Ethan
7. Big Big Big Big Big Anthony
8. (Deceased) Big Daniel
9. Big Mia
10. Big Ethan
11. (Deceased) William
12. (Deceased) Abigail
13. (Deceased) Jacob
14. (Deceased) Daniel
15. (Deceased) Aiden
16. Madison
17. Jayden
18. (Deceased) Jacob
19. (Deceased) Anthony
20. Big Isabella
21. (Deceased) Big Big Big Chloe
22. (Deceased) Madison
23. Big Noah
24. (Deceased) Big Ava
25. (Deceased) William
26. (Deceased) Big Big Big Mia
27. (Deceased) Big Madison
28. (Deceased) Emily
29. (Deceased) Aiden
30. (Deceased) Big Jayden
31. (Deceased) Noah
32. (Deceased) Sophia
33. (Deceased) Mia

Aquarium #85:
1. (Deceased) Big Big Abigail
2. (Deceased) Olivia
3. (Deceased) Daniel
4. (Deceased) Madison
5. Big Big Big Big Big Madison
6. Big Big Big Big Big Big Ethan
7. (Deceased) Big Madison
8. (Deceased) Chloe
9. (Deceased) William
10. (Deceased) Emma
11. (Deceased) Alexander
12. (Deceased) Ethan
13. (Deceased) Mia
14. (Deceased) Big Daniel
15. (Deceased) Mia
16. (Deceased) William
17. (Deceased) Big Big Big Big Sophia
18. (Deceased) Ethan
19. (Deceased) Madison
20. (Deceased) Ethan
21. (Deceased) Big Sophia
22. (Deceased) Big Abigail
23. Big Big Big Abigail
24. (Deceased) Jacob
25. (Deceased) Mia
26. (Deceased) Isabella
27. (Deceased) Big Big Big Big Big Big Mia
28. (Deceased) Jacob
29. (Deceased) Chloe
30. (Deceased) Chloe
31. (Deceased) Ethan
32. (Deceased) Ethan
33. (Deceased) Sophia
34. (Deceased) Alexander
35. (Deceased) Big Daniel
36. (Deceased) Mia
37. (Deceased) Isabella
38. (Deceased) Big Big Big Big Sophia
39. (Deceased) Big Big Alexander
40. (Deceased) Mia
41. (Deceased) Big Big Chloe
42. (Deceased) Ava
43. (Deceased) Big Madison
44. (Deceased) Chloe
45. (Deceased) Jayden
46. (Deceased) Mia
47. (Deceased) Abigail
48. (Deceased) Big Madison
49. (Deceased) Chloe
50. (Deceased) Jacob
51. (Deceased) Sophia
52. Big Big Mia
53. (Deceased) Emily
54. (Deceased) Big Big Big Mia
55. (Deceased) Ava
56. (Deceased) Aiden
57. (Deceased) Aiden
58. (Deceased) Jacob
59. Big Daniel
60. (Deceased) William
61. (Deceased) Big William
62. (Deceased) Big Olivia
63. Big Big Big Emily
64. (Deceased) Aiden
65. (Deceased) Anthony
66. (Deceased) Big Ethan
67. Big Big Big Big Big Alexander
68. Big Big Big Big Isabella
69. (Deceased) Alexander
70. (Deceased) Big Ethan
71. (Deceased) Chloe
72. (Deceased) Big Emma
73. (Deceased) Chloe
74. (Deceased) Big Isabella
75. (Deceased) Big Big Mia
76. (Deceased) Mia
77. (Deceased) Anthony
78. (Deceased) Big Sophia
79. (Deceased) Ethan
80. (Deceased) Big Big Big Ethan
81. (Deceased) Big Big Abigail
82. (Deceased) Big Isabella
83. Big Big Big William
84. Big Noah
85. (Deceased) Big Michael
86. (Deceased) Daniel
87. (Deceased) Madison
88. (Deceased) Sophia
89. (Deceased) Big Daniel
90. (Deceased) Big Alexander
91. (Deceased) Big Sophia
92. (Deceased) Jayden

Aquarium #86:
1. (Deceased) Ethan
2. Big Big Big Noah
3. Big Big Aiden
4. (Deceased) Noah
5. (Deceased) Big Ava
6. (Deceased) Big Big Big Abigail
7. Big Big Big Big Big Michael
8. Big Big Big Abigail
9. Emma
10. (Deceased) Big Big Olivia
11. (Deceased) Daniel
12. Big Big Emily
13. (Deceased) William
14. (Deceased) Jayden
15. (Deceased) Anthony
16. (Deceased) Big Sophia
17. (Deceased) Isabella
18. (Deceased) Abigail
19. Big Big Jacob
20. (Deceased) Michael
21. (Deceased) Madison
22. (Deceased) Jayden
23. (Deceased) Abigail
24. Big Big Abigail
25. (Deceased) Mia
26. (Deceased) Anthony
27. (Deceased) Big Sophia
28. (Deceased) Ava
29. (Deceased) Anthony
30. (Deceased) Big Jayden
31. (Deceased) Ethan
32. (Deceased) Big Sophia
33. (Deceased) Chloe
34. (Deceased) Alexander
35. (Deceased) Alexander
36. (Deceased) Chloe
37. (Deceased) Big Aiden
38. (Deceased) Alexander
39. (Deceased) Emma
40. (Deceased) Big Big Chloe
41. Big Big Emma
42. (Deceased) Alexander
43. Big Michael
44. (Deceased) Big Emma
45. (Deceased) Ethan
46. (Deceased) Noah

Aquarium #87:
1. (Deceased) Big Emma
2. (Deceased) Ethan
3. (Deceased) Abigail
4. Big Big Big Madison
5. (Deceased) Madison
6. Alexander
7. (Deceased) Abigail
8. (Deceased) Alexander
9. (Deceased) Aiden
10. (Deceased) Sophia
11. (Deceased) Jayden
12. Big Jacob
13. Big Noah
14. (Deceased) Big Olivia
15. (Deceased) Big Alexander
16. Big Big Big William
17. (Deceased) Mia
18. (Deceased) Ethan
19. (Deceased) Madison
20. (Deceased) Big Big Big Anthony
21. (Deceased) Isabella
22. Big Big Big Big Big Chloe
23. Big Sophia
24. (Deceased) Big Chloe
25. (Deceased) Big Emma
26. (Deceased) Olivia
27. Big Daniel
28. Alexander
29. (Deceased) Emily
30. (Deceased) Ava
31. (Deceased) Anthony
32. (Deceased) Anthony
33. (Deceased) Daniel
34. Big Big Big Emma
35. (Deceased) Noah
36. (Deceased) Big Big Big Noah
37. (Deceased) Michael
38. (Deceased) Michael
39. (Deceased) Big Jayden
40. (Deceased) Big Big Ava
41. (Deceased) Mia
42. (Deceased) Noah
43. (Deceased) Big Big Olivia
44. (Deceased) Alexander
45. (Deceased) Big Madison
46. Big Big Big Big Anthony
47. (Deceased) Olivia
48. (Deceased) Jacob
49. (Deceased) Jacob
50. (Deceased) Big Mia
51. (Deceased) Mia

Aquarium #88:
1. Big Olivia
2. (Deceased) Isabella
3. Big Ethan
4. (Deceased) Alexander
5. (Deceased) Sophia
6. Big Olivia
7. Big Jacob
8. (Deceased) Michael

Aquarium #89:
1. Big Big Isabella
2. (Deceased) Daniel
3. (Deceased) Big Abigail
4. (Deceased) Ava
5. Big Michael
6. (Deceased) Alexander
7. Big Big Isabella
8. (Deceased) Jayden
9. (Deceased) Isabella

Aquarium #90:
1. Alexander
2. Big Big Mia
3. (Deceased) Big William
4. (Deceased) Ava
5. Big Madison
6. (Deceased) Mia
7. Olivia
8. (Deceased) Olivia

Aquarium #91:
1. Ethan

Aquarium #92:
1. (Deceased) Big William
2. Big Big Emma
3. William
4. Big Big Jacob
5. (Deceased) Big Emily
6. (Deceased) Big Emily
7. (Deceased) Emma
8. Madison
9. (Deceased) Sophia
10. (Deceased) Michael
11. (Deceased) Sophia
12. (Deceased) Big Big Madison
13. Big Big Big William
14. (Deceased) Big Mia
15. (Deceased) Emma
16. (Deceased) Abigail
17. Alexander
18. (Deceased) Michael
19. (Deceased) Alexander
20. (Deceased) Chloe
21. Big Big Michael
22. (Deceased) Alexander
23. (Deceased) Madison
24. (Deceased) Emily
25. (Deceased) Big Ava
26. (Deceased) Daniel
27. William
28. (Deceased) Big Chloe
29. (Deceased) Emily
30. (Deceased) Alexander
31. Big Big Big Big Big Ethan
32. (Deceased) Jayden
33. (Deceased) Big Big Big Emily
34. (Deceased) Michael
35. Big Noah
36. (Deceased) Big Sophia
37. (Deceased) Madison

Aquarium #93:
1. Big Mia
2. (Deceased) Aiden
3. (Deceased) Jayden
4. Big Big Big Big Noah
5. (Deceased) Big Alexander
6. (Deceased) Jayden
7. Big Jacob
8. Big Big Big Jacob
9. (Deceased) Aiden
10. (Deceased) Emily
11. (Deceased) Abigail
12. (Deceased) William
13. Big Jacob
14. Big Anthony
15. (Deceased) Olivia
16. (Deceased) Big Mia
17. (Deceased) Emma
18. Big Big William
19. (Deceased) Noah
20. (Deceased) Big Abigail
21. (Deceased) Jayden
22. (Deceased) Abigail
23. (Deceased) Isabella
24. (Deceased) Emily
25. (Deceased) William
26. Big Big Aiden
27. (Deceased) Michael
28. Big Ethan
29. (Deceased) Big Big Ava
30. (Deceased) Alexander
31. (Deceased) Ava
32. (Deceased) Michael
33. Big Big Anthony

Aquarium #94:
1. Ethan
2. Mia
3. Noah
4. (Deceased) Anthony
5. Mia
6. Noah
7. (Deceased) Jacob
8. Daniel
9. Noah
10. Emma
11. Jacob
12. Ethan
13. William
14. Abigail
15. Big Michael
16. Big Emma
17. Jayden
18. Abigail
19. Jacob

Aquarium #95:
1. (Deceased) Ava
2. (Deceased) Ava
3. (Deceased) William
4. Big Michael
5. (Deceased) Olivia
6. Big Big Sophia
7. Jacob
8. Big Daniel

Aquarium #96:
1. (Deceased) Ava
2. (Deceased) Big Abigail
3. Big Michael
4. (Deceased) Ethan
5. (Deceased) Big Jayden
6. (Deceased) Daniel
7. Big Isabella
8. Olivia
9. (Deceased) Sophia
10. (Deceased) Mia
11. Big Big Big Big Isabella
12. (Deceased) Mia
13. (Deceased) Big Michael
14. (Deceased) Jacob
15. (Deceased) Anthony
16. (Deceased) Noah
17. Noah
18. (Deceased) Big Aiden
19. Anthony
20. (Deceased) Big Noah
21. Jayden
22. (Deceased) Emma
23. Big Jayden
24. (Deceased) William
25. Big Ava
26. Emma
27. (Deceased) Emily
28. (Deceased) Big William
29. Big Big Noah
30. Big Big Big Michael
31. (Deceased) Ethan
32. (Deceased) Noah
33. (Deceased) Madison
34. (Deceased) Big Alexander
35. (Deceased) Emily
36. Madison
37. (Deceased) Big Big Big Big Big Michael
38. (Deceased) Sophia
39. Big Big Isabella
40. (Deceased) Olivia
41. Emma
42. Emily
43. Big Emma
44. (Deceased) Alexander
45. (Deceased) Sophia

Aquarium #97:
1. William
2. Abigail

Aquarium #98:
1. Aiden

Aquarium #99:
1. Big Michael
2. (Deceased) Big Abigail
3. (Deceased) Olivia
4. (Deceased) Noah
5. Big Big Big Big Alexander
6. (Deceased) Big Big Noah
7. (Deceased) Alexander
8. (Deceased) Big Olivia
9. (Deceased) Big Sophia
10. (Deceased) Big Big Big Olivia
11. Big Emily
12. Ethan
13. (Deceased) Alexander
14. (Deceased) Aiden
15. (Deceased) Daniel
16. Big Olivia
17. (Deceased) Jacob
18. (Deceased) Daniel
19. (Deceased) Ava
20. (Deceased) Isabella

Aquarium #100:
1. (Deceased) Big Emma
2. (Deceased) Abigail
3. Big Big Madison
4. (Deceased) Big Anthony
5. (Deceased) Emma
6. (Deceased) Alexander
7. (Deceased) Sophia
8. (Deceased) Big Ava
9. (Deceased) Big Sophia
10. Big Big Chloe

Aquarium #101:
1. (Deceased) Big Olivia
2. Big Big Emily
3. (Deceased) Big Isabella
4. (Deceased) Big Big Isabella
5. (Deceased) Abigail
6. (Deceased) Big Sophia
7. (Deceased) Chloe
8. (Deceased) Mia
9. (Deceased) Big Noah
10. (Deceased) Mia
11. (Deceased) Big Olivia
12. (Deceased) Sophia
13. (Deceased) Aiden
14. (Deceased) Olivia
15. (Deceased) Michael
16. (Deceased) Anthony
17. (Deceased) Abigail
18. (Deceased) Big Big Big Noah
19. (Deceased) Big Big William
20. Big Big Jacob
21. (Deceased) Big Big Jacob
22. (Deceased) Ethan
23. (Deceased) Michael
24. (Deceased) Noah
25. (Deceased) Big Big Abigail
26. (Deceased) Big Big Mia
27. (Deceased) William
28. (Deceased) Emma
29. (Deceased) Olivia
30. (Deceased) Jacob
31. (Deceased) Olivia
32. (Deceased) Chloe
33. Big Big Big Big Michael
34. (Deceased) Jacob
35. (Deceased) Chloe
36. (Deceased) Big Big Big Michael
37. (Deceased) Big Mia
38. (Deceased) Anthony
39. Big Big Big Big Big Big Alexander
40. (Deceased) Noah
41. (Deceased) Alexander
42. (Deceased) Olivia
43. (Deceased) Anthony
44. (Deceased) Big Big Emily
45. (Deceased) William
46. (Deceased) Big Big Ava
47. (Deceased) Isabella
48. (Deceased) Aiden
49. Big Big Big Big Big Big Sophia
50. (Deceased) Madison
51. (Deceased) Chloe
52. (Deceased) Big Big Mia
53. (Deceased) Ethan
54. (Deceased) Abigail
55. (Deceased) Jacob
56. (Deceased) William
57. (Deceased) Big Big Chloe
58. (Deceased) Michael
59. (Deceased) Big Anthony
60. (Deceased) Big Big Jacob
61. (Deceased) Jayden
62. (Deceased) Big Madison
63. Big Big William
64. (Deceased) Big Chloe
65. (Deceased) Anthony
66. (Deceased) Big Big Big Anthony
67. (Deceased) Ava
68. Big Big Big Big Olivia
69. Big Big Sophia
70. (Deceased) Daniel
71. (Deceased) Daniel
72. Olivia
73. (Deceased) Madison
74. Big Emily
75. (Deceased) Big Emma
76. (Deceased) Big Big Big Jayden
77. (Deceased) Big Big Daniel
78. (Deceased) Chloe
79. (Deceased) Emma
80. (Deceased) Big Big Ava
81. (Deceased) Ethan
82. (Deceased) Big Alexander
83. (Deceased) Big Big William
84. (Deceased) Anthony
85. (Deceased) Daniel
86. (Deceased) Big Big Olivia
87. (Deceased) Aiden
88. Big Big Sophia
89. (Deceased) Daniel
90. (Deceased) Olivia
91. (Deceased) Big Abigail
92. (Deceased) Noah
93. (Deceased) Madison
94. (Deceased) Big Michael
95. (Deceased) Big Michael
96. (Deceased) Mia
97. Big Big Big Big Chloe
98. (Deceased) Noah
99. (Deceased) Olivia
100. (Deceased) Jayden
101. (Deceased) Big Jacob
102. (Deceased) Big Aiden
103. Big Big Aiden
104. (Deceased) William
105. (Deceased) Olivia
106. (Deceased) Mia

Aquarium #102:
1. (Deceased) Emma
2. (Deceased) Big Anthony
3. (Deceased) Madison
4. (Deceased) Madison
5. (Deceased) Mia
6. (Deceased) Chloe
7. (Deceased) Emily
8. (Deceased) Big Abigail
9. (Deceased) Big Big Big Big Chloe
10. (Deceased) Big Ethan
11. (Deceased) Emily
12. (Deceased) Olivia
13. (Deceased) Jacob
14. (Deceased) Big Big Big Emily
15. (Deceased) Big Big Big Mia
16. (Deceased) Aiden
17. (Deceased) Michael
18. (Deceased) Jayden
19. (Deceased) Jayden
20. (Deceased) Anthony
21. (Deceased) Chloe
22. (Deceased) Madison
23. (Deceased) Aiden
24. (Deceased) Olivia
25. (Deceased) Big Ava
26. (Deceased) Olivia
27. (Deceased) Noah
28. (Deceased) Big Big Big Big Jayden
29. (Deceased) Big Daniel
30. (Deceased) Mia
31. Big Big Big Ava
32. (Deceased) Michael
33. Big Big Big Big Big Big Madison
34. (Deceased) Alexander
35. (Deceased) Big Anthony
36. (Deceased) Big Noah
37. Big Big Big Big Jayden
38. (Deceased) Anthony
39. (Deceased) Mia
40. (Deceased) Abigail
41. Big Big Big Big Jayden
42. (Deceased) Jacob
43. (Deceased) Big Big Emma
44. (Deceased) Big Anthony
45. Big Big Big Emily
46. (Deceased) Aiden
47. (Deceased) Madison
48. (Deceased) Big Michael
49. (Deceased) Big Big Madison
50. (Deceased) Big Big Big Big Ava
51. (Deceased) Isabella
52. (Deceased) Sophia
53. (Deceased) Daniel
54. (Deceased) Aiden
55. Big Big Big Emily
56. (Deceased) Madison
57. (Deceased) Ava
58. (Deceased) Emma
59. (Deceased) Isabella
60. (Deceased) Michael
61. (Deceased) Emma
62. (Deceased) William
63. (Deceased) Noah
64. (Deceased) Big Big Big Aiden
65. (Deceased) Big Emily
66. (Deceased) Big Big Big Ava
67. (Deceased) Big Aiden
68. (Deceased) Isabella
69. (Deceased) Ethan
70. (Deceased) Big Ethan
71. (Deceased) Abigail
72. Big Big Big Big Big Ethan
73. (Deceased) Big Big Abigail
74. (Deceased) Big Big Noah
75. (Deceased) Michael
76. (Deceased) Olivia
77. (Deceased) Big Chloe
78. (Deceased) Michael
79. (Deceased) Big Michael
80. (Deceased) Emma
81. (Deceased) Big Big Chloe
82. Big Jacob
83. (Deceased) Big Daniel
84. (Deceased) Sophia
85. (Deceased) Ava
86. (Deceased) Big William
87. Big Big Michael
88. (Deceased) Jayden
89. (Deceased) Big Big Aiden
90. (Deceased) Big Big Madison
91. (Deceased) Ethan
92. (Deceased) Emily
93. (Deceased) Anthony
94. (Deceased) Chloe

Aquarium #103:
1. (Deceased) Big Abigail
2. (Deceased) Michael
3. (Deceased) Michael
4. (Deceased) Abigail
5. (Deceased) Ava
6. (Deceased) Big Big Big William
7. (Deceased) Big William
8. (Deceased) Jayden
9. (Deceased) Jayden
10. (Deceased) William
11. Big Big Big Big Noah
12. (Deceased) Emily
13. (Deceased) Alexander
14. (Deceased) Mia
15. (Deceased) Isabella
16. (Deceased) Big Mia
17. Big Big Big Big Ava
18. (Deceased) Abigail
19. (Deceased) Daniel
20. (Deceased) William
21. (Deceased) Big Big Big Mia
22. (Deceased) Big Big Big Big Ethan
23. (Deceased) Alexander
24. (Deceased) Big Big Daniel
25. (Deceased) Ethan

Aquarium #104:
1. (Deceased) Big Big Madison
2. (Deceased) Big Michael
3. (Deceased) Big Big Madison
4. (Deceased) Ethan
5. (Deceased) Daniel
6. (Deceased) Daniel
7. (Deceased) Alexander
8. (Deceased) Big Olivia
9. Big Big Big Ava
10. (Deceased) Michael
11. Big Big Big Big Daniel
12. (Deceased) Madison
13. (Deceased) Chloe
14. (Deceased) Michael
15. (Deceased) Olivia
16. (Deceased) Chloe
17. (Deceased) Olivia
18. (Deceased) Sophia
19. (Deceased) Sophia
20. (Deceased) Big Big Emily
21. (Deceased) Emma
22. (Deceased) Sophia
23. (Deceased) Anthony
24. (Deceased) Ethan
25. (Deceased) Big Ava
26. (Deceased) Big Big Chloe
27. (Deceased) William
28. (Deceased) Ava
29. (Deceased) Mia
30. (Deceased) Olivia
31. Anthony
32. (Deceased) Aiden
33. (Deceased) Big Anthony
34. Big Big Ethan
35. (Deceased) Big Michael
36. (Deceased) Big Big Noah
37. (Deceased) Emma
38. (Deceased) Big Noah
39. (Deceased) Big Big Chloe
40. (Deceased) Jayden
41. (Deceased) Alexander
42. (Deceased) Ava
43. Big Madison
44. Big Big Big William
45. (Deceased) Olivia
46. (Deceased) Noah
47. (Deceased) Anthony
48. Big William
49. (Deceased) Big Big Anthony
50. (Deceased) Big Ethan
51. (Deceased) Alexander
52. (Deceased) Abigail
53. (Deceased) Big Big Big Jacob
54. (Deceased) Big Big Michael
55. (Deceased) Emma
56. Big Big Big Jacob
57. (Deceased) Emma
58. (Deceased) Emily
59. (Deceased) Mia
60. (Deceased) Abigail
61. Big Big Big Emily
62. Big Big Anthony
63. (Deceased) Ava
64. (Deceased) Chloe
65. (Deceased) Chloe
66. (Deceased) Ava
67. (Deceased) Chloe
68. (Deceased) Chloe
69. (Deceased) Big Big Noah
70. (Deceased) Sophia
71. (Deceased) Jayden
72. (Deceased) Big Isabella
73. (Deceased) Jacob
74. (Deceased) Olivia
75. (Deceased) Big Jayden
76. (Deceased) Mia
77. (Deceased) Isabella
78. (Deceased) Alexander
79. (Deceased) Isabella
80. (Deceased) Emma
81. (Deceased) Jacob
82. (Deceased) Emily
83. (Deceased) Big Big Jacob
84. (Deceased) Aiden
85. (Deceased) Abigail
86. (Deceased) Olivia
87. (Deceased) Big Big Big Jacob
88. (Deceased) Madison
89. (Deceased) Big Isabella
90. (Deceased) Mia
91. (Deceased) Ava
92. (Deceased) Madison
93. (Deceased) Big Big Big Mia
94. (Deceased) Big William
95. (Deceased) Abigail
96. (Deceased) Big Big Big Big Sophia
97. (Deceased) Isabella
98. Big Big Big Big Big Big Madison
99. (Deceased) Ava
100. (Deceased) Michael
101. (Deceased) Emily
102. (Deceased) Chloe
103. (Deceased) Emily
104. (Deceased) Ava
105. Big Big Madison
106. Big Big Big Big Big Ava
107. (Deceased) Madison
108. (Deceased) Big Big Big Noah
109. Isabella
110. Big Big Big Mia
111. (Deceased) Alexander
112. (Deceased) Alexander
113. (Deceased) Madison
114. Big Big Big Big Big Madison
115. (Deceased) Sophia
116. (Deceased) Big Noah
117. (Deceased) Big Ava
118. (Deceased) Alexander
119. (Deceased) Sophia
120. (Deceased) Alexander
121. Big Big Big Big Big Isabella
122. Big Big Big Big Big Sophia
123. Big Big Big Big Chloe
124. (Deceased) Aiden
125. (Deceased) Emily
126. (Deceased) Noah
127. (Deceased) Big Emily
128. (Deceased) Abigail
129. (Deceased) Big Big Abigail
130. (Deceased) Big Anthony
131. (Deceased) Daniel
132. (Deceased) Big Chloe
133. (Deceased) Noah
134. (Deceased) Big Big Emily
135. (Deceased) Big Big Big Ethan

Aquarium #105:
1. (Deceased) Ethan
2. (Deceased) Chloe
3. (Deceased) William
4. (Deceased) Big Big Aiden
5. (Deceased) Big Mia
6. (Deceased) Jacob
7. (Deceased) Mia
8. (Deceased) Noah
9. (Deceased) Chloe
10. (Deceased) Alexander
11. (Deceased) Sophia
12. (Deceased) Daniel
13. (Deceased) Sophia
14. (Deceased) Big Big Big Big Madison
15. (Deceased) Big Ethan
16. (Deceased) Alexander
17. (Deceased) Big Ava
18. (Deceased) Olivia
19. (Deceased) Ava
20. (Deceased) Anthony
21. (Deceased) Big Big Big Big Isabella
22. (Deceased) Aiden
23. (Deceased) Big Noah
24. (Deceased) Big Big Big Big Big Emily
25. Big Big Big Big Aiden
26. (Deceased) Emma
27. (Deceased) Ethan
28. (Deceased) Alexander
29. Big Big Olivia
30. (Deceased) Big Big Emma
31. (Deceased) Big Emily
32. (Deceased) Mia
33. (Deceased) Jayden
34. (Deceased) Big Big Big Jayden
35. (Deceased) Sophia
36. (Deceased) Big Madison
37. (Deceased) Abigail
38. (Deceased) Abigail
39. (Deceased) Emily
40. (Deceased) Big Big Olivia
41. (Deceased) Big Abigail
42. (Deceased) Big Mia
43. Big Big Big Big Big Isabella
44. (Deceased) Abigail
45. (Deceased) William
46. (Deceased) Big Mia
47. (Deceased) Big Daniel
48. (Deceased) Alexander
49. (Deceased) Madison
50. (Deceased) Aiden
51. (Deceased) Big Big Ava
52. (Deceased) Alexander
53. (Deceased) Jayden
54. (Deceased) Michael
55. (Deceased) Abigail
56. (Deceased) Big Aiden
57. (Deceased) Big Big Big Emma
58. (Deceased) Jacob
59. (Deceased) Aiden
60. (Deceased) Chloe
61. (Deceased) Abigail
62. (Deceased) Big Big Big Emma
63. (Deceased) Big Big Big Big Mia
64. (Deceased) Madison
65. (Deceased) Sophia
66. (Deceased) Big Aiden
67. (Deceased) Big Jacob
68. (Deceased) Big Michael
69. (Deceased) Emily
70. (Deceased) Anthony
71. (Deceased) Madison
72. (Deceased) Michael
73. (Deceased) Daniel
74. (Deceased) Jacob
75. (Deceased) Ethan
76. (Deceased) Mia
77. (Deceased) Ethan
78. (Deceased) Jacob
79. (Deceased) Chloe
80. (Deceased) Aiden
81. (Deceased) Big Alexander
82. (Deceased) Emma
83. (Deceased) Big Ethan
84. Big Big Big Big Alexander
85. (Deceased) Big Anthony
86. (Deceased) Big Michael
87. (Deceased) Chloe
88. (Deceased) William
89. (Deceased) Big Big Big Daniel
90. (Deceased) Chloe
91. (Deceased) Ethan
92. (Deceased) Big Ethan
93. (Deceased) Big Big Big Big Isabella
94. (Deceased) Ethan
95. (Deceased) Abigail
96. (Deceased) Madison
97. (Deceased) Big Olivia
98. Big Big Big Big Big Big Big Big Michael
99. (Deceased) Isabella
100. (Deceased) Anthony
101. (Deceased) Noah
102. Big Big Big Big Daniel
103. (Deceased) Jacob
104. (Deceased) Ethan
105. (Deceased) Jacob
106. (Deceased) Sophia
107. (Deceased) Big Big Isabella
108. (Deceased) Madison
109. (Deceased) Alexander
110. (Deceased) Jayden
111. (Deceased) Big Big Big Abigail
112. (Deceased) Big Big Aiden
113. (Deceased) Aiden
114. (Deceased) Noah
115. Big Big Big Big Big Noah
116. (Deceased) Alexander
117. (Deceased) Big Olivia
118. (Deceased) Noah
119. (Deceased) Noah
120. (Deceased) Noah
121. (Deceased) Big Big Big Big Big Big Big Big Big Olivia
122. (Deceased) Big Big Jacob
123. (Deceased) Big Big Big Big Abigail
124. (Deceased) Jayden
125. (Deceased) Noah
126. (Deceased) Emma
127. Big Big Big Big Big Big Noah
128. (Deceased) Big Big Alexander
129. (Deceased) Abigail
130. (Deceased) Noah
131. (Deceased) Big Alexander
132. (Deceased) Aiden
133. (Deceased) Emily
134. (Deceased) Big Big Olivia
135. (Deceased) Jacob
136. (Deceased) Big Emma
137. (Deceased) Big Emily
138. (Deceased) Big Jayden
139. (Deceased) Big Emma
140. (Deceased) Olivia
141. (Deceased) Ava
142. (Deceased) Madison
143. (Deceased) Michael
144. (Deceased) Jacob
145. (Deceased) Big Big Michael
146. (Deceased) Alexander
147. (Deceased) Michael
148. (Deceased) Big Ava
149. (Deceased) Chloe
150. (Deceased) Big Big Anthony
151. (Deceased) Big Abigail
152. (Deceased) Big Big Big Chloe
153. (Deceased) Michael
154. (Deceased) Anthony
155. (Deceased) Big Big Big Aiden
156. (Deceased) Michael
157. (Deceased) Big Big Noah
158. (Deceased) Big Big William
159. (Deceased) Aiden
160. (Deceased) Big Big Big Big Big Michael
161. (Deceased) Big Daniel

Aquarium #106:
1. (Deceased) Ava
2. (Deceased) Isabella
3. (Deceased) Big Emma
4. (Deceased) Mia
5. (Deceased) Big Abigail
6. (Deceased) Olivia
7. (Deceased) Abigail
8. (Deceased) Big Alexander
9. (Deceased) Madison
10. (Deceased) Big Big Big Michael
11. (Deceased) Sophia
12. (Deceased) Big Ava
13. (Deceased) Jayden
14. (Deceased) Big Sophia
15. (Deceased) Big Big Big Emma
16. (Deceased) Abigail
17. (Deceased) Madison
18. (Deceased) Alexander
19. (Deceased) Big Madison
20. (Deceased) Big Big William
21. (Deceased) Daniel
22. (Deceased) Noah
23. (Deceased) Big Noah
24. (Deceased) Emily
25. Big Big Big Big Big Chloe
26. (Deceased) Big Big Big Big Big Isabella
27. (Deceased) Jayden
28. (Deceased) Big Big Noah
29. (Deceased) Big Big Daniel
30. Big Big Big Big Abigail
31. (Deceased) Mia
32. (Deceased) Ethan
33. (Deceased) William
34. (Deceased) Chloe
35. (Deceased) Olivia
36. (Deceased) Olivia
37. (Deceased) Big Daniel
38. (Deceased) Ava
39. (Deceased) Madison
40. (Deceased) Big Big Big Big Ava
41. (Deceased) Emma
42. (Deceased) Olivia
43. (Deceased) Big Big Chloe
44. (Deceased) Madison
45. (Deceased) Jacob
46. (Deceased) Big Chloe
47. (Deceased) Mia
48. (Deceased) Chloe
49. (Deceased) Big Big Anthony
50. (Deceased) Big Ava
51. (Deceased) Michael
52. (Deceased) Isabella
53. (Deceased) Big Chloe
54. Olivia
55. (Deceased) Big Aiden
56. (Deceased) Sophia
57. (Deceased) Ethan
58. (Deceased) Aiden
59. (Deceased) Chloe
60. (Deceased) Big Big Jacob
61. (Deceased) Big Big Emily
62. Big Big Big Big Big Big Mia
63. (Deceased) William
64. (Deceased) Big Big Anthony
65. (Deceased) Madison
66. (Deceased) Isabella
67. (Deceased) Big Big Isabella
68. (Deceased) Big Big Anthony
69. (Deceased) Alexander
70. Big Big Big Big Big Big Daniel
71. (Deceased) Emily
72. (Deceased) Big Daniel
73. (Deceased) Jacob
74. (Deceased) Abigail

Aquarium #107:
1. (Deceased) Alexander
2. Big Big Big Abigail
3. Big Madison
4. William
5. (Deceased) Abigail
6. (Deceased) Mia
7. Big Anthony
8. Emily
9. (Deceased) Emma
10. Alexander
11. (Deceased) Big Ethan
12. (Deceased) Anthony
13. (Deceased) Ava
14. Big Big Mia
15. (Deceased) Abigail

Aquarium #108:
1. (Deceased) Ethan
2. Big Big Big Big Big Ethan
3. (Deceased) Michael
4. (Deceased) Ethan
5. (Deceased) Emma
6. (Deceased) Abigail
7. (Deceased) Madison
8. (Deceased) William
9. (Deceased) Mia
10. (Deceased) Daniel
11. Abigail
12. (Deceased) Big Isabella
13. (Deceased) Big Big Jayden
14. Big Michael
15. Big Big Big Big Madison
16. (Deceased) Big Big Big Aiden
17. (Deceased) Aiden
18. (Deceased) Big Big Abigail
19. Big Big Big Alexander
20. (Deceased) Mia
21. (Deceased) Big Big Big Ethan
22. (Deceased) Michael
23. Big Big Big Big Ava
24. (Deceased) Michael
25. (Deceased) Jacob
26. (Deceased) Big Big Olivia
27. (Deceased) Emily
28. (Deceased) Alexander
29. (Deceased) Big Alexander
30. (Deceased) Big Big Alexander
31. (Deceased) Michael
32. Anthony
33. (Deceased) William
34. (Deceased) Noah
35. (Deceased) Big Big Anthony
36. (Deceased) Michael
37. Big Big Alexander
38. Big Big Big Aiden
39. (Deceased) Emily
40. (Deceased) Big Big Big Big Big Big Big Big Olivia
41. (Deceased) Big William
42. (Deceased) Madison
43. (Deceased) Jacob
44. (Deceased) Madison
45. (Deceased) Abigail
46. (Deceased) Mia
47. (Deceased) Aiden
48. (Deceased) Ethan
49. (Deceased) Jacob
50. (Deceased) Sophia
51. (Deceased) Noah
52. (Deceased) Big Olivia
53. (Deceased) Big Big Big Big Chloe
54. Big Big Big Big Noah
55. (Deceased) Big Big Madison
56. Big William
57. (Deceased) Sophia
58. (Deceased) Big Olivia
59. (Deceased) Emily
60. Big Emily
61. (Deceased) Olivia
62. (Deceased) Big Ethan
63. (Deceased) Aiden
64. (Deceased) Aiden
65. (Deceased) Emily
66. (Deceased) Michael
67. (Deceased) Big Daniel
68. (Deceased) Emily
69. (Deceased) Jacob
70. (Deceased) Isabella
71. (Deceased) Emily
72. (Deceased) Big Emma
73. (Deceased) Emily
74. (Deceased) Big Big Big Aiden
75. (Deceased) Isabella
76. (Deceased) Big Chloe
77. (Deceased) Big Madison
78. (Deceased) Jacob
79. (Deceased) Big Sophia
80. (Deceased) Big Big Big Big Abigail
81. (Deceased) Big Noah
82. Big Big Big Big William
83. (Deceased) Daniel
84. (Deceased) Olivia
85. (Deceased) Emily
86. (Deceased) Olivia
87. (Deceased) Jacob
88. (Deceased) Big Emily
89. (Deceased) Olivia
90. Anthony
91. (Deceased) Big Alexander
92. (Deceased) Daniel
93. (Deceased) Alexander
94. (Deceased) Big Emily
95. (Deceased) Ethan
96. (Deceased) Noah
97. (Deceased) William
98. (Deceased) Anthony

Aquarium #109:
1. Big Big Anthony
2. (Deceased) Jayden
3. (Deceased) Big Michael
4. Big Big Daniel
5. (Deceased) Ava
6. (Deceased) Madison
7. (Deceased) Abigail
8. (Deceased) Big Jayden
9. Big Isabella
10. Big Noah
11. (Deceased) Chloe
12. (Deceased) Mia
13. Emily
14. Big Big Jayden
15. (Deceased) Daniel
16. (Deceased) Big Madison
17. (Deceased) Michael
18. (Deceased) Aiden
19. William
20. (Deceased) Abigail
21. (Deceased) Isabella
22. (Deceased) Big Big Noah
23. (Deceased) Madison
24. (Deceased) Isabella
25. (Deceased) Big Big Anthony
26. (Deceased) Big Chloe
27. (Deceased) Big Isabella
28. (Deceased) Big Big Ava
29. (Deceased) Mia
30. Big Alexander
31. Big Big Big Sophia
32. Big Alexander
33. (Deceased) Ethan
34. (Deceased) Aiden
35. Big Emma
36. (Deceased) Big Madison
37. Big Sophia
38. (Deceased) Isabella
39. (Deceased) Mia
40. (Deceased) Madison
41. (Deceased) Sophia
42. (Deceased) Emily
43. Big Big Big Big Isabella
44. (Deceased) Big Jacob
45. (Deceased) Big Jacob
46. (Deceased) Big Big Emma
47. (Deceased) Big Big Chloe
48. (Deceased) Big Sophia
49. (Deceased) Olivia
50. Big Big Big Emily
51. (Deceased) Aiden
52. (Deceased) Olivia
53. (Deceased) Chloe
54. (Deceased) Jacob
55. (Deceased) Emily

Aquarium #110:
1. (Deceased) Emily
2. (Deceased) Madison
3. (Deceased) Big Big Aiden
4. (Deceased) Mia
5. (Deceased) Anthony
6. (Deceased) Aiden
7. Michael
8. (Deceased) Big Isabella
9. Big Big Big Big Big Emily
10. (Deceased) Big Emily
11. (Deceased) Big Abigail
12. (Deceased) Big Big Big Sophia
13. (Deceased) Big Big Big Big Emma
14. (Deceased) William
15. (Deceased) Daniel
16. (Deceased) Emma
17. (Deceased) Emily
18. (Deceased) Chloe
19. (Deceased) Aiden
20. (Deceased) Big Big Big Isabella
21. (Deceased) Big Big Aiden
22. Big Big Mia
23. (Deceased) Big Olivia
24. (Deceased) Abigail
25. (Deceased) Michael
26. (Deceased) Olivia
27. (Deceased) Olivia
28. (Deceased) Anthony
29. (Deceased) William
30. Big Big Big Big Big Abigail
31. (Deceased) Ava
32. Big Big Big Big Big Jayden
33. (Deceased) Chloe
34. Big Big Big Big Emily
35. (Deceased) Big Ethan
36. Big William
37. (Deceased) Olivia
38. (Deceased) Big Big Alexander
39. (Deceased) Big Big Jayden
40. (Deceased) Michael
41. (Deceased) Madison
42. (Deceased) Daniel
43. (Deceased) Big Big Mia
44. (Deceased) Big Big Aiden
45. Big Big Abigail
46. (Deceased) Jayden
47. (Deceased) Jacob
48. (Deceased) Big Big Emma
49. (Deceased) Ava
50. (Deceased) Noah
51. (Deceased) Ava
52. Big Olivia
53. (Deceased) Olivia
54. (Deceased) Big Big Olivia
55. (Deceased) Abigail
56. (Deceased) Michael
57. (Deceased) Alexander
58. (Deceased) Ava
59. (Deceased) Big Emma
60. (Deceased) Michael
61. (Deceased) Big Big Big Big William
62. (Deceased) Alexander
63. (Deceased) Abigail
64. (Deceased) Jayden
65. Big Big Big Emily
66. (Deceased) Big Big Big Noah
67. (Deceased) Mia
68. (Deceased) Sophia
69. (Deceased) Big Big Big Ethan
70. (Deceased) Big Big Daniel
71. (Deceased) Isabella
72. (Deceased) Madison
73. (Deceased) William
74. (Deceased) Emily
75. (Deceased) Madison
76. (Deceased) Isabella
77. (Deceased) Big Big Abigail
78. (Deceased) Michael
79. (Deceased) Big Big Big Big Alexander
80. (Deceased) Big Madison
81. (Deceased) Sophia
82. (Deceased) Emily
83. (Deceased) Chloe
84. (Deceased) Anthony
85. (Deceased) Jayden
86. (Deceased) Big Big Michael
87. (Deceased) Big Noah
88. (Deceased) Isabella
89. (Deceased) Big Chloe
90. (Deceased) Big Olivia
91. (Deceased) Daniel
92. (Deceased) Aiden
93. (Deceased) Big Big Big Big William
94. (Deceased) Big Big Big Big Emma
95. (Deceased) Big Big Noah
96. (Deceased) Anthony
97. (Deceased) Big Noah
98. (Deceased) Big Big Anthony
99. (Deceased) Jayden
100. (Deceased) Jacob
101. (Deceased) Abigail
102. (Deceased) Michael
103. (Deceased) Big Big Jacob
104. (Deceased) Michael
105. (Deceased) Big Emily
106. (Deceased) Chloe
107. (Deceased) Abigail
108. (Deceased) Big Ethan
109. (Deceased) Big Big Noah
110. (Deceased) Abigail
111. (Deceased) Alexander
112. (Deceased) Ethan
113. (Deceased) Abigail

Aquarium #111:
1. (Deceased) Noah
2. (Deceased) Isabella
3. (Deceased) Big Abigail
4. (Deceased) Anthony
5. Big Big Big Anthony
6. (Deceased) Anthony
7. (Deceased) Madison
8. (Deceased) Daniel
9. (Deceased) Noah
10. (Deceased) Big Isabella
11. (Deceased) Jayden
12. (Deceased) Big Daniel
13. (Deceased) Ethan
14. (Deceased) Big Big Olivia
15. (Deceased) Mia
16. (Deceased) Big Ava
17. (Deceased) Big Big William
18. (Deceased) Madison
19. (Deceased) Abigail
20. (Deceased) Emma
21. (Deceased) Jayden
22. (Deceased) Madison
23. (Deceased) Big Big Olivia
24. (Deceased) Jayden
25. Michael
26. (Deceased) Michael
27. Big Big Big Big Big Big Olivia
28. (Deceased) Alexander
29. (Deceased) Anthony
30. (Deceased) Big Jayden
31. (Deceased) Emma
32. (Deceased) Big Isabella
33. (Deceased) Jayden
34. (Deceased) Big Big Big Daniel
35. Big Big Emily
36. (Deceased) Chloe
37. (Deceased) Mia
38. (Deceased) Big Olivia
39. (Deceased) Big Big Emma
40. (Deceased) Big Ethan
41. (Deceased) Big Big Daniel
42. (Deceased) Ethan
43. (Deceased) Big Big Big Chloe
44. (Deceased) Noah
45. (Deceased) Big Madison
46. Big Big Big Big Aiden
47. Big Big Big Big Ethan
48. (Deceased) Ava
49. (Deceased) Big William
50. (Deceased) Jayden
51. (Deceased) Big Emily
52. (Deceased) Olivia
53. (Deceased) Jacob
54. Big Big Big Big Daniel
55. (Deceased) Ethan
56. (Deceased) Big Michael
57. (Deceased) Big Big Daniel
58. (Deceased) Big Big Mia
59. (Deceased) Sophia
60. (Deceased) Olivia
61. (Deceased) Emma
62. (Deceased) Emma
63. (Deceased) Olivia
64. (Deceased) Big Emma
65. (Deceased) Mia
66. (Deceased) Jayden
67. (Deceased) Jayden
68. (Deceased) Ethan
69. (Deceased) Big Big Olivia
70. (Deceased) Big Big Abigail
71. (Deceased) Big Big Big Big Big Jayden
72. (Deceased) Big Isabella
73. (Deceased) Chloe
74. (Deceased) Alexander
75. (Deceased) Big Olivia
76. (Deceased) Ethan
77. (Deceased) Mia
78. (Deceased) Big Big Big William
79. (Deceased) Big Big Big Big Jacob
80. (Deceased) Alexander
81. (Deceased) Anthony

Aquarium #112:
1. (Deceased) Olivia
2. Big Anthony

Aquarium #113:
1. Chloe
2. (Deceased) Michael
3. (Deceased) Emma
4. Big Big Michael

Aquarium #114:
1. Chloe
2. Jayden
3. Emma
4. Alexander
5. Ava
6. Abigail
7. Daniel
8. Anthony
9. Daniel
10. Isabella
11. Alexander
12. Anthony
13. Aiden
14. Emily
15. Madison
16. Alexander
17. Olivia
18. Ethan
19. Jayden
20. Isabella
21. Alexander
22. Olivia
23. Olivia
24. Olivia
25. Isabella
26. Jayden
27. Aiden
28. Daniel
29. Abigail
30. Emma
31. Madison
32. Mia
33. Chloe
34. Abigail
35. Ethan
36. William
37. Ava
38. Emily
39. Ava
40. Ethan
41. Isabella
42. Ava
43. Emily
44. Jayden
45. Ava
46. Sophia
47. Jayden
48. Abigail
49. Ethan
50. Ava
51. Emily
52. Madison
53. Jacob
54. Daniel
55. William
56. Ethan
57. Olivia
58. Anthony
59. Mia
60. Sophia
61. Chloe
62. Aiden
63. Emma
64. Daniel
65. Ethan
66. Alexander
67. Aiden
68. Emily
69. Ethan
70. Jayden

Aquarium #115:
1. (Deceased) Emma
2. (Deceased) Big Big Daniel
3. Big Big Big Anthony
4. (Deceased) Big Olivia
5. (Deceased) Big Emily
6. (Deceased) Ethan
7. (Deceased) Isabella
8. (Deceased) Daniel
9. (Deceased) Big Ethan
10. (Deceased) Big Big Alexander
11. (Deceased) Anthony
12. (Deceased) Big Ethan
13. (Deceased) Anthony
14. Big Big Abigail
15. (Deceased) Madison
16. (Deceased) Big Big Ava
17. Big Big Big Ethan
18. (Deceased) Big William
19. (Deceased) Emma
20. (Deceased) Abigail
21. (Deceased) Olivia
22. (Deceased) Madison
23. (Deceased) Big Jayden
24. Big Big Big Emily
25. (Deceased) Noah
26. (Deceased) Noah
27. Big Mia
28. (Deceased) Michael
29. (Deceased) Big Big Anthony
30. (Deceased) Olivia
31. Big Big Big Big Big Ava
32. (Deceased) Ava
33. (Deceased) Noah
34. (Deceased) Ava
35. (Deceased) Big Big Olivia
36. (Deceased) Sophia
37. (Deceased) Anthony
38. (Deceased) Olivia
39. (Deceased) Big Jayden
40. Big Ava
41. (Deceased) Olivia
42. (Deceased) Daniel

Aquarium #116:
1. Big Alexander
2. Chloe
3. Abigail
4. (Deceased) Emily
5. Big Anthony
6. (Deceased) Ava
7. Olivia
8. (Deceased) Alexander
9. Big Isabella

Aquarium #117:
1. Big Big Big Big Big Aiden
2. (Deceased) Isabella
3. (Deceased) Big Alexander
4. (Deceased) Noah
5. (Deceased) Big Abigail
6. (Deceased) Ethan
7. (Deceased) Big Big Jacob
8. (Deceased) Mia
9. (Deceased) Alexander
10. (Deceased) Big Big Alexander
11. Big Olivia
12. (Deceased) Ava
13. Big Big Big Big Madison
14. (Deceased) Jacob
15. (Deceased) Daniel
16. (Deceased) Big Chloe
17. (Deceased) Abigail
18. (Deceased) Big Ava
19. (Deceased) Jacob
20. (Deceased) Chloe
21. (Deceased) Big Emma
22. (Deceased) Olivia

Aquarium #118:
1. (Deceased) Emma
2. (Deceased) Mia
3. (Deceased) Jacob
4. (Deceased) Noah
5. (Deceased) Big Big Noah
6. (Deceased) Madison
7. (Deceased) Big Big Chloe
8. (Deceased) Jayden
9. (Deceased) Ava
10. (Deceased) William
11. (Deceased) Daniel
12. (Deceased) Anthony
13. (Deceased) Alexander
14. (Deceased) Aiden
15. (Deceased) Big Big Jacob
16. (Deceased) Isabella
17. (Deceased) Big Isabella
18. (Deceased) Big Daniel
19. (Deceased) Noah
20. (Deceased) Big Abigail
21. (Deceased) Jayden
22. (Deceased) Ethan
23. (Deceased) Big Anthony
24. (Deceased) Big Emily
25. (Deceased) Big Isabella
26. (Deceased) Daniel
27. (Deceased) Olivia
28. (Deceased) Olivia
29. (Deceased) William
30. Big Chloe
31. (Deceased) Chloe
32. (Deceased) Big Michael
33. Big Big Big Big Big Madison
34. (Deceased) Daniel
35. (Deceased) Abigail
36. (Deceased) Abigail
37. (Deceased) Anthony
38. (Deceased) Big Big Big Big Ava
39. (Deceased) Aiden
40. (Deceased) Big Michael
41. (Deceased) Isabella
42. (Deceased) Abigail
43. (Deceased) Big Big Big Isabella
44. (Deceased) Anthony
45. Big Big Big Big Big Isabella
46. (Deceased) Aiden
47. (Deceased) Big Noah
48. Big Big Daniel
49. (Deceased) Ethan
50. (Deceased) William
51. (Deceased) Big Madison
52. (Deceased) Big Big Big Anthony
53. (Deceased) Big Emma
54. Big Big Big Ava
55. (Deceased) Chloe
56. (Deceased) Chloe
57. Big Big Big Big Big Big Big Anthony
58. (Deceased) Anthony
59. (Deceased) Anthony
60. (Deceased) Anthony
61. (Deceased) Big Chloe
62. (Deceased) Big Big Chloe
63. (Deceased) Ava
64. (Deceased) Isabella
65. (Deceased) Jacob
66. (Deceased) Noah
67. Daniel
68. (Deceased) Big William
69. Big Big Big Big Big Ava
70. (Deceased) Emily
71. (Deceased) Michael
72. (Deceased) Big Jayden
73. (Deceased) Big Big Big Big Anthony
74. Big Big Chloe
75. (Deceased) Big Sophia
76. Big Big Big Big Big Ava
77. (Deceased) Michael
78. (Deceased) Ethan
79. (Deceased) Noah
80. (Deceased) Big Big Big Big Jacob
81. (Deceased) Big Big William
82. Big Big Big Aiden
83. (Deceased) Emma
84. (Deceased) Big Jacob
85. (Deceased) Sophia
86. (Deceased) Ava
87. (Deceased) Emma
88. (Deceased) Isabella
89. (Deceased) Jacob
90. (Deceased) Big Big Emily
91. (Deceased) Mia
92. (Deceased) Michael
93. (Deceased) Daniel
94. (Deceased) Big Abigail
95. (Deceased) Isabella
96. (Deceased) Emma
97. (Deceased) Big Big Jacob
98. (Deceased) Ava
99. Big Big William
100. Daniel
101. (Deceased) Isabella
102. (Deceased) Big Big Big Emma
103. (Deceased) Alexander
104. (Deceased) Big Ava
105. (Deceased) Ethan
106. (Deceased) Big Emily
107. (Deceased) Big Big Isabella
108. (Deceased) Big Jayden
109. (Deceased) Big Big Olivia
110. (Deceased) Big Jayden
111. (Deceased) Big Big Big Big William
112. (Deceased) Abigail
113. (Deceased) Chloe
114. (Deceased) Noah
115. (Deceased) Ava
116. (Deceased) Big Big Daniel
117. (Deceased) Michael
118. (Deceased) Aiden
119. (Deceased) Big Big Anthony
120. (Deceased) Anthony
121. (Deceased) Big Big Sophia
122. (Deceased) Michael
123. (Deceased) Big Ethan
124. (Deceased) Jacob

Aquarium #119:
1. (Deceased) Big Ava
2. Big Big Big Big Big Big Michael
3. (Deceased) Anthony
4. (Deceased) Ethan
5. (Deceased) Madison
6. (Deceased) Michael
7. (Deceased) Chloe
8. (Deceased) Emma
9. (Deceased) Olivia
10. (Deceased) Big Daniel
11. (Deceased) Daniel
12. (Deceased) Big Emily
13. (Deceased) Big Olivia
14. (Deceased) Daniel
15. (Deceased) Big Big Big Big Big Jayden
16. (Deceased) Chloe
17. (Deceased) Big Big Big Big Emily
18. (Deceased) Ethan
19. (Deceased) Big Madison
20. (Deceased) Sophia
21. (Deceased) Emma
22. (Deceased) Big Big Emma
23. (Deceased) Olivia
24. (Deceased) William
25. (Deceased) Noah
26. (Deceased) Big Jayden
27. (Deceased) Big Big Chloe
28. (Deceased) Daniel
29. (Deceased) Olivia
30. (Deceased) Daniel
31. (Deceased) Olivia
32. (Deceased) Olivia
33. (Deceased) Isabella
34. Big Big Big Big Big Big Big Abigail
35. (Deceased) Big Big Big Noah
36. (Deceased) Big Aiden
37. (Deceased) Big Emily
38. (Deceased) Alexander
39. (Deceased) Jacob
40. Big Big Big Emily
41. (Deceased) Big Big Ava
42. (Deceased) Ava
43. (Deceased) Jayden
44. (Deceased) Sophia
45. (Deceased) Daniel

Aquarium #120:
1. Big Ethan
2. (Deceased) Big Big Noah
3. (Deceased) Aiden
4. (Deceased) Anthony
5. Big Big Big Big Emma
6. (Deceased) Mia
7. Big Big Big Big Big Sophia
8. (Deceased) Emma
9. (Deceased) Olivia
10. (Deceased) Big Big Mia
11. (Deceased) Michael
12. Chloe
13. (Deceased) Emily
14. (Deceased) Michael
15. (Deceased) Alexander
16. (Deceased) Big Emma
17. (Deceased) Big Big Big William
18. (Deceased) William
19. (Deceased) Mia
20. (Deceased) Big Jacob
21. (Deceased) Olivia
22. (Deceased) Jayden
23. (Deceased) Daniel
24. (Deceased) Anthony
25. (Deceased) Abigail
26. (Deceased) Anthony
27. (Deceased) Big Emma
28. Big Big Big Big Jayden
29. (Deceased) Jayden
30. (Deceased) Ava
31. Big Madison

Aquarium #121:
1. Big Sophia
2. Big Isabella
3. Isabella
4. Big Isabella
5. (Deceased) Emily
6. Isabella
7. (Deceased) Anthony
8. (Deceased) Isabella
9. (Deceased) Chloe
10. Sophia
11. Isabella
12. Big Olivia
13. Big Ava
14. (Deceased) Olivia
15. Big Alexander
16. Emily
17. (Deceased) Olivia
18. Michael
19. William
20. (Deceased) Alexander
21. Big Michael
22. Big Olivia
23. Big Anthony
24. Isabella
25. (Deceased) Big Madison
26. (Deceased) Olivia
27. (Deceased) Big Daniel
28. Madison
29. (Deceased) Aiden
30. Abigail
31. (Deceased) Jayden
32. (Deceased) Big Olivia
33. (Deceased) Sophia
34. (Deceased) Big William
35. Big Mia
36. (Deceased) William
37. Big Big Ethan
38. Big Emma
39. (Deceased) Emma

Aquarium #122:
1. (Deceased) Olivia
2. (Deceased) Jacob
3. Big Big Big Olivia
4. (Deceased) Aiden

Aquarium #123:
1. (Deceased) Anthony
2. (Deceased) Big Big Big Big Big Anthony
3. (Deceased) Daniel
4. (Deceased) Isabella
5. (Deceased) Big Big Michael
6. (Deceased) Sophia
7. (Deceased) Noah
8. (Deceased) Emma
9. (Deceased) Michael
10. (Deceased) Anthony
11. (Deceased) Ethan
12. (Deceased) Big Big Big Big Sophia
13. Big Big Big Big Emily
14. (Deceased) Big Isabella
15. (Deceased) Big Emma
16. (Deceased) Chloe
17. (Deceased) Sophia
18. (Deceased) Michael
19. (Deceased) Big Emma

Aquarium #124:
1. Big Jacob
2. Isabella
3. (Deceased) Sophia
4. Big Noah
5. Big Ethan
6. Abigail
7. Jacob
8. (Deceased) Jacob
9. (Deceased) Ethan
10. Big Emma
11. Jayden
12. (Deceased) William
13. Mia
14. (Deceased) Isabella
15. (Deceased) Olivia
16. Big Big Michael
17. Ava
18. Big Jacob
19. Mia
20. Big Alexander
21. (Deceased) Big Ava
22. (Deceased) Ava
23. Big Big Noah
24. (Deceased) Jacob
25. Ava
26. Big Ethan
27. Big Big Michael
28. (Deceased) Olivia
29. Sophia
30. (Deceased) Ava
31. Michael
32. Ethan
33. (Deceased) Ethan
34. Big Madison
35. Mia
36. Abigail
37. Mia
38. Big Jayden
39. (Deceased) Chloe
40. (Deceased) Anthony
41. Daniel
42. (Deceased) Daniel
43. Noah
44. William
45. (Deceased) Mia
46. Ava
47. Jacob
48. (Deceased) Alexander
49. Chloe
50. Madison
51. Big Daniel
52. Madison
53. Aiden
54. Big Daniel
55. Aiden
56. Madison
57. Big Emma
58. Big Noah
59. Daniel
60. Isabella
61. Daniel
62. Mia
63. Anthony
64. (Deceased) Chloe
65. (Deceased) Ava
66. Big Abigail
67. (Deceased) Isabella
68. Madison
69. (Deceased) Emily
70. William
71. Isabella
72. Big Ava
73. Isabella
74. Big Anthony
75. (Deceased) Olivia
76. (Deceased) Mia

Aquarium #125:
1. (Deceased) William
2. (Deceased) Daniel
3. (Deceased) Noah
4. (Deceased) Olivia
5. Big Emma
6. (Deceased) Jacob
7. (Deceased) Jayden
8. (Deceased) Sophia
9. Big Big Emily
10. Big Big Isabella
11. (Deceased) Big Big Big Michael
12. Big Olivia
13. (Deceased) Ava
14. Big William
15. Big Ava
16. (Deceased) Mia
17. (Deceased) Abigail
18. Big Aiden
19. (Deceased) Emma
20. Abigail
21. Big Big Mia
22. (Deceased) Big Emma
23. (Deceased) Mia
24. (Deceased) Sophia
25. (Deceased) William
26. Big Big Jacob
27. (Deceased) Jacob

Aquarium #126:
1. (Deceased) Big Big Jayden
2. Big Michael
3. (Deceased) Aiden
4. Big Big Daniel
5. (Deceased) Mia
6. (Deceased) Anthony
7. (Deceased) Jayden
8. (Deceased) Alexander
9. Big Michael
10. (Deceased) Big Anthony

Aquarium #127:
1. (Deceased) Daniel
2. (Deceased) Madison
3. (Deceased) Jayden
4. (Deceased) Big Big William
5. (Deceased) Big Big Big Daniel
6. (Deceased) Big Big Big Ethan
7. (Deceased) Emily
8. (Deceased) Ava
9. Big Big Big Big Big Abigail
10. (Deceased) Jayden
11. (Deceased) Big Emily
12. (Deceased) Big Chloe
13. (Deceased) Isabella
14. (Deceased) William
15. (Deceased) Big Alexander
16. (Deceased) Big Emily
17. (Deceased) Isabella
18. (Deceased) Olivia
19. (Deceased) Sophia
20. (Deceased) Mia
21. (Deceased) Anthony
22. (Deceased) Mia
23. (Deceased) Big Big Abigail
24. (Deceased) Madison
25. (Deceased) Olivia
26. (Deceased) Big Big Big Big Big Sophia
27. (Deceased) Ava
28. (Deceased) Aiden
29. (Deceased) Alexander
30. (Deceased) Big Michael
31. (Deceased) Big Big Michael
32. Big Alexander
33. (Deceased) Jayden
34. (Deceased) Big Jayden
35. (Deceased) Abigail
36. (Deceased) Daniel
37. (Deceased) Chloe
38. (Deceased) Madison
39. (Deceased) Big Big Aiden
40. (Deceased) Emily
41. (Deceased) Olivia
42. (Deceased) Daniel
43. (Deceased) Big Michael
44. (Deceased) Abigail
45. (Deceased) Big William
46. (Deceased) Big William
47. (Deceased) Sophia
48. (Deceased) Big Michael
49. (Deceased) Jacob
50. (Deceased) Sophia
51. (Deceased) Jayden
52. (Deceased) Olivia
53. (Deceased) Ava
54. (Deceased) Big Big Big Big Big Big Sophia
55. (Deceased) Big Big Daniel
56. (Deceased) Big Anthony
57. (Deceased) Mia
58. (Deceased) Michael
59. Big Big Big Big Isabella
60. Big Big Emily
61. (Deceased) Big Anthony
62. (Deceased) Mia
63. (Deceased) Daniel
64. (Deceased) Big Big Olivia
65. (Deceased) William
66. (Deceased) Big Mia
67. (Deceased) William
68. Big Big Big Big Big Big Big Big Olivia
69. (Deceased) Big Madison
70. (Deceased) Big Big Big Anthony
71. (Deceased) Jacob

Aquarium #128:
1. (Deceased) Noah
2. (Deceased) Big Big Big Big Abigail
3. (Deceased) Big Daniel
4. Big Big Big Big Big Aiden
5. (Deceased) Ava
6. (Deceased) William
7. (Deceased) Sophia
8. (Deceased) Mia
9. (Deceased) Big Big Sophia
10. (Deceased) Daniel
11. (Deceased) Ethan
12. (Deceased) Jayden
13. (Deceased) Big Chloe
14. (Deceased) Jacob
15. (Deceased) Big William
16. (Deceased) Jacob
17. (Deceased) William
18. Big Big Big Big Alexander
19. (Deceased) Big Big Noah
20. (Deceased) Big Big Emma
21. (Deceased) Big Michael
22. (Deceased) William
23. (Deceased) William
24. (Deceased) Jayden
25. (Deceased) Michael
26. (Deceased) Madison
27. (Deceased) Big Alexander
28. (Deceased) Daniel
29. (Deceased) Big Jayden
30. (Deceased) Abigail
31. Big Daniel
32. (Deceased) Ethan
33. (Deceased) Big Abigail
34. (Deceased) Big Big Big Big Jayden
35. (Deceased) Sophia
36. (Deceased) Jayden
37. (Deceased) Daniel
38. (Deceased) Jacob
39. (Deceased) Ava
40. (Deceased) Big Big Chloe
41. Big Big Big Big Big Big Olivia
42. (Deceased) Isabella
43. (Deceased) Big Big Big Jayden
44. (Deceased) Big Isabella
45. (Deceased) Big Olivia
46. (Deceased) Sophia
47. (Deceased) Jacob
48. (Deceased) Aiden
49. (Deceased) Big Chloe
50. (Deceased) Big Ava
51. (Deceased) Emily
52. (Deceased) Sophia
53. (Deceased) Emily
54. (Deceased) Noah
55. (Deceased) Emma
56. (Deceased) Jayden
57. (Deceased) Anthony
58. (Deceased) Big Big Big Abigail
59. (Deceased) Michael
60. (Deceased) Alexander
61. (Deceased) Noah
62. (Deceased) Ethan
63. (Deceased) Alexander
64. (Deceased) Big Emily
65. (Deceased) Emma
66. (Deceased) Emma
67. (Deceased) Ava
68. (Deceased) Ava
69. (Deceased) Alexander
70. (Deceased) William
71. (Deceased) Daniel
72. (Deceased) Big Chloe
73. (Deceased) Big Daniel
74. (Deceased) Sophia
75. (Deceased) Big William
76. (Deceased) Big Big Ava
77. (Deceased) Noah
78. (Deceased) Chloe
79. (Deceased) Big Ethan
80. (Deceased) Big Big Big Big Abigail
81. (Deceased) Big Big Big William
82. Big Big Big Big Big Anthony
83. (Deceased) Big William
84. (Deceased) Big Madison
85. (Deceased) Michael
86. (Deceased) Big Big Madison
87. (Deceased) William
88. (Deceased) Big Olivia
89. (Deceased) Noah
90. (Deceased) Ava
91. (Deceased) Big Big Jacob
92. Big Big Big Big Ethan
93. (Deceased) Ethan
94. (Deceased) Big Big Anthony
95. (Deceased) Big Big Ava
96. (Deceased) Jacob
97. (Deceased) Ava
98. (Deceased) Alexander
99. (Deceased) Madison
100. (Deceased) Big Big Big Big Anthony
101. (Deceased) Aiden
102. (Deceased) Jayden
103. (Deceased) Big Big William
104. (Deceased) Big Michael
105. (Deceased) Emma
106. (Deceased) Chloe
107. (Deceased) Mia
108. (Deceased) Ava
109. (Deceased) Big Emma
110. (Deceased) Chloe
111. (Deceased) Big Ava
112. (Deceased) Emily
113. (Deceased) Big Big Big Big Big Mia
114. (Deceased) Sophia
115. (Deceased) William
116. (Deceased) Ava
117. (Deceased) Noah
118. Big Big Big Big Big Big Big Alexander
119. (Deceased) Madison
120. (Deceased) Big Noah
121. (Deceased) Anthony
122. (Deceased) Aiden
123. (Deceased) Ava
124. (Deceased) Big Big Big Big Aiden
125. (Deceased) Aiden
126. (Deceased) Big Big Big Big Chloe
127. (Deceased) Big Big Big Big Sophia
128. (Deceased) Abigail
129. (Deceased) Big Big Emma
130. (Deceased) Big Big Big Big Emma
131. (Deceased) Ava
132. (Deceased) Daniel
133. (Deceased) Big Big Ava
134. (Deceased) Mia
135. (Deceased) William
136. (Deceased) Chloe
137. (Deceased) Big Chloe
138. (Deceased) Ava
139. (Deceased) Big Big Alexander
140. (Deceased) Big Big Big Anthony
141. (Deceased) Alexander
142. (Deceased) Big Big Big Jacob
143. (Deceased) Olivia
144. (Deceased) Big Isabella
145. (Deceased) Big Big Big Big Abigail
146. (Deceased) Chloe
147. (Deceased) Big Big Big William
148. (Deceased) Big Sophia
149. (Deceased) Daniel
150. (Deceased) Big Abigail
151. (Deceased) Anthony

Aquarium #129:
1. Sophia
2. Anthony
3. Sophia
4. Noah
5. Alexander
6. Olivia
7. Olivia
8. Chloe
9. Ethan
10. Isabella
11. Jacob
12. Ethan
13. Abigail
14. Olivia
15. Emily
16. Ethan
17. Noah
18. William
19. Alexander
20. Jayden
21. Ava
22. Noah
23. Ava
24. Jacob
25. William
26. Alexander
27. Daniel
28. Noah
29. Emily
30. Anthony
31. Jayden
32. Ava
33. Chloe

Aquarium #130:
1. (Deceased) Ethan
2. (Deceased) Big Jacob
3. (Deceased) Jayden
4. (Deceased) Big Ava
5. (Deceased) Madison
6. (Deceased) Big Emily
7. Big Daniel
8. Jayden
9. Ethan
10. Big Big Big Abigail
11. (Deceased) Olivia
12. Big Big Big Sophia
13. (Deceased) Michael
14. (Deceased) Anthony
15. Big Michael
16. (Deceased) Alexander
17. Big Sophia
18. (Deceased) Isabella
19. Jayden
20. (Deceased) Mia

Aquarium #131:
1. (Deceased) Abigail
2. (Deceased) Ava
3. (Deceased) Olivia
4. Big Emma
5. Big Daniel
6. (Deceased) Abigail
7. Big Big Jayden

Aquarium #132:
1. (Deceased) Big Big Olivia
2. (Deceased) William
3. (Deceased) Big Isabella
4. (Deceased) Big Big Big Mia
5. (Deceased) Madison
6. (Deceased) Aiden
7. Big Big Big Big Big Big Emma
8. (Deceased) Aiden
9. (Deceased) Big Ava
10. (Deceased) Jayden
11. (Deceased) Emma
12. (Deceased) Isabella
13. (Deceased) Michael
14. (Deceased) Aiden

Aquarium #133:
1. (Deceased) Chloe
2. (Deceased) William
3. (Deceased) Aiden
4. (Deceased) Sophia
5. (Deceased) Olivia
6. (Deceased) Madison
7. (Deceased) Emily
8. Big Big Big Madison
9. Big Big Big Ethan
10. (Deceased) Big Chloe
11. (Deceased) Madison
12. (Deceased) Big Anthony
13. (Deceased) Big Ava
14. (Deceased) Aiden
15. Big Ava
16. (Deceased) William
17. (Deceased) William
18. (Deceased) Big Big Big Big Big Aiden
19. Big Madison
20. (Deceased) Big Jacob
21. (Deceased) Noah
22. (Deceased) Big Noah
23. (Deceased) Big Big Mia
24. (Deceased) Alexander

Aquarium #134:
1. Madison
2. (Deceased) Jacob
3. (Deceased) Madison
4. (Deceased) Abigail
5. (Deceased) Olivia
6. (Deceased) William
7. Big Big Jacob
8. Big Big Big Michael
9. Abigail

