Captain America: I'll take care of Bad Guy 1!

Thor: I shall deal with Batman!

HULK SMASH!

Captain America: I'll take care of all down man!

Thor: I shall deal with Captain UnderPants!

HULK SMASH!

Captain America: I'll take care of NoSpaceManThatIsAMouthfulOfEvil!

Thor: I shall deal with Shortman!

HULK SMASH!

Captain America: I'll take care of B!

Thor: I shall deal with C!

HULK SMASH!

Captain America: I'll take care of Revival Dude!

Thor: I shall deal with Miss Fortune!

HULK SMASH!

Captain America: I'll take care of Essay Man!

Thor: I shall deal with UF Gators!

HULK SMASH!

Captain America: I'll take care of UM Hurricanes!

Thor: I shall deal with Super Soaker Lady!

HULK SMASH!

Captain America: I'll take care of You!

Thor: I shall deal with Him!

HULK SMASH!

Captain America: I'll take care of That guy over there!

Thor: I shall deal with This guy right here!

HULK SMASH!

Captain America: I'll take care of Lindsay Lohan!

Thor: I shall deal with Charlie Sheen!

HULK SMASH!

Captain America: I'll take care of Filibusters!

Thor: I shall deal with Kony!

HULK SMASH!

Captain America: I'll take care of Justin Bieber!

Thor: I shall deal with Hypothetical Microbiological Sciences!

HULK SMASH!

Captain America: I'll take care of Screamo!

Thor: I shall deal with Electro!

HULK SMASH!

Captain America: I'll take care of Professor X!

Thor: I shall deal with you for taking care of Professor X!

HULK SMASH!

Captain America: I'll take care of WEE MAN!

Thor: I shall deal with YES MAN!

HULK SMASH!

Captain America: I'll take care of SOPA!

Thor: I shall deal with Darth Vader!

HULK SMASH!

Captain America: I'll take care of The strikebreaker dude!

Thor: I shall deal with Terrible Girl!

