House #1:
2 2 9

House #2:
1 6 6

House #3:
Contradictory Information

House #4:
Not Enough Information

House #5:
Contradictory Information

House #6:
Contradictory Information

House #7:
1 1 1 1 1 1 1 1 1 1 1 1 1 1 1 1 1 1 1 1 1 1 1 1 1 1 1 1 1 1 1 1 1 1 1 1 1 1 1 1 1 1 1 1 1 1 1 1 1 1 1 1 1 1 1 1 1 1 1 1 1 1 1 1 1 1 1 1 1 1 1 1 1 1 1 1 1 1 1 1 1 1 1 1 1 1 1 1 1 1 1 1 1 1 1 1 1 1 2

House #8:
1 2 3 5 7 11 13 17

House #9:
5 10 20 25 40

House #10:
2 5 8 10 25 50

House #11:
Contradictory Information

House #12:
1

House #13:
1

House #14:
1

House #15:
1

House #16:
1 1

House #17:
1 1 1

House #18:
50 50

House #19:
33 33 33

House #20:
100

House #21:
Contradictory Information

House #22:
2 3 4

House #23:
Contradictory Information

House #24:
2 3 4 5 6

House #25:
Contradictory Information

House #26:
Not Enough Information

House #27:
Contradictory Information

House #28:
Contradictory Information

House #29:
Contradictory Information

House #30:
Contradictory Information

House #31:
2 2 2 2 2 2 2 2 2 2

House #32:
1 2 2 3 4 5 5 5 6

