The end of the world is on 01/01/2001.
The end of the world is on 01/01/0001.
The end of the world is on 01/01/0010.
The end of the world is on 01/01/0100.
The end of the world is on 01/01/1000.
The end of the world is on 10/10/0001.
The end of the world is on 10/10/0010.
The end of the world is on 10/10/0100.
The end of the world is on 10/10/1000.
The end of the world is on 11/11/1111.
The end of the world is on 05/08/1968.
The end of the world is on 12/21/2012.
The end of the world is on 10/04/1582.
The end of the world is on 04/05/1719.
The end of the world is on 12/31/1999.
The end of the world is on 01/01/1999.
The end of the world is on 01/01/0102.
The end of the world is on 10/04/0001.
The end of the world is on 09/20/1001.
The end of the world is on 09/30/1999.
The end of the world is on 06/22/1084.
The end of the world is on 03/07/2002.
The end of the world is on 05/04/2012.
The end of the world is on 24/25/2010.
The end of the world is on 01/01/0009.
The end of the world is on 10/11/1213.
The end of the world is on 10/09/0300.
The end of the world is on 12/13/1797.
The end of the world is on 03/19/0099.
The end of the world is on 09/20/1900.
The end of the world is on 04/09/0001.
The end of the world is on 12/31/1678.
The end of the world is on 08/27/1695.
The end of the world is on 11/17/1432.
The end of the world is on 10/10/1010.
The end of the world is on 05/18/1465.
The end of the world is on 11/11/0001.
The end of the world is on 12/09/1590.
The end of the world is on 02/02/2012.
The end of the world is on 07/10/1004.
The end of the world is on 07/06/1993.
The end of the world is on 09/21/1991.
The end of the world is on 10/11/1819.
The end of the world is on 04/19/1892.
The end of the world is on 07/31/1040.
The end of the world is on 01/01/1005.
The end of the world is on 03/20/1487.
The end of the world is on 05/09/1398.
The end of the world is on 02/15/1830.
The end of the world is on 12/01/1699.
The end of the world is on Y2K.
The end of the world is on Your birthday.
The end of the world is on December 21st, 2012.
The end of the world is on The fifth day of May.
The end of the world is on monday.
The end of the world is on tuesday.
The end of the world is on wednesday.
The end of the world is on thursday.
The end of the world is on friday.
The end of the world is on saturday.
The end of the world is on sunday.
The end of the world is on yesterday?.
The end of the world is on longestcasewithaword.
The end of the world is on s p a c e s a w a y.
The end of the world is on New Year's Day.
The end of the world is on New Year's Eve.
The end of the world is on July Fourth.
The end of the world is on Cinco De Mayo.
The end of the world is on Mardi Gras.
The end of the world is on Flag Day.
The end of the world is on armageddon week.
The end of the world is on my dog's head.
The end of the world is on this day.
The end of the world is on that day.
The end of the world is on yo face.
The end of the world is on Christmas.
The end of the world is on Hanakkuh.
The end of the world is on Passover.
The end of the world is on Easter Sunday.
The end of the world is on Halloween.
The end of the world is on Veteran's Day.
The end of the world is on Valentine's Day.
The end of the world is on St. Patrick's Day.
The end of the world is on Earth Day.
The end of the world is on Father's Day.
The end of the world is on Mother's Day.
The end of the world is on April Fool's Day.
The end of the world is on Memorial Day.
The end of the world is on Winter Solstice.
The end of the world is on Fall Equinox.
The end of the world is on Spring Equinox.
The end of the world is on Summer Solstice.
The end of the world is on 4/20.
The end of the world is on 30 Masore.
The end of the world is on Sixth of June.
The end of the world is on 11/11/11.
The end of the world is on 12/12/12.
The end of the world is on Independence Day.
The end of the world is on The Day of Silence.
The end of the world is on "Opening, day!?".
