Dungeon 1:
E..D.
...*W
.****
.....
*B*.G

Dungeon 2:
******B*********
*S*.W*...*....**
*.*M**.*...**.S*
*.*L**.*********
*..............*
*.*****L******L*
*C*G.....*S....*
**************E*

Dungeon 3:
*****
*****
*BGWE
*****
*****

Dungeon 4:
.....
.....
BGWE.
.....
.....

Dungeon 5:
.*******************
.****.....D..***...E
.****.....**.***...*
.****S....**.***..**
.***********.***.***
.******......***D***
.******.****..L..***
.*.W....********.***
.*......*****.L..***
.*...M..*****.**D***
.*......*****.**.***
.****.*******.**.***
...G*.*****...**.***
.*D**.*****S..**.***
.*....**********.***
.****.**********D***
.****.*****S......**
.*.......**.......**
.*..B....**.....C.**
.*******************

Dungeon 6:
*....M
.G....
..*E..
..B*..
....W.
D....*

Dungeon 7:
...............................................
....................................*******....
.........................................W*....
.......................................****....
..........................................*....
..........................................*....
..........................................*....
......................................*........
......................................*........
......................................*........
.....................................S*........
.................................******........
.........................*******..............E
............................*..................
............................*..................
............................D..................
............................*..................
.........................*******...............
..................*****........................
..................*B..L........................
..................*****........................
......................*........................
......................*........................
......................*........................
...******.................*****.............***
G**......*****......*****.......***.....****...
*.............******................****.......
...............................................
...............................................

Dungeon 8:
*****************
*****************
*****************
*****************
*****************
***B...G.W.....**
**************E**

Dungeon 9:
********************************************************************************
********************************************************************************
****C****C***CCCC***CCCCC*****C****C**C****C**CCC***CCCC***C****C**CCCCC**CCCC**
****C****C**C****C**C*********C***C***CC***C***C***C*******C****C****C***C******
****C****C**C*******CCCC******CCCC****C*C**C***C***C*CCCC**CCCCCC****C****CCCC**
****C****C**c*******C*********C**C****C**C*C***C***C****C**C****C****C********C*
****C****C**C*******C*********C***C***C***CC***C***C****C**C****C****C********C*
*****CCCC****CCCCC**C*********C****C**C****C**CCC***CCCC***C****C****C***CCCCC**
********************************************************************************
********************************************************************************
********************************************************************************
********************************************************************************
********************************************************************************
********************************************************************************
********************************************************************************
********************************************************************************
********************************************************************************
********************************************************************************
********************************************************************************
********************************************************************************
********************************************************************************
********************************************************************************
********************************************************************************
********************************************************************************
********************************************************************************
********************************************************************************
********************************************************************************
********************************************************************************
********************************************************************************
********************************************************************************
********************************************************************************
********************************************************************************
********************************************************************************
********************************************************************************
********************************************************************************
********************************************************************************
********************************************************************************
********************************************************************************
********************************************************************************
********************************************************************************
********************************************************************************
********************************************************************************
********************************************************************************
********************************************************************************
********************************************************************************
********************************************************************************
********************************************************************************
********************************************************************************
********************************************************************************
********************************************************************************
********************************************************************************
********************************************************************************
********************************************************************************
********************************************************************************
********************************************************************************
********************************************************************************
********************************************************************************
********************************************************************************
********************************************************************************
********************************************************************************
********************************************************************************
********************************************************************************
********************************************************************************
********************************************************************************
********************************************************************************
********************************************************************************
********************************************************************************
********************************************************************************
********************************************************************************
********************************************************************************
********************************************************************************
********************************************************************************
********************************************************************************
********************************************************************************
********************************************************************************
********************************************************************************
********************************************************************************
********************************************************************************
*******************************************************************S************
*******.............B.............M.........G....W..............L.......D.....E*

Dungeon 10:
E****
*.***
**.**
***.*
****D
.....
D****
*.***
**.**
***.*
****D
.....
M****
.****
.****
.****
.****
.****
S****
.****
.****
.****
.****
.****
L****
.****
.****
.****
.****
.****
S****
.****
.****
.****
.****
.****
L****
.****
.****
.****
.****
.****
S****
.****
.****
.****
.****
L****
.****
.****
.****
.****
.****
S****
.****
.****
.****
.****
.****
L****
.****
.****
.****
.****
.****
G****
W****
.****
D****
*.***
**.**
***.*
****D
.....
D****
*.***
**.**
***.*
****D
B....

Dungeon 11:
*****************************************.********
W..D************************************.*.*******
.**.***********************************.***.******
.**.**********************************.*****.*****
G.*S*********************************.*******.****
*.*.********************************.........*.***
E.*D*******************************.***.***.***.**
***.******************************.*****.*.*****.*
B..L*****************************.*******.*******.
********************************..................

Dungeon 12:
********************************************************************************
********************************************************************************
**************************.........****************......L.........L...........E
********............L....*..M...**.********C........***********************D****
********...*************.*......**.****************.***********************.****
********...*************.*.W....**.****************.***************............*
********...*************.*********D****************.***************............*
*********B**************..........................L.***************.......SSS..*
**................****************************L********************........SS..*
**................********************G..*****.*********************************
**................********************...*****.*********************************
**................********************.....***.*********************************
**................********************.........*********************************
**................**************************************************************
********************************************************************************

Dungeon 13:
*****.*****
*..*.E.*..*
*.*..G..*.*
**...W...**
*C..D*D..C*
*..*...*..*
*.*..B..*.*
**.......**
*.........*

Dungeon 14:
**********
*B******.E
*.L..*S*.*
*G*......*
******L***
*S......W*
**********

