1000
3587500
2000000000
2000000000
1
4
86688848
275998876
394389700
327757178
496548955
102952500
358860645
51667036
137878344
40404030
150639830
467143176
361941776
515035264
336304896
28830326
176080422
171287000
90556704
596928852
445522140
71266910
597500944
348214850
464195823
278710432
73500594
181262412
427036005
37769680
403047380
99364496
197850560
535453073
419289538
189379320
314810700
109667832
235041726
283911981
241097450
462678678
50764858
91568673
21896510
140151762
366660454
3011821
220519054
37655222
44946811
253441032
22351749
49825000
16753415
192079156
70827904
203841638
75596072
27786720
679020783
77983913
420223440
70852768
12512225
106258992
80921280
375661843
2319492
360002840
137534749
117847224
27705985
15703125
151889497
15818418
172261144
575730414
73573812
36379915
567204909
121087538
380208521
14368680
636001520
25868920
328292453
8198250
50645272
74647804
319948032
151224032
214667345
44083926
71576850
744889639
278435238
74973426
580185672
58053930
400975440
597574943
227170574
73195350
288956290
205900943
256651010
419727098
197312448
566057544
200130
445729052
644375998
289528332
166269480
401597924
643776220
291832335
585882009
92654869
5278000
381510136
234897570
21196215
494220475
378373743
360283474
78016686
81622671
665555683
123607680
399245541
46247140
269427600
3366800
21809484
461506
308432561
502880736
3352536
78151304
395139052
280212740
85683084
2461968
272528502
17710658
2326691
142825071
37038309
33749802
309796256
210560955
433398550
111072612
212841148
393806224
682435200
258578925
25717788
66977430
444779110
207830163
105628120
534659388
19875952
100940272
347042250
317318672
128067771
423841572
3464651
219522730
467340070
7544853
264887128
420446532
241769631
728946155
239907600
19063252
514519187
165969180
53718786
434971525
278249833
115101189
850267008
188870052
472314544
36407750
6809150
613453000
249336188
27015872
364521786
33213180
700644000
142899678
80675028
641804449
115833425
160240743
18887936
13054104
47037623
637882000
110095524
499542083
191817600
224522347
12772470
10072908
160503684
51564234
270634040
604726785
41351446
555700278
62109942
205544798
476737170
183203280
232392335
63780644
201882450
241747611
497919416
298349600
74161584
721013238
510514569
203091217
209229390
16012232
46592658
4472967
57670848
72618504
17666800
42240138
77195805
247325364
17322180
131024215
460097280
13549752
30590652
486123912
197252958
301985668
665983927
457674850
180430730
19572868
239739016
257403500
576045888
430798275
171447739
564971350
25040436
639121694
34082411
16727895
27340320
408206754
12445440
340069712
172418428
276652677
259449974
139027869
47760570
80105200
78080760
98546812
12949500
97063148
362389844
470425512
188031312
325868862
315406032
11938110
8873172
371356274
72881000
160043422
823942080
292763775
367471648
412409673
548886
247312722
3448060
324526464
74855418
363696309
460815720
177025264
636089280
116503332
62518664
28865889
27684735
225034248
108272380
373146690
473903793
117505648
427733880
97754982
210712935
69115926
175303530
323913444
413302800
67469955
20602296
308953376
67637660
713007900
601236160
180014263
781788474
207482385
448517747
159968060
607693339
439550424
66597755
17619882
177350292
10945416
12333265
50405088
28714104
843548860
68326770
224701425
151542944
56658500
128459582
36572306
138998820
449120406
56247370
390780740
196207680
282983910
1193472
270141228
29454318
301900584
407014956
258799134
221437424
47209824
74615775
87147768
96943834
111275472
182932876
560393592
36266400
85340440
22496841
283804472
306958392
200095740
604158496
207360433
428772204
43681010
198877476
185422319
192615630
260974844
66718830
189481204
8045598
212952768
111401001
272511338
24739770
237468096
254578262
658023660
25288298
371948993
132730220
407095416
23205952
347145192
110305525
163573824
246680700
34631100
4248420
518598000
116916992
245813880
269001198
19103553
62010
62863285
250729787
76688194
320024948
107065228
8741973
654945624
126443100
558570869
46617471
7722832
84918786
134716423
467438985
173018964
213929316
328935048
196998399
121903795
214999136
92728708
406276125
11600
245762868
303805554
444946350
508548180
74586701
185347800
11303214
25095315
379300986
399198920
188004481
258983587
155341956
315336983
18504536
185778306
385143528
64256491
279332263
558858663
15637314
77620028
246256855
197250000
46303209
336948539
113142726
508181784
46853190
179292360
9784350
55645290
755155950
108623760
319818252
228414812
30109134
269092290
56130456
96367746
227427714
225965578
245151928
159334119
277662550
555514480
151802280
8222445
106978508
25055901
112781340
326965065
9461683
688064000
275259153
419279840
152041982
193272265
82055568
68837834
95928309
480401691
126503178
499641461
135911968
1386655509
1601048854
1828675014
1544449524
1650601689
1775697429
1894892568
1258791846
1935516933
1933864884
1719021138
1738610925
1707760168
1925270324
1382433204
1127865075
1959755400
1284295329
1580368231
1924536970
1779059286
1888135574
1740879158
1823846124
1716715169
1956943494
1902898383
1232640619
1384630330
1297626945
1845022480
1809841707
1756964486
1796105465
1748290020
1239902371
1083335046
1385668505
1587626331
1851884384
1761843152
1522153506
1944479418
1806489312
1843413796
1699432092
1702979877
1332595333
1762680664
1384644325
1972781144
1416341943
1025062530
1910986236
1524345966
1925914815
1064758876
1712161102
1228889494
1874537414
1977635717
1656777309
1584783897
1024645130
1721953938
1934093018
1845509764
1659188528
1914893577
1860276504
1622677951
1612099720
1896110640
1512897381
1576843564
1851464800
1777133703
1437356481
1666346300
1332208500
1660942302
1713432092
1351766163
1912294919
1759238724
1413060483
1119271066
1661276691
1405788886
1716738606
1147349641
1498561060
1972398168
1759286686
1935543109
1665879528
1671811749
1012806207
1428105733
1402972768
1831142346
1190204563
1818316008
1227848375
1214375967
1165215401
1961011687
1897964528
1041475609
1261191642
1863804018
1987649280
1154931016
1898478033
1936582881
1425434714
1974384782
1162529123
1669921061
1920949608
1685276670
1970391827
1247141537
1859075784
1658978584
1998438475
1387694978
1621045716
1617166794
1154033222
1643767887
1954169746
1739924811
1871373118
1963435590
1725639138
1446145036
1309930115
1015078910
1726671012
1517787613
1950656312
1038247655
1504805860
1951354584
1219260062
1214647958
1910065340
1609764582
1724941080
1966557264
1827608454
1845852018
1284989563
1993087528
1315164122
1963630080
1322300588
1913496136
1240650905
1904612634
1611653271
1655269832
1990967649
1905490289
1715790126
1870300268
1815669636
1964998770
1616493602
1477972585
1985575060
1356880158
1426957207
1391843437
1838552569
1265569810
1882019448
1474230178
1349429308
1521519849
1725271740
1526622270
1534394058
1350835002
1525256608
1875339440
1634363896
1436201430
1816738743
1723821972
1428483002
1602132788
1164125401
1297931452
1734829701
1712467436
1934466689
1931338874
1813170449
1741366764
1451051396
1695021774
1590259191
1446669200
1957647528
1910824356
1922894326
1958659845
1627316128
1919260022
1582851634
1985448744
1035816136
1980039751
1607348236
1826597364
1354851996
1429971902
1770654336
1992803292
1559120528
1905392175
1856605860
1353368975
1924747203
1400831618
1685526163
1960545134
1990253965
1888922304
1939838691
1893328430
1995583110
1378456896
1079787717
1923038202
1724869686
1498508605
1619982186
1589550881
1333529716
1005945336
1652950535
1735362393
1756167414
1839054283
1965441954
1014048150
1629288072
1770121120
1787607060
1832673460
1981435876
1743047034
1430030827
1503587338
1839943464
1872371709
1450515626
1179285503
1833000580
1366224908
1968477000
1403291096
1734085832
1471178392
1191566377
1831229029
1266564644
1176059737
1972716854
1386901424
1843649466
1673837234
1936178248
1853891192
1702107706
1688260460
1977911004
1949461992
1947231272
1781295326
1972981066
1782465172
1693199257
1630169576
1916931728
1644396344
1415195835
1894586463
1884414469
1009189704
1960033608
1426577565
1920264587
1957394186
1236500369
1989292480
1111998265
