Comment thread #1:
   Never gonna give you up
   All your base are belong to us

Comment thread #2:
   No memes detected! Let intellectual discourse continue!

Comment thread #3:
   simple meme is simple

Comment thread #4:
   lol wut

Comment thread #5:
   so i herd u liek mudkipz

Comment thread #6:
   wry

Comment thread #7:
   OM NoM
   OM Nom NOM
   om NOM NOM NOM NOM
   OM NOM NOM NOM NOM NOM NOM NOM

Comment thread #8:
   No memes detected! Let intellectual discourse continue!

Comment thread #9:
   baaw

Comment thread #10:
   moar
   oh noes
   aaaabbbbccccddddeeeeffffgggghhhhiiiijjjjkkkkllllmm
   aaa bbb ccc ddd eee fff ggg hhh iii jjj kkk lll mm

Comment thread #11:
   No memes detected! Let intellectual discourse continue!

Comment thread #12:
   do u liek mudkipz
   it is a series of tubes
   desu desu desu desu desu
   line cat
   and from seeing quite a few shops in my time
   wry
   vespene gas
   pics or it didnt happen
   we require additional pylons
   splongcat
   OM NOM NOM NOM NOM NOM

Comment thread #13:
   this is a story all about how
   Its over nine thousand
   OM NOM NOM NOM NOM NOM NOM NOM NOM NOM
   all your base are belong to us
   a winrar is you
   i dont beleive it
   I can tell because some of the pixels
   millhouse is not a meme is not a meme
   do a barrel roll
   desu
   internet hate machine
   its a lion get in the car
   Imma chargin mah lazer
   battletoads

Comment thread #14:
   internets
   posting in an epic thread
   epic fail guy
   it is a series of tubes
   desu desu
   za warudo
   itty bitty baby
   desu desu desu desu desu
   desu desu desu desu desu desu desu desu

Comment thread #15:
   internets
   line cat
   I am in your base killing your doods
   this looks shopped
   put shoe on head
   vespene gas
   habeeb it
   oh exploitable
   OM NOM NOM NOM NOM NOM NOM NOM
   we require additional pylons
   an hero

Comment thread #16:
   moar
   fail
   I for one welcome our new overlords
   I think Halo is a pretty cool guy

Comment thread #17:
   this is sparta
   OM NOM NOM NOM NOM NOM NOM NOM NOM NOM
   relevant to my interests
   I for one welcome our new overlords
   Combo breaker
   o rly
   an hero
   and from seeing quite a few shops in my time
   wry
   desu desu desu desu desu desu
   fgsfds
   OM NOM NOM NOM NOM NOM NOM NOM NOM
   itty bitty boat

Comment thread #18:
   divide by zero
   i accidently ninety three megabytes of rar files
   what should I do is this dangerous
   a winrar is you
   i dont beleive it
   o rly
   an hero
   internets
   why so serious
   moar
   and from seeing quite a few shops in my time
   desu desu desu desu desu desu

Comment thread #19:
   i accidently ninety three megabytes of rar files

Comment thread #20:
   this is a story all about how
   kill it with fire
   I am in your base killing your doods
   desu desu
   OM NOM NOM NOM NOM NOM NOM NOM NOM NOM
   OM NOM NOM
   speedy cat
   I can tell because some of the pixels
   an hero
   link mah boi
   internets
   za warudo
   OM NOM NOM NOM NOM NOM NOM NOM NOM
   Imma chargin mah lazer

Comment thread #21:
   oh exploitable
   what should I do is this dangerous

Comment thread #22:
   this is a story all about how
   epic fail
   put shoe on head
   what should I do is this dangerous
   Combo breaker
   line cat
   internet hate machine
   needs moar desu
   OM NOM NOM NOM NOM NOM NOM

Comment thread #23:
   this is a story all about how
   put shoe on head
   and from seeing quite a few shops in my time
   OM NOM NOM NOM NOM NOM NOM NOM NOM NOM
   i accidently ninety three megabytes of rar files
   OM NOM NOM NOM NOM
   i has a shuvel
   OM NOM NOM NOM NOM NOM
   an hero

Comment thread #24:
   eh kills aleins and doesnt afraid of anything
   ceiling cat
   falcon punch
   what should I do is this dangerous
   a winrar is you
   I can tell because some of the pixels
   an hero
   is it can be hugs tiem now plees
   internets
   OM NOM NOM NOM
   line cat
   desu desu desu desu desu desu
   pics or it didnt happen
   OM NOM NOM NOM NOM
   OM NOM NOM NOM NOM NOM NOM NOM NOM

Comment thread #25:
   kill it with fire
   relevant to my interests
   pools closed
   falcon punch
   a winner is you
   all your base are belong to us
   what should I do is this dangerous
   desu desu desu desu desu
   moar
   posting in an epic thread
   facepalm
   do a barrel roll
   longcat
   internet hate machine
   we require additional pylons

Comment thread #26:
   desu desu
   I for one welcome our new overlords
   its a lion get in the car
   OM NOM NOM
   desu desu desu desu
   i has a shuvel
   itty bitty boat

Comment thread #27:
   and from seeing quite a few shops in my time
   pools closed
   itty bitty baby
   a winrar is you
   this is madness
   an hero

Comment thread #28:
   posting in an epic thread
   I for one welcome our new overlords
   red sauce on pasta
   we require additional pylons
   i has a shuvel
   desu desu desu desu desu
   do not want
   OM NOM

Comment thread #29:
   epic fail
   put shoe on head
   habeeb it
   divide by zero
   falcon punch
   OM NOM NOM NOM NOM NOM NOM NOM
   this is madness
   link mah boi
   millhouse is not a meme is not a meme
   facepalm
   epic fail guy
   goodnight sweet prince
   itty bitty baby
   battletoads

Comment thread #30:
   kill it with fire
   habeeb it
   ceiling cat
   i accidently ninety three megabytes of rar files
   speedy cat
   desu desu desu desu desu
   I can tell because some of the pixels
   facepalm
   Imma chargin mah lazer
   desu desu desu desu desu desu desu
   itty bitty boat

Comment thread #31:
   No memes detected! Let intellectual discourse continue!

Comment thread #32:
   why so serious
   Its over nine thousand

Comment thread #33:
   Its over nine thousand
   i dont beleive it
   is it can be hugs tiem now plees
   epic fail guy

Comment thread #34:
   desu desu
   put shoe on head

Comment thread #35:
   epic fail
   I can tell because some of the pixels

Comment thread #36:
   habeeb it
   oh exploitable
   OM NOM NOM
   I think Halo is a pretty cool guy
   how do I shot web

Comment thread #37:
   No memes detected! Let intellectual discourse continue!

Comment thread #38:
   a winrar is you
   battletoads
   desu desu desu desu

Comment thread #39:
   epic fail guy
   divide by zero
   oh exploitable

Comment thread #40:
   a winrar is you
   line cat
   fail
   OM NOM NOM NOM NOM
   battletoads

Comment thread #41:
   a winrar is you
   desu desu desu desu desu desu desu desu
   you are doing it wrong
   longcat
   needs moar desu
   we require additional pylons

Comment thread #42:
   desu
   pic unrelated
   OM NOM NOM NOM NOM NOM NOM

Comment thread #43:
   this is sparta
   you are doing it wrong
   OM NOM NOM
   OM NOM NOM NOM NOM NOM NOM

Comment thread #44:
   put shoe on head
   desu desu desu desu desu desu

Comment thread #45:
   epic fail guy
   relevant to my interests
   internet hate machine
   desu desu desu desu desu desu desu desu

Comment thread #46:
   and from seeing quite a few shops in my time
   internet hate machine
   OM NOM NOM NOM NOM NOM NOM NOM NOM

Comment thread #47:
   line cat
   desu desu desu desu

Comment thread #48:
   millhouse is not a meme is not a meme
   OM NOM NOM NOM NOM NOM NOM NOM NOM
   battletoads
   we require additional pylons

Comment thread #49:
   shoop da whoop

Comment thread #50:
   desu desu
   fail
   divide by zero
   I think Halo is a pretty cool guy
   this is madness
   OM NOM

Comment thread #51:
   xxxyqzxxx

Comment thread #52:
   xxxyqzxxx

Comment thread #53:
   No memes detected! Let intellectual discourse continue!

Comment thread #54:
   No memes detected! Let intellectual discourse continue!

Comment thread #55:
   xxxyqzxxx

Comment thread #56:
   xxxyqzxxx

Comment thread #57:
   No memes detected! Let intellectual discourse continue!

Comment thread #58:
   No memes detected! Let intellectual discourse continue!

Comment thread #59:
   xxxyqzxxx

Comment thread #60:
   xxxyqzxxx

Comment thread #61:
   xxxyqzxxx

Comment thread #62:
   No memes detected! Let intellectual discourse continue!

Comment thread #63:
   No memes detected! Let intellectual discourse continue!

Comment thread #64:
   xxxyqzxxx

Comment thread #65:
   No memes detected! Let intellectual discourse continue!

Comment thread #66:
   No memes detected! Let intellectual discourse continue!

Comment thread #67:
   xxxyqzxxx

Comment thread #68:
   xxxyqzxxx

Comment thread #69:
   listless

Comment thread #70:
   listless

Comment thread #71:
   listless

Comment thread #72:
   No memes detected! Let intellectual discourse continue!

Comment thread #73:
   No memes detected! Let intellectual discourse continue!

Comment thread #74:
   No memes detected! Let intellectual discourse continue!

Comment thread #75:
   bbbbb

Comment thread #76:
   bbbbb

Comment thread #77:
   bbbbb

Comment thread #78:
   abcxa abcxb abcxc abcxd abcxe abcxz

Comment thread #79:
   abcxa abcxb abcxc abcxd abcxe abcxz

Comment thread #80:
   abcxa abcxb abcxc abcxd abcxe abcxz

Comment thread #81:
   abcxa abcxb abcxc abcxd abcxe abcxz

Comment thread #82:
   No memes detected! Let intellectual discourse continue!

Comment thread #83:
   a b c d e f g h i j k l m n o p q r s t u v w x y

