Game #1:
1
4
1

Game #2:
9

Game #3:
1
2
2
4
5
6
1
1
3
4
5
0
2
3
4
0
1
2
1
2
1

Game #4:
0
0

Game #5:
0
666666666

Game #6:
400000000
28337
246194
44158
27037
5340
104143
24755
25514
134364
61334
204177
49244
122376
17163
19861
3303
213684
41475
42527
55594
200740
37015
188147
5029
74291
124688
14618
45973
245695
22266
66954
30183
292637
16811
184471
31607
17930
29534
69759
240909
34902
6749
186107
32154
169222
47541
10369
192296
138401
131327
211912
136383
323412
80950
130353
4611
198361
4338
111246
133638
152604
60081
30202
198905
135682
68849
167891
100557
204257
144802
125132
162577
51776
124387
87582
13333
183248
91781
39647
16247
17718
178610
4859
1856
60662
777
175180
35523
27973
126683
201996
322021
20322
25686
184416
47163
125825
3605
139931
190296
117297
654
53820
15595
256309
314
73208
247858
12182
176074
156986
93286
167402
150540
115020
251677
276228
3054
1431
32512
53831
65052
21288
120760
9976
1184
66132
108076
61059
86728
79819
94166
106034
5340
19852
80209
13687
158167
56260
90567
157387
209777
175652
126388
165632
44325
270133
2198
53650
14259
12213
3224
30589
100098
115555
108646
18944
119145
106627
5359
229522
247615
51094
21212
4350
17526
72596
4115
24628
109335
203083
145228
229138
91522
9144
163642
18443
24397
283899
60857
21726
45456
2674
13325
205154
29259
573
40893
11173
27731
69438
100954
203575
109074
131527
167924
14008
177753
48757
182263
158666
139516
128424
2171
84340
158041
90157
31576
223903
136790
162034
211555
29730
18522
156120
39215
85748
138970
23853
112187
174849
1690
155229
31965
48650
45902
133372
92763
84158
74352
51676
70410
92160
45945
216839
101483
11376
77273
89093
29028
3647
96780
66368
5221
12715
104109
132524
127580
1468
127379
57360
42508
12512
28893
1367
393949
3755
48828
117729
170419
175342
1260
111203
57845
3800
65370
169698
254210
25989
71462
64622
203270
105427
34664
26609
263641
61738
202199
72028
70
14217
83342
131809
46653
80017
133972
20270
65088
3630
168284
61139
135234
14038
268876
189426
56820
212997
912
7296
64040
3173
153333
27890
1771
176290
127930
160929
206895
302614
112692
190619
177684
177009
121709
173788
123735
181001
95472
204357
303163
59838
80886
208121
90067
28610
172321
45652
22307
29524
184041
24736
51224
144039
154052
206689
18368
27018
38730
133701
32119
150799
50217
192334
65065
63312
222361
2415
18532
100973
243916
237645
4373
101633
18967
39502
5838
5735
132817
51326
33228
169259
5185
71504
186894
31662
43847
35902
73777
2245
124381
100273
5876
266448
48442
228802
154725
68882
48733
2706
13910
48299
64376
153153
257367
171826
118115
17737
255430
142274
72749
32723
236588
13408
156662
82328
15487
55623
35729
74574
245560
154548
16857
78484
72070
173556
22876
51061
87730
263817
8737
251683
199175
50885
22794
214294
30121
52258
25034
146738
129809
117026
32007
91500
131668
295047
135263
71631
1600
134810
14387
229903
26346
44403
136672
76968
83850
28110
108032
79736
155240
119295
37048
99656
39213
233779
155359
121853
45443
136210
89108
201945
21313
78365
10987
14729
12210
37519
141113
54134
57080
63653
20080
125928
206394
14325
81035
222493
8709
18127
175118
189457
42953
201512
142770
37339
126468
28897
62829
11903
138521
10417
249963
106637
19640
26865
52260
17252
55118
24737
135083
2335
131403
57154
70559
246417
57935
43824
51018
182257
4993
58128
121788
209875
288610
33137
25000
223295
204832
97705
372487
145350
152252
163136
234016
4560
139470
84933
97331
327396
30118
201477
90541
220705
18754
179572
219503
139527
44726
345986
7822
68568
34078
4599
116872
106083
60656
21495
112908
38953
30866
57817
382102
181031
21626
36541
124420
66449
146363
44724
189587
57371
105437
19717
348121
23048
30014
34292
628
150435
88699
111372
63798
83970
188268
62000
7736
16228
32788
152427
71081
9377
28716
38013
49545
84283
3600
14507
4534
114909
144027
257406
139740
149122
298491
265870
72530
288582
353928
17403
147424
32700
85174
139962
8852
73770
316755
256793
105696
209321
312253
15223
99952
150545
60790
9270
186065
110632
26136
93819
61577
115579
3804
19854
67241
111317
17743
497
75283
56462
291347
155719
255053
3339
47552
120194
117785
213227
266285
19269
49784
277176
79307
34899
152915
11875
1031
74193
99640
353980
70379
92727
81429
62072
87007
78717
155691
44834
1197
151577
214677
74426
63010
288835
34181
27223
64424
19949
151163
115375
76723
49133
152137
79775
69851
31712
42495
150728
46822
42491
18588
262715
2564
125107
207469
82429
234174
124578
51771
31705
154146
87164
3896
68276
108540
7362
30735
8474
44034
266855
4904
3504
136809
225666
127679
232538
251551
18
129827
108765
49937
205909
218383
73870
146917
301527
75745
7450
344268
247319
210708
75961
31892
7123
63198
37376
43138
202529
32208
307165
351504
172530
185678
49628
124442
9566
21504
238282
183713
62227
19703
114075
44182
31193
21621
193725
332869
2687
41161
146421
27614
63401
11171
157494
50568
198380
70850
198140
266956
117656
20817
139679
45661
145690
7204
98248
324664
174012
127746
227501
27594
97816
196136
341669
254397
246005
208145
64747
168184
39613
9465
114093
169160
156565
4996
164270
46989
13724
122507
95365
3935
5116
13220
105462
21309
47628
111015
16618
46856
104114
285472
193509
671
27825
28417
96819
49217
23426
94110
43317
249648
49699
159434
76329
267228
7658
34599
28699
159123
31896
329411
10413
247634
207164
118092
141294
120551
62796
40422
2181
148469
3918
119805
66616
1607
6373
25046
29376
99070
120260
303637
30410
125239
131451
170763
48783
181904
87673
24527
68956
66357
33981
4283
259016
18865
49225
286607
150616
11257
146021
160170
52542
129647
102510
98817
2057
14708
231358
278112
150444
197614
61569
230998
338353
221225
98625
75629
28266
46336
128478
37026
1317
76794
72847
103207
147030
8380
122978
105746
1958
161278
48514
136608
154839
158293
68847
4761
75558
344743
12372
23382
37013
60903
126961
297971
47775
12550
352985
115758
107966
67704
111377
110816
204191
33844
273758
189645
150895
30869
109878
18700
92308
84281
69317
66179
44326
77713
158642
6331
34537
184649
1376
167068
40013
3746
10799
183714
18353
86879
6548
114412
82543
61428
43035
7626
232796
107179
56524
92688
96447
228452
216954
98680
19755
235574
63706
127266
308634
286666
160268
42536
676
25339
1300
133185
67532
10344
77198
216765
68054
45553
85726
17382
9963
77073
131002
130897
31660
1562
75027
1238
47915
13020
169766
11249
6210
60734
74283
99193
1888
19239
48349
57285
22581
17799
83501
83192
313729
121714
241932
193453
223533
21243
138007
20519
174962
150260
227158
89085
263140
133860
36693
8034
145244
131771
74588
65603
40569
63758
72034
93617
158383
112730
35304
1019
167682
185574
15766
1381
183871
46828
5313
40298
169684
34222
129455
67277
47466
168926
86771
27859
142933
249572
42329
160566
76060
9746
149223
98226
39710
127941
115328
88630
201496
76185
1065
15665
3310
56004
126937
185863
45454
23845
342935
135810
267687
210311
28530
125012
74295
50482
2422
207378
191877
33176
3991
33650
56225
15736
2077
16403
112741
28697
67324
126945
89195
6983
5059
15002
123741
9771
55753
87941
136942
277756
8187
172625
275684
63145
100280
304
47061
23979
247827
12073
185040
231935
21393
60330
124083
3142
209949
226052
78154
235203
222387
112775
20222
54969
157629
2478
155611
194896
209646
53964
137386
135480
33716
235022
101585
182619
94419
71467
16857
83188
15321
7366
138027
70042
3639
11169
173171
15540
50977
271479
77101
51153
228154
3125
32051
344575
3220
61923
120870
105971
8870
3303
10345
74752
75921
799
38441
84128
25189
15028
195722
1873
10124
227545
35555
270866
82733
10740
179370
13234
53204
67520
148964
8976
10965
230267
20459
336444
32239
8447
22983
236431
21113
93284
77722
6370
158772
143831
2849
8129
89305
138651
94056
11208
18354
32407
3533
105382
23414
1588
129297
329373
190830
216274
56735
305416
65656
46292
220367
249455
127543
51867
188880
127388
166768
83927
15859
187996
3826
15811
135892
129130
189947
32379
16897
122069
11701
96018
19000
2762
66361
5423
5004
35574
57365
177590
27615
40831
135801
44023
90644
219711
82105
122487
10029
133926
194213
77653
69931
213707
206965
99216
254750
8470
4631
136929
16445
172571
62839
55084
64559
231558
79302
11360
251531
31575
130866
57320
18006
115540
16719
188219
77304
54353
64444
113703
56847
297652
80630
54284
188438
3842
20834
72600
6648
1635
32287
21573
148355
154099
129405
81813
89853
13833
13018
160329
126869
13047
37142
280444
46222
237225
111248
344927
76798
95709
128759
12250
53278
156834
197042
49383
202070
77607
16567
89339
10007
142905
4825
297989
9390
10314
21196
160896
131347
36692
36941
97823
45404
44512
45160
149352
21211
62799
97369
58914
18541
11357
243026
108821
44373
64033
93705
145968
71296
230680
77782
313697
208192
86872
170569
267080
63931
164590
135034
3155
651
17079
165690
52024
72666
268238
1576
249359
2171
295552
324828
11180
151939
43865
121920
540
14940
34444
202481
372857
19565
248821
216633
40065
105843
15143
20718
224548
314080
132381
98934
15024
234162
33910
6396
5212
223280
71791
6528
167422
53760
14610
161056
21786
195
64784
137637
14029
2213
15575
132354
106462
248987
26143
310003
14604
23082
9792
283339
177089
100961
120511
196930
3006
305970
83719
126747
189298
86768
13256
289549
173099
180106
257084
48172
33571
231023
12013
53352
236167
68999
4879
12917
908
83515
211294
100262
76850
78567
97995
129134
47933
74237
11461
17394
159385
46429
99
256691
280328
59368
195187
44309
57254
31122
23066
161256
81328
218809
136674
74940
198831
269347
267490
135302
190452
43638
1358
30271
45723
124196
159176
115575
32768
76941
176364
16539
99652
130670
52020
23779
347748
87708
386839
11765
117919
12109
1088
11719
147268
81438
315486
2942
33759
198414
86692
383609
90198
232056
93939
4583
1576
147558
66184
94686
49452
217489
117115
168994
74181
215897
58916
5503
169345
143311
2982
25730
2503
11118
259371
16890
262715
160356
42024
10478
50248
143005
160571
42441
36505
4840
60805
25987
129039
95613
234198
275916
230167
112102
21663
69199
50012
17269
203088
105352
12870
285052
98403
209027
6196
239802
22336
78769
178302
4225
2792
6269
132176
289241
71255
40432
361178
34321
21798
64452
58217
44524
262684
70153
64183
2684
95742
51181
92986
1255
81485
36807
44764
175272
104340
104077
290898
41056
41073
118279
105176
12512
232327
235782
268500
11726
165880
74057
6119
172664
264326
2305
4060
116944
26867
151718
75256
23388
23132
142326
70695
37046
54816
19312
79903
105568
2711
20114
5444
10086
16310
48223
250750
126880
108369
119833
39479
180969
242546
100281
60165
114153
25690
32407
112949
101583
31840
220781
9729
88722
155209
61199
172664
37317
176390
189468
92349
18239
22837
88618
184391
85149
252499
199281
1654
6197
60346
25886
87514
235453
17195
87088
148312
32371
1227
245550
112721
66068
166202
60290
29540
83195
101935
20507
56371
12290
65264
215263
177629
145048
48662
79387
4694
259084
105609
40578
257770
9918
266301
206351
102801
246131
123938
201246
39378
288804
8948
76006
41077
23922
214715
230719
27517
47598
124357
67914
23723
53555
259808
15388
97553
76799
276348
39486
13193
245920
129348
24522
174187
13252
50526
252446
146059
175405
42842
120204
9240
165719
24063
97196
9911
64361
113582
139903
6894
115972
100703
78033
17695
172672
13203
26037
82009
18533
126641
185253
175939
13544
11539
116739
164381
63542
106002
104353
45237
77066
95126
145032
21844
61946
7610
224363
115991
100000
49739
113827
161316
1577
281069
1421
8568
15773
50179
54333
13923
71692
49391
250535
30749
79262
148107
183938
56791
129785
157108
51353
128426
176270
261487
149920
291107
191905
13745
250779
28331
101171
74924
130840
177565
285273
345498
81352
83321
74621
50069
164594
76301
24668
149770
4647
42762
13305
86694
9752
45702
163019
9318
294836
210481
149222
1790
138063
20818
145164
66644
158540
76820
103871
149836
23114
326081
207637
23442
39039
226584
209320
65973
265528
6705
92387
39468
10996
22860
198047
25869
43819
49373
20422
148707
23505
267006
154272
22
115039
25789
181247
81948
152340
111403
82143
370374
61804
49432
21728
12793
38156
275754
125770
43517
2225
19210
17401
183964
282970
13808
192800
35073
6298
61415
244922
21033
132276
33787
61424
225066
4007
72371
116822
16371
13903
21525
78576
10234
26279
274565
160544
250283
4806
178355
305819
31360
36950
73303
3577
70118
86573
42915
36268
102516
52229
30322
1801
1471
13712
21993
252188
74442
75666
107308
283915
10304
70023
7554
28348
1205
5398
885
60837
2997
8455
259599
159750
58939
201852
82160
78790
42472
150413
39586
156433
23346
112537
211761
71814
235940
79660
88054
89749
1066
1951
29522
50351
35139
119768
57047
599
124892
106681
57600
228874
196426
184165
89048
193154
92789
41007
69280
96648
64732
69908
27039
21381
88980
55120
10228
14859
186137
6955
134579
924
255750
7667
75340
135498
192796
156546
249293
251729
24554
75913
164911
71994
222580
38942
151593
111393
149740
158084
33075
297287
318915
199726
8160
44743
51291
145771
327576
19644
59423
239373
84093
103142
108448
66285
59735
17066
265713
41860
115095
15996
27132
106181
223073
69146
895
154055
48715
55940
26336
221975
10625
136067
207
92591
100025
18938
71262
79106
28487
40036
3061
130163
126959
34185
172249
9473
111216
107586
65366
146097
307802
33824
617
41069
32040
154316
113447
42966
78163
100601
38002
10091
330207
15192
222075
13410
2453
38150
103173
131141
3601
341666
152403
211878
32188
50236
307135
22344
88250
28401
208271
18955
84179
104504
69028
93038
11183
108810
101796
59123
222234
189244
70223
191844
32303
30192
35785
57493
23658
152876
18837
31653
52265
139951
10101
126803
244752
228366
121089
24234
4848
60368
44917
29926
212438
212059
285530
66977
31063
375500
185547
357726
190951
34592
147631
50843
114254
45216
59436
10228
277628
208759
205869
18183
59151
48277
213190
40627
312191
16812
130615
30092
309357
44540
3402
205339
50875
183370
72630
35512
60772
235993
38105
68349
78010
143555
208894
383
26011
156609
174
60460
207741
85010
111083
27466
189301
6929
14188
101038
42043
21609
31318
34004
54756
2557
22025
81613
254203
187236
4217
10236
15176
4342
115179
17903
9803
11516
18809
30768
185814
4343
304057
269153
171892
74809
18456
57811
227469
91456
112780
5185
71367
210352
2003
121324
91111
36187
51921
64648
20951
4391
42719
18257
106163
149419
245100
49189
90460
21043
59046
40650
74504
165077
350380
63877
29950
383854
245838
152382
54761
16996
159697
56337
238986
150695
12641
332207
55319
191103
7315
23110
45037
298333
25137
12278
145679
291627
146220
167546
10140
189399
13753
7482
257728
62513
224443
49609
53525
151989
51608
29311
174589
262812
5226
81705
6776
1741
168068
201694
31440
313007
24803
124638
71177
40378
40160
49891
225233
165313
235145
270700
18155
62387
11582
84900
236852
112663
64773
354489
22532
89544
2058
121237
32820
121102
266368
38116
366626
108683
147512
656
72347
61218
74347
80045
21002
205914
153044
108326
6634
37813
34828
34530
7509
14350
134015
193734
58572
98229
6838
8387
155177
33139
90244
207252
17796
75669
2796
167927
22791
47603
190187
181140
80844
265288
96643
39217
276629
57866
35198
156344
236313
10796
172129
19757
23314
31711
19649
100676
3756
6235
108398
156348
90012
154719
161497
31728
6022
167385
53993
58174
69693
122695
36797
323294
117169
9569
50032
961
16711
18886
137699
97558
18284
126587
212101
3961
145854
8371
107117
132368
48112
62498
164524
16878
85510
118424
272815
186629
40446
120248
246499
35103
123313
24631
47733
71219
27561
47882
14686
97366
83855
39766
236183
337458
28030
40128
12604
93934
2198
141510
315070
35080
84120
195239
29913
301325
82185
130587
27491
314510
4242
80588
17399
5551
15989
139994
931
102046
73632
67215
229353
124368
79793
114564
20305
151014
13151
57008
92258
174046
248858
9427
69528
16798
187629
85543
221471
130088
197124
70766
242940
56311
1734
161417
119
48346
190994
61146
20848
10308
91098
2901
57879
224280
143484
199843
86957
20926
2492
150625
93092
23715
28165
109390
11719
94851
109760
89076
254578
129713
10260
29810
173151
227265
46175
123320
23646
225347
7345
171169
200821
2416
14787
1949
126407
79571
130588
28836
130403
90479
59349
272819
186414
44018
38369
218936
201450
275766
28890
6385
86989
74731
42260
122726
71273
117664
69265
79952
234631
219130
40500
303584
110573
50999
35255
42527
269604
340856
154854
58394
18215
266302
58665
146490
69621
1319
31163
119026
18708
276608
751
4913
147480
8447
67366
46375
74746
134280
38375
20322
109296
125973
33042
99088
19445
5806
333932
28724
111241
185038
187551
158515
81948
43827
16981
54403
97975
2170
3723
40841
17511
39399
67900
69388
155366
30448
38293
115127
163174
238454
71326
27832
59114
12848
78206
139139
39647
175519
7786
26647
6469
61778
9605
205938
242644
19608
639
86797
46951
207254
152407
57167
9848
172265
63056
12572
174813
231023
50624
79602
34777
281303
29806
201619
102553
1308
60499
36619
83198
11520
195961
75921
112627
12839
38294
82570
17296
32803
209794
165047
8392
163818
86978
268146
80069
58460
81976
29010
83578
44273
887
9372
14654
260740
2771
138333
7299
145248
93428
111690
147241
282279
166657
17339
89344
88271
7435
121555
41149
254442
32663
36406
21410
76298
52226
209507
82935
174
13932
189868
95744
245144
92999
174120
3401
9355
4605
29672
103999
281104
57043
37117
62093
107954
12911
29579
2901
18805
1161
21266
102513
74281
121220
6189
238076
37621
52049
20740
31216
38833
148458
210525
130336
17053
791
25368
110520
1723
210941
16402
27606
5760
370179
71245
40357
47370
2232
35195
134571
334606
32137
35388
21728
165995
23680
11072
173203
41759
7747
280045
88369
58724
26448
102830
37497
66781
1701
109859
4455
108080
73866
133765
96173
91476
93876
30735
72817
308133
62966
41699
195735
17624
69431
128719
135303
177739
20067
39194
23696
46098
239247
217122
126732
178141
4444
61946
32942
244192
22513
9918
52009
239301
28104
20205
9294
6499
3796
31364
276094
15951
135227
33624
108801
84367
85264
155596
15463
200120
345937
68998
18689
26519
210329
147
224805
381049
243120
7806
111882
214682
196114
268594
97443
236
188084
173430
19180
60325
225282
3561
20263
64649
65782
17588
70501
232068
169277
28347
448
932
125587
254758
293859
133898
29289
125613
1461
41130
32256
44713
140831
54673
121585
93586
236613
84904
9203
8677
12702
100238
237633
196037
32150
41
172164
3898
443
225458
71544
67953
81647
196295
106961
64756
269998
96121
238684
183102
153552
185
155616
180901
7281
50860
131710
96621
98902
39038
130046
13384
62782
287941
63926
18031
98358
25125
2874
169032
66546
26252
98477
196416
21272
86533
47578
26264
112852
299196
189543
62384
302602
90158
62203
155720
263843
3388
14299
267242
6469
20212
19571
3207
73653
32
47234
25068
144713
152353
84390
74455
241821
76300
19569
7380
263844
194946
14999
204844
129396
86201
26153
72661
100824
31700
51468
61716
13651
89053
66259
29277
58844
1622
16813
80262
58263
38508
89531
92992
71131
74565
23522
119478
7452
68411
218927
892
169860
229665
10285
201878
58722
141428
193144
284083
143040
10462
15906
6893
7742
72804
231
127242
60148
51604
62138
94278
173274
126317
5121
167548
121844
200933
71243
115753
35817
182343
142585
108729
65646
94533
195973
254905
92567
61294
135187
152525
114774
221743
76100
84810
173077
523
59138
93911
201712
71034
107591
1280
2483
9113
33776
57115
87152
137495
38420
227836
14323
144224
127690
88491
25014
191304
51565
9092
15508
71708
345622
8852
8286
65640
30654
6357
46094
325529
284894
134354
9339
45220
8962
42140
315587
116804
23530
169681
30936
118380
141420
62465
213174
180609
98479
132378
226149
54448
42785
58864
195786
60644
147097
142586
311677
94821
99347
108190
2116
62200
25232
103439
4749
98781
1741
180449
282938
144443
148290
78829
90923
258858
13619
125041
85938
8012
88500
75048
2520
163848
88202
318184
46990
125892
19973
40314
293283
13997
60774
88502
42612
234979
6636
106158
88400
32087
182185
8747
284219
249743
12796
206433
79776
50010
1560
106316
198517
26317
93392
147999
140358
96668
24302
154272
61782
117276
11171
16313
73805
101044
123703
45299
46529
88455
113963
148798
187027
17660
200370
36207
257021
10175
69694
30037
14471
62011
5885
218779
78627
155324
45103
1617
62409
228649
79973
95017
18312
234586
38798
363808
31839
92411
84929
7389
79665
66397
93942
103601
66864
167127
4237
7253
394973
270452
56614
34696
246993
185091
377628
20070
21167
188874
47703
32398
286609
5892
8355
80122
95253
131763
96096
101552
44617
15914
109850
28342
780
81298
33019
142199
91466
22359
135481
9133
31407
19089
85004
91854
12856
88123
33898
33453
14734
2272
125678
149357
11447
281224
55425
55390
114004
145889
33
66030
63484
8614
17278
35441
12280
144258
26911
17609
123185
73247
199419
72047
87019
127767
35909
211673
362025
3566
160290
300580
125663
47518
32458
21642
27653
55734
77616
18942
95063
307606
290485
293468
44467
125162
85836
3048
104828
137328
95643
91438
14339
108835
16799
1215
41920
4854
66722
73123
27277
3050
31107
100015
91501
6973
136588
2315
100004
158668
210925
128770
333
132995
42254
148241
266379
7209
93713
74730
47937
120557
161799
51162
97750
289825
100409
55443
73079
25808
109801
81909
114503
179034
87367
9055
104338
166256
67597
169813
10275
77584
5497
123067
24185
127651
263692
38636
95363
172697
15557
123552
25687
88231
195249
106218
9056
100231
66651
119848
97984
91168
166031
134862
125101
42394
107784
143183
44832
16910
14955
238591
104042
141832
211635
66796
209443
359300
375890
114876
103809
135237
7278
196339
61588
100704
7796
9971
308875
45419
36552
90456
27840
78945
174819
29029
247529
32584
25651
80179
20646
5019
117963
16274
58524
32918
2669
658
124713
54422
57463
24459
17726
71029
147299
141856
65108
64396
145919
85932
6355
129209
16354
100281
194640
230359
40849
14301
52361
252120
174621
7419
26152
18428
110239
5253
115981
55830
66246
28807
115393
149715
21343
43839
18708
2894
51607
59075
215243
14653
26017
46673
54522
22484
101990
234082
5085
35583
32000
132934
14568
20405
11469
36008
113560
258946
101616
14861
187390
181391
3086
86765
44844
346091
35792
10468
16075
257941
80862
52422
56743
12880
169410
1942
108320
17286
65728
222024
267072
317499
197384
36709
9390
35295
4734
3810
130838
97699
173998
141054
205159
138227
81302
113298
292657
161967
30034
33580
33298
124510
32705
14589
25464
133899
56484
5923
87653
62653
233614
609
6684
27206
95900
259861
128399
72128
202986
13453
6749
182153
49166
14738
39320
35940
116850
62599
48726
78250
105967
58238
60722
181459
371884
236607
183143
150379
129893
37410
302295
270948
17981
112786
668
10536
193366
124113
129900
37833
55097
83107
3247
100173
163301
235580
75998
120762
3309
143024
286633
57228
98833
137043
80572
185261
181700
85993
37886
139428
75369
270154
75241
116680
24495
9188
123059
219983
261987
8664
45580
107222
49513
120249
5075
80209
286915
123120
103773
67222
43318
40383
101010
12435
30776
263331
219640
68631
144348
34446
153918
72817
46355
301597
1690
77454
11518
105678
196349
217616
198954
37881
5766
317361
80029
103704
53545
89958
159796
137427
90839
219255
116344
74101
5852
163559
16667
8344
34387
54780
14281
79535
5422
37370
270546
41460
58378
79713
220624
25004
159597
23062
5291
56681
13955
71467
353273
7386
122889
620
1366
265907
165177
63268
4081
86336
12068
180743
53766
22824
1823
29143
95392
27452
32485
9319
69357
113120
377251
340283
5948
32143
5338
3718
388427
130512
305412
139039
17809
798
229093
133403
39471
212018
252747
102898
42260
227921
171
41858
226272
180558
112482
153400
36945
84191
96943
54332
128540
54273
980
183462
93346
95131
23790
123727
95643
14664
134738
109328
2292
141339
275353
43455
21787
85309
1127
19893
7767
20743
86562
109601
13799
35623
104212
250040
263719
23638
46523
121960
99848
38406
17310
35458
288493
73492
190122
16222
74605
41317
4087
234942
192289
73992
109529
152112
312565
80812
123525
283545
28541
108108
193357
168207
82503
1880
65814
300123
31196
39124
152524
4327
3880
65688
248457
3410
227440
82731
33356
7587
156893
66184
18816
1471
201160
244111
110518
64441
59226
131474
75977
274303
256488
218567
55115
86933
38266
184796
88990
114479
117355
2906
30668
19977
8740
82170
54618
78939
18992
282091
123533
103108
64128
173216
44766
170777
22550
163110
4809
345726
9435
32321
150055
184715
129
118805
24388
59400
16408
156186
60024
197168
70316
102816
45797
142036
80541
1555
201397
61488
19797
9977
161030
285144
2856
4779
264991
37031
25059
34742
118225
72779
138985
90611
42719
69249
109183
58650
87420
260021
145011
31014
35109
9998
2105
43168
51515
9809
258607
161398
71915
35274
85844
319988
5843
178431
276835
11624
5841
26494
188475
148823
41884
225236
8850
266957
158519
62777
44306
86064
33761
29124
40413
48265
231340
144237
121181
26728
25512
198630
237049
172698
125726
33282
138710
186615
17270
14229
15942
11536
98613
44543
208640
23645
56590
38834
190650
282172
44358
40162
270024
42501
50074
137248
231989
60732
187779
110594
41920
89863
69530
66492
16525
157198
36595
18170
526
46432
83461
160453
100817
50026
78704
130761
152346
177004
63964
132698
101983
340933
196082
30157
144317
184079
158712
148186
67629
85330
33589
346512
160262
70774
64797
312462
16894
42865
89376
45568
219768
64813
52168
61928
132051
227572
221881
62513
77009
74077
10047
17898
2253
126376
141352
18255
104032
16676
75549
35196
349176
90994
251842
261685
162066
50829
178637
111350
129567
26274
46439
103623
52035
73200
65707
63467
83723
21197
194249
31963
55672
78900
38054
30498
5153
127979
21985
19711
1527
29283
18619
241082
93851
64354
13579
166796
40862
151403
9374
198468
145174
65780
268512
5373
226750
43276
51319
225204
9839
29096
6090
283998
243133
57949
131398
53733
29970
4559
30424
16896
2667
7140
259524
166474
300067
138770
75517
94300
1182
89365
94704
62036
2542
99225
20781
37694
57109
82407
258553
300133
21411
68660
117644
11666
228589
333628
19273
49955
282870
26957
171530
99350
74231
142954
10755
198806
216639
43981
60081
448
193598
264005
6483
280605
71160
74632
127849
55786
9984
144695
221856
243849
227263
230097
12098
73696
335747
14359
121542
64911
31554
84948
4748
12594
155605
56520
303494
183674
148920
77500
17405
13104
78974
314310
20609
123430
81156
77525
45945
1268
270493
72449
94088
30974
58585
38054
111167
76228
40110
12647
59358
13218
119148
56004
49882
5009
167410
279295
49614
325847
144966
121455
113183
5400
125259
88081
10508
23605
193839
16586
32590
149602
166265
204202
275132
34236
175596
294286
43944
51859
178108
382008
7675
109498
245648
24466
179755
171224
98363
156152
59594
70610
278
158440
60720
50299
165141
5264
29819
2546
172854
90238
42229
45764
123613
8682
1907
17472
180875
68508
14602
61719
118958
84142
55341
91340
85925
74842
287135
165925
28381
107175
5121
24003
268479
252285
29797
108011
26042
155099
191971
274922
160384
114077
153495
17796
62743
30215
61043
87766
235036
60673
11959
91212
28700
87836
225080
29741
207103
122491
15482
47008
5272
81201
33742
2656
123672
121773
62730
70729
122548
122347
63931
1013
19278
344437
24065
9947
106937
282969
145713
28208
112002
54778
94307
33681
37395
5312
109815
165070
20536
15670
38984
6849
13092
151703
139967
1807
261395
98230
3455
172592
164124
11663
91083
20422
64562
10969
1228
6056
33736
54036
4152
40324
19360
30617
15040
289641
26603
62423
161053
58498
8874
13439
208909
96165
10759
200648
354602
7397
178679
142723
52368
53593
119593
59967
138110
131848
279199
104243
22452
187140
8674
153542
82123
147292
8977
86700
25819
213179
58190
207754
15936
18717
218
285146
38257
209508
153400
3497
328536
225421
27280
171891
25793
128465
29497
122964
316544
39550
25530
87311
264330
37831
3419
132124
207443
193534
1801
269275
104151
192051
129418
6876
254605
14814
81756
336
6431
85980
174648
109766
58221
56033
57807
3248
140124
143764
33920
81690
75884
64428
324892
41039
279197
295333
122801
67314
55416
65347
7976
16073
20537
72755
137440
92356
76048
54279
4857
155856
2475
86625
340559
320288
89080
122648
21129
27863
255116
106438
162570
118619
142400
164356
250735
224900
74742
9181
74432
9680
142563
80820
173993
176884
222727
91460
250236
14762
119217
94574
25244
30145
138173
234658
73097
67363
11647
252679
209267
43643
46044
16947
67901
99378
74950
7603
237729
27841
192436
2641
65731
37119
154863
55709
193539
87817
215144
3531
39640
315194
19932
11671
215403
29996
106524
83135
314239
261396
124822
238313
23792
175995
44585
64180
92835
27293
40666
55744
305619
60094
1639
6302
41029
124619
115422
131093
335805
117684
158030
53195
14524
35577
14603
225548
119093
155183
236163
7775
103071
38601
345930
51113
19133
29391
78756
122044
222290
55562
10514
27775
887
3880
3108
108907
33149
2755
269541
94168
204663
26712
152822
1375
85146
45528
94738
232444
126006
92433
792
271165
23284
43342
51602
115877
55151
108432
126433
179807
40783
91947
28546
111771
113156
12417
47160
7249
48658
124269
97745
134588
20009
77784
8410
169873
121710
295698
190561
333383
17836
3360
93497
217186
31192
11742
130075
180240
102419
133228
13707
244685
74429
44078
2916
118605
94626
113941
55963
318688
291850
178059
262502
3556
18329
160021
44962
108991
8377
97308
330537
67547
84102
122115
62974
24246
4999
160819
19844
19844
39045
10257
100391
65931
22585
120470
70795
64019
347440
74998
19948
28986
25150
257154
15712
20626
52201
205372
218267
27811
208351
187751
4672
308394
4890
1149
113419
298059
53093
166374
81294
33187
249939
99540
70263
11302
141712
18280
81443
77
39491
282698
39036
34415
45607
131210
152732
31325
322446
227293
50879
218864
174375
28679
131018
39239
180854
377637
51733
169104
119358
260749
50846
65495
80714
27098
6264
308874
77386
12787
134050
15584
208105
44578
78774
46470
52293
14427
4186
19580
84830
78757
40075
43072
178534
63585
311184
163440
112930
201810
302730
9544
38554
342861
74726
324355
99353
83682
30553
157459
144638
218869
128152
223558
41959
18119
64936
36276
4810
25291
18268
44244
260260
266616
59636
28525
175837
54652
34561
161996
2989
63950
31952
55877
175381
154551
27333
233182
33625
8252
98759
29057
65262
23722
225188
102902
17166
90580
15658
7694
72237
1318
335174
155058
41741
36578
242829
165056
212424
10806
178431
20793
5339
147117
73345
140565
94880
239949
64864
4761
179801
62560
21750
63269
199746
91982
43996
54601
219255
81761
82749
130554
23830
1067
51747
57738
14109
18481
33076
144672
22739
3914
21276
283389
47971
184024
148772
231808
178791
36849
112446
12907
107919
60730
100880
81683
116879
23488
170640
141198
16774
14040
124111
187496
15446
100287
50822
50424
123851
85793
92213
38562
305774
151833
73094
47377
318521
6124
41464
62719
29413
279743
134598
58117
150191
36895
13
70994
64977
846
119027
104999
77711
208707
216660
8209
162171
177975
37306
128379
222773
1931
23367
93946
17100
6671
73407
74120
497
91663
30066
5790
146964
30196
79803
215765
194979
29239
60222
43035
48719
10017
28243
198165
9998
117686
65425
127791
19267
53167
112124
86611
123020
241383
6917
49071
6966
118441
23170
8970
85750
49869
184058
193818
20328
173532
37519
47831
32416
189295
280120
162797
85606
53807
32376
92732
338434
128122
154913
92575
188023
36549
232851
275801
156178
2552
75570
37635
118310
353757
218656
182
14757
30124
113985
227462
114225
170188
1548
364573
10330
8961
7320
159868
197687
41038
265601
116666
13534
4043
155038
53221
36368
47457
69767
42941
138549
1745
169707
62717
255583
64835
4123
37027
117742
168043
57402
29904
130258
57368
228918
19037
119935
351115
51495
59228
31130
27813
90242
51895
32092
160720
135649
1162
112904
132649
97713
44406
4360
153387
206554
138853
193058
30567
9804
145114
121558
18576
25425
92717
13441
122699
21034
170306
45418
26064
59169
84873
150848
179615
223246
177546
11056
216120
291427
129807
86202
50535
259647
281175
47218
87017
53359
67769
120322
95738
29965
55442
32525
31710
48900
59410
144804
260284
70779
5363
68673
93259
201641
134359
141200
297942
180670
198575
168141
153924
161569
55773
264207
39162
114465
205022
8348
1365
30069
192895
286030
17536
311722
88061
14463
112380
261708
81950
190422
16953
111276
33023
246195
310114
82604
280029
128157
163171
218783
58125
244876
108131
167469
88008
160812
134691
82416
30808
1776
136816
207367
89548
16108
8899
6716
168423
249933
3550
77754
42655
9836
16271
140915
38496
112331
216207
297262
211129
125774
144159
64571
114640
122684
120430
14028
25450
33237
155121
232243
34735
245511
10723
63691
99097
4209
9218
47033
23508
22471
78957
49402
3609
133592
89607
16933
246057
90760
106046
187988
9521
94924
72
225251
120981
338799
91741
131653
3903
187942
23477
46655
107967
46557
58099
107669
174090
14258
75508
247668
136663
45071
310992
10505
207604
147686
199478
39087
39418
153357
26138
223968
155582
164461
12513
11894
129707
187735
128858
295297
184820
77982
223195
91826
12087
7621
304
106030
31826
7078
42034
145572
192516
76899
46914
28459
221463
151515
109034
71355
197422
40863
45731
88836
13218
7315
39518
71609
7514
36534
52443
8027
316918
178918
381316
81075
279176
175716
58405
21197
5439
210712
3454
143595
72065
18665
82475
68159
252127
33341
188491
190148
98037
111716
238944
252989
306036
241997
63889
229052
27142
41505
40016
323835
63576
292306
215375
102103
75475
33005
156062
248214
42443
47955
13287
238848
21329
56796
48007
12644
192420
9670
13980
35719
198727
2910
112026
19669
4190
159330
37149
6312
210044
149962
42362
12620
331658
149496
27029
21819
44934
100704
76271
46056
196097
190831
101307
9790
131292
159474
35588
39689
88564
98999
35214
2972
2619
9366
187981
5289
89595
93849
26184
26617
34956
13731
50590
78206
65708
72613
242570
43182
186704
75172
65193
196364
130765
15435
149858
202480
82659
144276
19857
23869
77617
20544
18489
2290
131965
155845
118567
74095
9824
280284
96601
7010
47155
29085
184386
11280
176840
9805
5529
245769
182488
65629
30822
17810
137239
7854
91259
247165
141404
93833
3196
123905
16048
106668
51925
175494
23404
20600
6909
111433
3207
35716
171514
20408
18934
565
142038
37526
173339
16755
145404
4117
62393
105620
79198
178984
97137
155411
71840
869
83614
26992
27482
210294
283566
4327
114595
217358
13480
156626
88117
57491
185344
5494
154017
193611
43815
149161
15899
12190
41934
255851
28665
25989
155248
15101
307594
124683
33119
126714
81414
52248
170711
132615
96053
83885
15605
63943
4613
243415
226135
39563
354761
175661
51369
242445
316907
140148
220028
225175
38032
188533
219424
41520
14162
210912
34435
14724
49127
29325
65953
292003
164481
27283
80711
988
274248
28149
88936
92747
85833
57698
278295
29224
14424
17047
330418
140234
217198
70110
62021
285003
301105
85447
204558
29186
107326
191171
17425
186866
7837
12992
93594
75782
20249
228188
31262
242391
184
64165
27507
10970
95866
134877
107331
41078
347173
97507
25526
83964
285942
6965
136955
42512
142931
132602
23141
41191
30531
33805
173895
33072
102566
275254
111512
18176
87004
209331
57692
358923
83105
594
225850
93259
157004
26744
220163
46761
117611
158489
4681
58859
29403
36587
287748
76554
6659
84570
98955
9667
85822
4885
18205
294763
158263
79527
207555
22728
91180
77502
71120
95598
150477
21723
329269
51319
84565
65136
55588
180415
237267
148746
240761
74932
28092
174942
10029
12092
202348
30996
222139
44809
138436
158280
113172
15658
102835
109856
13348
56508
2239
103825
62765
87483
16698
215112
74739
277120
171664
31815
4725
83546
103065
77026
15724
75297
121364
56930
82672
3663
36335
26712
60395
4474
209100
66894
139272
3139
60492
12399
352462
323205
6738
70450
61885
9543
517
21902
30124
206998
178383
289593
1066
23154
240661
162844
14126
67973
22153
170883
166067
19953
137971
99989
77326
30080
2190
95227
210146
153695
16229
248935
98517
18888
30724
5394
21371
17850
68818
26869
9337
61443
21766
60656
115557
17815
8478
191983
3796
106785
114354
67973
5716
37316
95029
114135
28807
17273
30568
90118
24787
37820
108745
132494
15911
1539
162260
187907
26483
219838
48716
54413
261636
36937
289733
212900
62904
30562
16687
171845
60837
54771
80771
9926
94026
8508
273826
166635
31313
178934
120038
299975
252669
273556
24728
46020
24165
141239
14579
54289
28350
19010
27106
31019
20292
159958
204111
103270
41166
16634
229461
1599
56573
166033
8866
103843
19968
21430
51552
188225
158757
50231
185070
106591
274527
22147
40700
9903
114725
8874
72708
32339
171870
26691
97512
163461
61362
8268
151172
5278
388622
84965
266440
307466
6084
319234
37525
65779
10828
538
131808
102737
35449
220671
199587
57388
93961
188468
167166
14465
10913
76005
98269
116598
100496
314118
194953
34650
338389
149531
208
155144
87439
58003
40369
91766
4125
42693
201512
2857
205217
247107
147468
199455
44189
47554
63254
34326
176532
286565
12948
31257
261106
201508
180327
267954
83639
9171
31934
378048
95308
328647
37325
344148
15131
66396
263466
149477
123484
189887
56062
8134
112660
11738
201564
152275
95911
28639
21985
14273
4401
109733
12687
158190
21328
47770
308882
160135
21840
24864
78809
55226
28823
100181
185671
28197
12888
38948
8945
240172
229304
212448
21871
84389
207179
348360
122747
268837
46485
71671
9109
331278
64174
340182
123900
257939
72867
116300
111963
78977
114080
103844
22517
1010
1454
150755
4459
113018
162262
12529
67717
29168
4183
25756
127518
48842
68640
44759
286994
158216
190509
90655
155827
127451
382557
307460
43056
34346
333506
9380
24815
90468
180828
184899
14224
70138
12780
286940
142622
3411
43521
275881
31827
12497
166305
253144
50862
15350
13705
58916
21420
61052
255230
7910
65301
10314
4916
242274
9847
231360
246656
50411
55600
38011
70086
6504
236527
65876
35461
32350
69954
20376
22
41149
31720
9271
95625
199019
58754
20412
130267
42110
10275
145043
47683
90625
68554
6420
47865
145005
21582
132996
178867
21160
15628
50465
165699
92459
293456
62101
106662
10258
205403
123577
20482
309582
234452
132067
12770
105761
10478
213147
30615
166758
116180
52029
15590
133768
199215
16199
114915
142451
130630
321834
115470
15367
215012
146638
167459
10023
59073
78270
6176
243206
179041
11641
115318
70965
43387
74648
17574
28688
4866
22215
56334
20249
120140
11742
17432
293531
152257
46448
15083
161528
145243
131076
33114
264009
192472
177521
98955
32545
8972
146911
240564
68713
219443
143493
69755
62240
38832
209603
93012
211130
55954
212625
10998
38599
229300
70734
23702
540
60717
45860
265123
17468
85544
48438
27564
125736
13973
33374
173568
22513
142409
223205
51397
15140
24145
180331
4908
183710
100339
725
88857
19749
108202
221320
76219
400
155444
249358
149979
66051
89581
73132
66126
2006
357738
45273
4805
53135
16350
189688
182680
302172
24501
61711
361444
64544
46204
79189
308852
4042
298316
65593
37433
316429
174858
27006
118063
44684
41283
14936
192925
281234
28446
254832
5922
218466
102275
230513
153992
67032
109689
7505
172420
36645
6195
13115
42979
189973
12185
107488
29492
23481
1122
191738
120510
268716
25979
7821
165552
40400
154955
78786
68467
320502
25466
24426
2774
44023
38375
17228
32517
94301
3384
315539
21293
27220
26501
196350
81448
110979
37265
8520
205159
57131
67057
67510
28715
33992
57972
115388
217145
114774
45698
2784
19505
81627
150165
82048
75664
11707
151776
250372
249617
218845
11683
127280
8974
79818
42354
93052
342413
28688
27671
85723
30985
60592
286462
4919
160543
25256
40575
32771
64426
110184
126415
42492
89837
72690
20835
121743
56683
109543
100208
88846
240221
285461
22881
24308
59382
93204
235032
149972
7447
19231
85566
71034
17776
173710
227246
352513
15325
148135
186670
141653
117947
47543
1075
71381
148168
94718
56145
107704
85326
6335
105736
125542
111258
827
20309
5630
174067
164767
86261
6821
107713
75688
63894
17363
144877
67051
11096
168163
125427
6680
55207
218916
3951
52288
74654
5230
65772
298
63240
131291
132769
11133
191098
14656
284741
150028
143530
131382
23646
278090
72909
44272
68013
40283
156600
121103
83255
2329
9182
6573
293034
8967
359689
114532
251496
173179
58055
36652
46562
6618
195424
3998
211019
113938
39421
14453
52440
341
3524
27380
156975
126555
77709
41768
110159
238545
34526
215572
84226
101694
118714
46760
35700
131330
138471
51328
227552
4110
129482
164180
218963
11201
86194
115765
170413
8276
1458
13990
116283
39599
109553
65951
56081
109775
63266
40308
6139
140189
37286
10416
21670
3121
321049
80226
91863
135182
186725
118609
83719
278138
133338
130196
132672
52157
92809
191935
108575
24569
6093
19835
37690
279845
23256
141507
99838
1797
61232
205302
61763
66627
49389
113904
223994
96931
117402
191007
135468
62454
41704
12274
44126
101783
60620
265407
121657
98563
61791
131856
45708
50247
13500
39396
313144
248625
201787
185222
1215
148299
68205
208518
126190
186328
3792
90363
192408
59543
2179
169606
114848
23764
72873
135150
97297
90570
36820
41232
130583
71801
85122
37569
145435
46345
10976
4797
114208
26957
167251
162909
185944
51040
42597
5677
15607
143865
41655
74379
28422
151545
143068
152850
108828
144911
29270
141314
1240
167000
152006
9925
192991
299796
3361
37947
195339
7362
60766
52770
28702
174742
141517
140974
6726
77835
70737
58805
50979
12469
338531
9112
204711
80936
97199
10105
101869
86498
18371
198354
75558
131116
14960
31519
151615
39642
152071
46260
72506
94978
29257
150917
74640
192224
59097
29347
85408
19991
4092
21367
159950
27617
105393
195837
13565
9790
5046
118258
3725
9349
135811
5042
22581
121197
101521
279047
187987
157440
46915
80094
9667
100167
138718
48235
157
181082
107902
11953
10127
125658
22392
26503
59310
140866
131375
10959
157069
28594
1072
52652
196828
18794
288475
61222
17428
113839
196875
11969
297623
224703
80714
24015
125652
67174
218090
111864
41484
16498
53255
166406
26235
40452
57547
41554
35261
395376
97212
153199
150433
90491
117690
139125
85087
137881
140223
87560
151750
13301
35764
116759
3443
173434
42345
186611
179874
8432
2148
2914
2565
3339
58343
45695
147633
47138
191049
107411
83627
74226
277728
28842
263313
23730
14409
3022
225
3913
28349
54833
54424
219970
23497
295157
32195
54665
50679
148022
183203
98049
131459
10547
47406
58182
3977
154525
84101
1231
2990
130621
53
204312
22348
107329
206296
43306
33462
77484
15972
136297
173964
37067
247696
117869
60962
108882
20038
87666
3095
24692
163695
33918
3356
199104
22651
63333
23881
73189
67004
64465
294854
81510
89046
183772
457
350977
4784
70803
196819
26057
319628
11908
8622
10277
203809
87227
33525
209216
29281
275087
28985
136560
103387
25071
8122
176610
96519
60196
110718
125940
234432
62886
171110
193984
90326
213531
141118
67909
19353
83838
49200
20262
2959
62420
18662
71696
79511
32957
53126
3946
116177
283984
1344
96234
282202
36103
155843
113675
92715
182191
13487
182007
28386
137386
240427
85074
217389
35478
34773
63095
8262
8681
43275
59339
97549
289491
31200
157
118053
156946
127758
54312
22798
11888
8236
68778
41430
27290
328458
369084
92919
211716
158312
181139
299622
1779
20428
55490
67696
10312
203414
151271
55330
6097
3796
3150
11758
175923
108852
18125
45714
23901
101296
176646
17096
262698
195545
92246
5864
97589
137349
3312
168263
61592
98954
25246
216726
159837
85788
174931
4540
168235
46494
77595
291370
285327
233194
16721
89660
13723
71583
275159
4651
10915
23353
28961
34821
169230
50292
20414
72874
26166
8999
135825
85157
352559
227241
6408
371832
31437
51259
32113
65052
157926
85232
38828
231852
81289
198384
6875
319029
6688
49162
321559
11621
210788
165026
155063
145308
35404
103321
12872
37106
18439
126579
3132
19468
149825
178
489
121846
175666
65558
35138
135
36468
204675
202364
177857
125970
158265
301600
250634
164676
20567
187500
322887
49186
13566
226765
21325
15779
156781
73115
200030
116963
213294
56057
340553
119144
150032
51877
226818
25852
35806
3103
130196
229
15888
152793
72298
66911
41831
18850
201875
152480
78739
98577
73596
266410
72888
107853
185352
253025
317352
139828
18256
97531
46897
153899
69569
136702
154909
31613
18775
180687
212959
46835
297537
15660
6219
121880
1470
10746
308516
274371
11299
237719
26012
242933
115318
25802
116287
3657
5061
661
7888
138138
117256
11253
104368
52453
17475
1924
37520
5712
73813
18141
190456
71306
24805
226673
1273
44990
53421
129347
219906
233095
269889
201068
109287
22920
182726
34403
77995
162504
28545
28527
58486
47266
5832
82489
205812
8067
77896
221275
7493
44508
232230
65777
166673
195368
53123
50584
4966
134177
225550
52444
462
81384
175460
62469
105307
3640
226683
75091
70127
108907
308080
45308
66459
124784
70672
106757
61674
43670
24467
244684
22838
94707
151400
43746
42519
75721
26094
101967
20237
221560
215362
38564
4560
40266
91466
312304
34491
139847
243743
177896
32582
35910
13924
185420
164467
67681
164087
77252
316900
300264
319808
20243
79049
58032
239288
162733
44706
29148
71870
180151
25417
250414
46500
260193
14725
346603
62807
218769
2761
34158
276046
199247
70954
79152
669
27829
193
70657
37348
72418
44021
60191
7649
50
71769
49650
289858
1735
163753
18580
269963
73458
22855
109074
6911
83768
183539
15718
40000
42495
45566
11555
176869
84427
34770
162557
28424
120810
47286
40820
70263
27413
91328
160354
190843
66590
2658
232583
33874
321345
32734
23195
288002
154692
3410
18244
12281
54208
58591
5487
128563
98640
24560
189138
47322
355062
124793
40735
1174
18335
18024
43646
89873
107647
2184
15474
134114
158691
32673
209214
180484
23221
135688
139238
10623
280162
152401
14849
60653
134878
163800
16637
53194
81332
14574
146834
315476
136434
44507
36333
227514
101677
2529
119838
178133
72986
142644
221779
47320
78688
8755
157110
144801
1754
54473
8907
38253
21499
24811
102858
131535
30625
151913
94125
89957
319513
11115
103670
56764
240017
109634
84244
249047
175470
127214
75481
89370
67985
138308
182239
44882
32650
10565
283108
61888
60137
218907
28998
43164
19825
178512
16770
17628
3969
30959
267290
2511
142989
132834
19741
85356
11844
47640
165091
173473
72691
73023
159927
27902
13598
6549
99978
49331
299219
35909
27811
44598
86606
68247
199399
6310
285359
77212
132489
65620
3278
318663
241384
216955
9574
142666
245880
127560
151562
77780
148105
8720
181971
127505
319273
18593
316198
23650
255070
4191
25927
54691
9930
44677
307833
186640
15113
7461
4239
26795
10230
155304
129407
16894
20641
121012
41599
118176
72164
27466
154499
132714
114084
194268
80339
95999
387
36652
19482
15096
46702
9211
205918
184820
69141
14866
209921
200537
161684
80451
146898
253364
9974
213406
212190
3399
111392
244380
142720
157743
19242
129854
169055
131569
25595
948
64483
3706
109699
11891
13241
7847
20024
86124
6944
164109
18224
148616
12008
33985
100424
211183
66032
251799
17658
120130
131705
166332
103059
82590
50707
81702
110104
50918
109374
115515
48364
61258
87790
7117
108876
13044
187566
80555
39909
78994
2738
8994
253944
234183
11029
211194
95308
9178
66998
9345
90
151737
76176
52798
1051
238116
239128
39333
45
213682
91101
37048
94397
127771
30517
115185
29780
219480
44955
79697
160099
5038
15168
103666
150507
81320
51079
108687
40549
21492
96467
26383
252
202817
207338
74619
90847
148
70632
34465
27836
230696
5444
68841
120718
74512
63908
79871
48088
348894
20411
2393
13124
18377
160891
161909
85602
200780
205348
295656
72977
86424
57138
9479
25727
136146
8107
116964
15775
6613
13276
55765
74525
15044
197739
23148
64004
83097
3732
128368
19631
64146
43765
277431
16575
120324
82858
51769
26323
30078
173245
42863
199940
119107
260104
31321
255799
67450
344010
67590
52887
258646
11159
13055
41270
330205
305753
33360
167801
53182
126234
170361
249722
185838
31635
2369
6235
310200
41014
66442
48103
187435
63260
97235
19914
98595
28770
146921
202487
42764
171401
7279
17515
101512
101600
25204
132802
22493
84926
36829
1248
42807
330922
59908
10624
208311
44805
2211
5784
92738
8293
158803
154848
34465
12991
74761
20084
6866
139826
114526
27448
275481
48671
11173
45839
17486
141221
103573
155636
265941
67548
7792
122347
38359
140023
183242
226742
98562
241627
218681
305529
10944
44252
31512
55410
79680
85223
1218
11322
43716
139790
174521
62070
99395
556
248699
50584
204316
103085
19042
228130
16049
103542
312124
21114
238100
6257
24015
86798
134784
65241
109096
12983
31786
50708
204842
97911
16637
10681
18547
22446
72493
19284
26256
9577
94366
143449
6325
40269
67479
38867
198
39931
68764
63271
34300
125919
1215
19685
5310
20625
283935
124497
43414
73826
28669
90998
50696
63927
34888
17753
145922
40871
97382
31202
102966
69594
239316
16783
253107
112566
17447
4114
20540
61183
82931
28306
117386
97822
27962
10285
78151
54069
89792
146153
14138
268912
95249
28677
120253
148273
98684
15517
183395
55601
197437
123998
54126
341729
15634
235242
162496
919
165244
268320
137032
24940
138798
44706
118185
68009
64444
246003
133073
59001
13162
4051
165610
91596
210275
272198
139653
343603
12727
195665
289990
271883
65972
55919
109633
66232
18420
86421
12340
21516
214445
137699
45193
12513
316806
110327
15720
159530
182876
5851
156308
155379
352123
20932
158736
15779
242848
57268
37883
57405
302948
59077
234114
47896
31418
13459
132665
19207
48831
74137
155923
15982
190382
16301
60967
7094
122358
143298
1871
77691
53314
217365
46489
144646
83771
251878
216691
46448
80386
202241
132805
206987
34377
122765
38063
83187
130456
26304
103180
135205
196511
233092
155261
194209
34621
41807
81790
134559
32411
228565
30400
124349
7701
175720
2590
90778
113432
173175
281
133717
22272
17813
74305
242681
46248
134979
94095
31208
128655
256218
54609
4847
55166
14367
56271
90214
32783
248577
156144
159608
191448
50920
114427
261351
82207
117480
9606
54813
6079
179168
249500
298993
190568
161500
66476
31436
19415
7388
145860
93818
9780
155821
205072
83729
152987
71718
107702
5779
18440
93465
86289
268786
33803
6676
31365
230799
1260
2747
144927
40440
26828
69990
216439
321546
71656
206736
25015
55380
295678
277187
173820
18248
152059
93696
48240
3101
26462
43418
1263
79921
155405
252168
35225
82063
179109
5354
248787
249939
65251
129083
120561
149588
180457
103656
9853
14328
361123
205780
6200
22436
243452
352642
123854
5683
80822
41347
159795
3317
57431
115366
66690
190358
131538
171776
4817
35083
206015
14436
135140
235835
118693
75750
99681
222001
186278
285314
188918
130424
326271
47585
311653
147632
87349
33304
74138
80464
259903
49111
182292
172852
182871
3104
222879
280180
17622
108842
32744
228630
174233
51943
106203
151649
189888
58525
81659
25442
57111
208294
11990
10475
41162
11774
205601
16539
68400
167958
61627
139848
224084
107699
69247
32907
247244
38090
76929
205441
57445
8882
142774
6661
94549
242473
195776
100402
40923
33419
54326
87297
193287
53624
32095
495
175249
197143
149532
88293
20225
230291
28192
167343
108104
30693
560
25522
99216
31160
127897
33598
185261
214106
65473
4800
307820
139269
100608
89394
37763
99294
59121
97066
53132
138079
180043
938
85836
240364
209844
164857
4216
40461
27835
5729
84817
142000
69130
61788
214
100216
8809
144171
30229
29121
100596
49361
186169
193708
34453
83359
69229
103608
267349
371023
169138
232851
33857
49398
112628
58234
58417
51385
288799
215796
129638
177153
120183
322198
22074
115218
59214
51043
160373
70665
95562
279084
137779
53693
143588
20833
128591
1285
336662
54906
168877
362868
75242
263795
48942
73095
293908
82241
111020
155122
112760
32660
91166
58415
28618
48613
272593
60642
29282
61009
62818
33278
16754
26663
135839
6673
21943
58063
1617
125099
36285
92214
4293
5347
40362
16881
167583
184973
112793
100312
100836
94111
343009
32047
31553
13366
8587
48825
40187
56390
113433
106978
1312
24066
146692
280807
14774
53208
114699
303656
166110
3345
250168
1070
114172
16840
4362
37453
60037
55589
86383
32482
97342
54711
200065
36520
307250
120073
21550
2948
168141
148249
254636
63247
138152
27377
18291
234151
162000
46363
32779
130668
86386
227977
310498
2237
68478
30418
249081
36474
62881
48114
13043
131998
153934
81308
16719
59907
177859
49961
123138
61608
33331
404
22610
153438
173627
125301
222067
1614
99882
102430
12226
31988
178646
210898
49705
397038
1778
136368
241577
17348
78575
48320
24459
4876
26027
88700
59828
182859
58774
55738
108870
110801
291702
505
115860
180279
5702
243447
29693
75099
132542
155612
122428
37832
25225
76285
277420
223278
325825
132521
33856
11626
260096
132079
150467
33083
84931
29701
103961
26925
40701
28750
121805
8166
108026
191417
194481
48274
72244
130565
61609
11648
112277
272970
171989
96313
212074
132456
268389
44524
68579
91112
243262
6007
49272
106618
132171
89158
114653
271
194180
224722
4441
80423
146602
224250
36516
37811
63299
17174
45475
3734
4873
162999
26130
277186
85542
69292
137839
107808
1999
44741
101787
6016
354165
239773
159635
228903
23146
31457
12
75334
120551
22901
202608
157229
12849
40921
116198
58813
191376
77075
1939
53144
79800
139920
103854
22782
159999
327134
119058
55807
2564
142603
165049
94880
182605
336788
199967
5422
124666
117291
92305
57048
141931
43364
5353
20148
35275
6534
25282
55194
111554
41509
66731
175707
20145
31914
59486
2329
9955
8198
174822
59007
186937
298757
118807
186197
9067
49604
131494
14200
136733
171386
33398
230
95227
91391
54060
13206
158869
185397
343650
40841
43920
351649
94089
34219
117230
137623
3280
182776
10180
108919
116030
288841
46077
298674
148532
24832
35565
261360
100505
322998
10351
98148
151903
275895
25630
299581
83525
61559
90559
189664
173928
218724
250269
21065
172622
11670
4191
181197
22950
111772
180120
219746
22814
45558
176637
67301
189247
38156
162236
7130
205546
270530
84642
81618
194582
118616
38170
97729
89987
546
133912
27783
11955
283789
27818
11391
33181
37170
34483
3957
117826
33928
34623
7505
248607
67583
284409
27452
112558
7718
328
790
343873
88089
22379
114715
257599
170417
118084
67159
190050
2803
143766
72578
11146
33160
141229
55463
75991
322430
32359
23452
56029
66449
95135
135827
14207
178367
136609
50536
62469
228678
354626
31456
61562
158481
62227
35511
132744
124260
121781
57700
5194
125207
74614
50872
191116
168977
146823
113732
42856
1794
123697
205158
41412
161055
62660
26275
101790
37646
204320
7322
80370
6487
39289
2327
94572
59837
92585
6617
6511
44674
128525
12533
27863
9017
6309
78788
171028
52841
11604
145328
40113
2674
92454
147634
54729
168922
34308
167246
290669
253632
139155
86646
15751
25216
31321
246535
303341
31777
33718
80745
17248
95673
75728
3563
56972
147983
13558
105177
340545
96455
113090
95184
3916
3744
45936
63136
109343
69095
320624
146812
17186
2027
251907
76511
27026
283973
32172
15556
115773
65118
217738
132808
163518
188818
202112
68031
207283
99499
2060
8816
44099
162085
376847
23311
3862
3895
32180
293473
148894
39556
288574
393033
16349
148822
51167
14482
68794
276700
53838
26436
93232
41207
42396
12127
20976
162211
88015
97420
96633
120051
51371
55009
117907
82342
282877
150268
61550
134310
78187
133989
46841
367
2899
214987
119164
87193
37502
258420
71663
103756
2425
61663
122182
125263
120929
57570
18077
53832
8157
52665
199031
59987
98622
53604
253910
121143
1166
233521
43147
22336
286306
226468
53884
201
35645
297453
21480
4553
140143
16542
17948
7747
131440
26627
80155
126585
335783
85765
1088
22980
1719
37196
2661
12490
29706
6069
237075
5398
21544
32166
100282
2598
3479
6155
122623
138732
230028
12753
172219
30448
55758
127463
256438
113909
59766
34768
182080
61643
158396
10969
11366
38947
4684
100277
70091
294247
301036
241573
17214
13078
172953
59169
21728
326367
231499
147779
55107
80769
153909
58317
11932
113677
159958
122318
99634
9942
180420
169560
29283
4363
11795
152199
93046
42733
166350
122496
80544
315018
24196
8329
236424
29358
24788
92715
176119
179384
18222
98895
179407
1252
25941
54616
174075
68728
209338
12761
83646
58284
20027
94471
202767
95327
6166
805
219057
271904
59387
88977
196110
58406
331993
53438
161421
8415
64830
41028
22899
591
283117
63341
83486
49798
72988
129390
84698
238057
12714
11411
11162
151291
52086
304971
35581
281762
97359
55024
29789
153263
152617
248112
34523
65660
144012
73258
136156
170390
169235
187753
57684
292994
61707
4379
202010
188438
70142
178707
108880
34644
2297
74963
158643
54194
86429
290250
223496
143267
18225
27067
10525
22244
6673
223696
44479
6657
28899
320174
21750
6896
87080
35197
8201
726
19618
7408
73379
306677
31847
72678
248428
67976
15718
72315
14105
19389
180875
322555
18910
127917
1262
313390
52640
80003
218523
3191
300
129950
148237
80386
1717
72460
329235
14947
17963
163599
279298
123995
168639
45487
30949
120223
794
56383
2783
67758
92819
187256
191247
534
65711
308396
91203
22894
45356
48272
6238
120195
82653
5756
1718
8570
124047
24900
147247
248235
16888
4733
273677
153353
45937
40690
252624
3969
21425
137634
3908
77917
35972
276127
110879
137018
35032
249484
78042
163449
63359
43
253425
47341
69776
200611
189378
92777
69091
10147
45272
205044
277632
48069
52832
6785
219377
184680
183254
42399
211320
10183
29621
167238
34298
41094
219093
3348
111669
51207
154239
90997
42004
34167
255072
52788
115894
87010
45846
178713
76157
69071
128857
16573
18129
190967
42399
67934
213991
166751
2740
72935
169847
312222
16002
653
27353
153558
167255
163929
37183
60334
55793
12298
31316
34719
19495
365130
110769
3459
36199
11511
13953
78136
3979
10216
23120
198657
173146
5542
22450
73207
206093
94672
152059
387388
35720
35555
56622
24895
22848
8109
2464
19709
107057
12285
111058
274438
51234
102760
212978
60270
247251
52303
5332
314056
159394
87248
196042
271603
29921
231091
32820
200054
132853
51097
147954
79173
94207
4912
5713
24422
121789
1631
3231
11936
97600
13350
32923
14456
52386
35010
96249
69303
10050
102288
23159
77632
197862
14081
179801
59694
1350
98602
27840
314166
81011
17301
28664
89826
61075
205450
242963
21647
75843
131161
152063
93041
21396
151006
136740
187624
19426
56594
34616
55093
12977
53276
54112
39809
25539
50733
3011
252674
255713
320348
4505
193251
4796
34178
50586
34941
15422
84648
63423
43294
140734
17473
102905
4410
178139
111636
68438
160080
29641
143489
47218
92947
104354
37342
228551
89894
90334
28694
202030
1691
71982
59828
63639
12232
99731
56766
252464
30495
38683
268768
20063
39165
7232
2080
141866
98521
133563
267381
215526
20521
198536
30037
7226
128
34474
138402
141920
125902
54747
128761
129995
1689
137778
58824
229800
112648
71341
13593
13982
82789
102575
28121
67040
281693
44931
315849
120353
23404
196188
155715
12043
206986
10121
102232
99874
109320
251230
48925
25918
32135
189835
355739
106792
8862
32183
43950
11803
70627
152948
4758
216451
171632
288612
182499
6924
243152
120483
6630
251795
85918
128190
147888
191802
38040
193063
24958
50027
76380
102917
168136
174514
207002
164260
13739
62227
198
3133
28237
11384
131112
10447
110262
72671
283934
4856
10925
18728
17296
74057
151236
48894
238559
1692
36657
134877
34565
259
163615
13252
225425
27502
47174
80462
46715
611
299846
6799
211446
25665
161201
78318
71078
114491
17754
66952
20111
761
1583
73308
7684
59718
33960
57498
280090
1478
96595
17428
24668
2407
165433
14500
1531
41691
39879
121072
68392
235459
20848
14949
47259
129383
46220
1542
127707
90868
154745
89476
93169
64621
289382
128597
244400
10922
141882
240480
231457
321539
71045
13473
109980
6717
139733
9756
21577
239874
193531
165800
73632
1785
193288
44992
60984
7300
115794
218073
178784
369838
126261
258238
48787
154481
68279
177000
191663
28987
165208
12119
322688
136138
28906
16344
41088
186293
131773
62564
22278
272501
164203
212474
26150
47010
22774
192697
14024
73691
12502
341996
186649
19532
31926
58761
21417
40418
136564
229166
16810
26579
30139
27425
29817
89357
6182
6991
36072
58176
200439
18460
9131
58836
46748
32758
2663
1116
22816
85280
54319
167450
34885
151106
70732
231330
124653
161701
137376
39843
70804
86662
31232
23999
79733
122974
28257
41310
3281
56467
98989
66904
22521
28599
137430
9482
125278
47617
160946
313798
30223
301649
69554
58742
7247
4278
29914
16637
202151
4162
9720
15473
68987
164888
158393
27822
290286
85541
51397
24488
55677
80700
20031
124703
86776
6326
13901
54374
349045
5920
46059
85964
392
191014
108870
45502
9582
87002
105512
273284
110871
86893
252842
36550
65872
34016
266390
68321
52531
126953
47802
15948
41736
238227
9155
16898
1846
7612
4557
112809
263397
134460
16732
13559
14630
124019
126090
107575
2831
111702
14125
60582
33143
78099
27405
142760
33709
94423
42052
35796
13183
355817
25073
283477
61173
66323
179192
8011
58047
232543
21911
81529
5754
52544
66143
64935
300370
175664
209634
87011
193459
34185
233259
139921
6029
87483
5656
40886
206206
65717
31484
157732
56119
21115
137406
280022
208125
13554
46132
452
24647
136083
88525
41108
2344
29835
314315
174864
169710
51920
276902
138749
75332
121033
102214
206390
169850
22283
48392
30012
111621
65309
35193
9035
362100
387230
167499
24415
165922
239832
192794
95869
209652
98098
36854
3635
58261
49606
29720
53711
53471
124159
208673
83259
161
28840
31468
87966
78725
272795
85398
98443
13056
21419
183794
6678
190129
126642
358
112366
80943
27799
26309
127667
261287
6951
119988
122014
45655
168648
129596
99709
176870
160052
39283
84846
22981
140176
4138
54280
323752
31505
16541
17653
224468
52875
243984
77103
29398
51141
190881
292345
11429
49254
136068
73941
147680
41633
53336
76170
32372
6771
66177
42803
130119
8037
154905
89003
16678
239290
28943
229068
94182
17904
207635
13578
20966
39203
167558
235963
16026
340027
103675
8580
181389
80147
9286
44289
43785
98510
135169
50437
92214
22588
134663
18377
41016
10205
144496
173934
18088
41870
138927
26794
59764
93291
55807
91445
355887
135697
226810
123716
103660
96670
320303
17521
81702
124830
41819
46124
1116
154325
125961
41413
211301
157242
220109
95647
219905
172091
110218
65864
33044
19758
3534
20147
14238
50880
13211
3088
30578
3822
136220
287392
22538
210116
31161
206067
29174
325773
242334
132325
8458
97724
310004
70242
10589
100050
122538
128507
42583
133587
78259
92731
1678
45847
6136
26098
45851
195543
67772
9864
316
11031
192818
23809
57836
45896
12137
213555
241804
240313
57398
13526
69125
42403
60317
102874
61367
26955
254129
100111
30800
5805
178670
27600
292000
130182
98035
8605
120144
73075
132488
7741
125457
179760
220930
279030
24988
208466
75821
11168
98544
33196
41135
86306
158843
8269
218706
244645
174468
109128
19063
16354
147266
8790
37970
18368
74729
31236
260449
232373
93642
28354
99961
114889
244893
136018
118383
80111
159910
24603
77559
188449
18680
14166
493
323828
153366
97097
66879
59533
5931
88332
22433
48360
10587
116280
51258
50270
347062
79716
52663
298105
78106
18564
52762
93889
275672
250208
34745
14072
67113
156611
10489
35460
160177
60957
151423
63668
3639
106024
158344
40576
190193
75336
84546
86958
14375
112157
265589
102352
130397
297032
8324
23466
187173
103754
65754
2717
21098
288985
27141
44901
1250
161590
35739
98855
239721
187162
3799
179719
120105
155743
244983
29382
245274
89624
187282
262121
78997
90549
190424
143498
199097
157580
45651
56702
168182
188168
17948
190120
30794
215285
140409
90897
28426
66402
138101
5946
36021
94029
19184
232996
308466
8923
50360
214725
223804
2376
142688
6674
154200
53403
95558
99287
21520
87175
4469
181394
105195
348411
214377
9050
36222
28207
126254
206630
139867
76508
334577
143702
36865
21902
179891
36338
36949
8165
157372
69097
49377
75240
31343
120222
1748
243425
18867
106429
104293
168127
172
98888
130069
180037
17094
43481
34068
39315
262601
20991
58813
43195
48793
36996
21803
115759
25906
59502
32124
117138
242604
36790
49039
122592
70446
90171
9732
16236
110245
69309
61517
230212
14693
32745
44704
154592
64284
140687
27094
141223
66526
97395
53371
106907
217608
113797
154958
10964
268866
97462
144556
211475
108677
260456
37722
250312
82814
107147
26203
17117
177270
20339
193043
124305
127250
248611
208670
11725
95732
143632
122895
71263
125865
9970
35022
282107
100858
46390
233627
187365
106619
67016
255507
139475
15673
33799
263750
109251
290287
29761
363037
31762
72300
153020
232743
38889
42820
78670
65648
109150

