Automata #1:
.#.#.

Automata #2:
....#....
...###...
..##..#..
.##.####.

Automata #3:
.#..#.
..#..#
#..#..
.#..#.

Automata #4:
..#...
#...##
..#...
#...##

Automata #5:
..#...
.#....
#.....
.....#

Automata #6:
..#...
..#...
..#...
..#...

Automata #7:
#....#
.....#
......
......

Automata #8:
#....#
.#....
..#...
...#..

Automata #9:
#...#.
.....#
......
......

Automata #10:
#....#
#.....
......
......

Automata #11:
.#####
..###.
...#..
......

Automata #12:
.#.
#..
..#
.#.
#..
..#
.#.
#..
..#
.#.
#..
..#
.#.
#..
..#
.#.
#..
..#
.#.
#..
..#
.#.
#..
..#
.#.
#..
..#
.#.
#..
..#
.#.
#..
..#
.#.
#..
..#
.#.
#..
..#
.#.
#..
..#
.#.
#..
..#
.#.
#..
..#
.#.
#..
..#
.#.
#..
..#
.#.
#..
..#
.#.
#..
..#
.#.
#..
..#
.#.
#..
..#
.#.
#..
..#
.#.
#..
..#
.#.
#..
..#
.#.
#..
..#
.#.
#..
..#
.#.
#..
..#
.#.
#..
..#
.#.
#..
..#
.#.
#..
..#
.#.
#..
..#
.#.
#..
..#
.#.
#..

Automata #13:
..........##########..........##########....................##########..........##########..........
....................................................................................................
....................................................................................................
....................................................................................................
....................................................................................................
....................................................................................................
....................................................................................................
....................................................................................................
....................................................................................................
....................................................................................................
....................................................................................................
....................................................................................................
....................................................................................................
....................................................................................................
....................................................................................................
....................................................................................................
....................................................................................................
....................................................................................................
....................................................................................................
....................................................................................................
....................................................................................................
....................................................................................................
....................................................................................................
....................................................................................................
....................................................................................................
....................................................................................................
....................................................................................................
....................................................................................................
....................................................................................................
....................................................................................................
....................................................................................................
....................................................................................................
....................................................................................................
....................................................................................................
....................................................................................................
....................................................................................................
....................................................................................................
....................................................................................................
....................................................................................................
....................................................................................................
....................................................................................................
....................................................................................................
....................................................................................................
....................................................................................................
....................................................................................................
....................................................................................................
....................................................................................................
....................................................................................................
....................................................................................................
....................................................................................................
....................................................................................................
....................................................................................................
....................................................................................................
....................................................................................................
....................................................................................................
....................................................................................................
....................................................................................................
....................................................................................................
....................................................................................................
....................................................................................................
....................................................................................................
....................................................................................................
....................................................................................................
....................................................................................................
....................................................................................................
....................................................................................................
....................................................................................................
....................................................................................................
....................................................................................................
....................................................................................................
....................................................................................................
....................................................................................................
....................................................................................................
....................................................................................................
....................................................................................................
....................................................................................................
....................................................................................................
....................................................................................................
....................................................................................................
....................................................................................................
....................................................................................................
....................................................................................................
....................................................................................................
....................................................................................................
....................................................................................................
....................................................................................................
....................................................................................................
....................................................................................................
....................................................................................................
....................................................................................................
....................................................................................................
....................................................................................................
....................................................................................................
....................................................................................................
....................................................................................................
....................................................................................................
....................................................................................................
....................................................................................................
....................................................................................................
....................................................................................................
....................................................................................................

Automata #14:
..........##########..........##########....................##########..........##########..........
####################################################################################################
####################################################################################################
####################################################################################################
####################################################################################################
####################################################################################################
####################################################################################################
####################################################################################################
####################################################################################################
####################################################################################################
####################################################################################################
####################################################################################################
####################################################################################################
####################################################################################################
####################################################################################################
####################################################################################################
####################################################################################################
####################################################################################################
####################################################################################################
####################################################################################################
####################################################################################################
####################################################################################################
####################################################################################################
####################################################################################################
####################################################################################################
####################################################################################################
####################################################################################################
####################################################################################################
####################################################################################################
####################################################################################################
####################################################################################################
####################################################################################################
####################################################################################################
####################################################################################################
####################################################################################################
####################################################################################################
####################################################################################################
####################################################################################################
####################################################################################################
####################################################################################################
####################################################################################################
####################################################################################################
####################################################################################################
####################################################################################################
####################################################################################################
####################################################################################################
####################################################################################################
####################################################################################################
####################################################################################################
####################################################################################################
####################################################################################################
####################################################################################################
####################################################################################################
####################################################################################################
####################################################################################################
####################################################################################################
####################################################################################################
####################################################################################################
####################################################################################################
####################################################################################################
####################################################################################################
####################################################################################################
####################################################################################################
####################################################################################################
####################################################################################################
####################################################################################################
####################################################################################################
####################################################################################################
####################################################################################################
####################################################################################################
####################################################################################################
####################################################################################################
####################################################################################################
####################################################################################################
####################################################################################################
####################################################################################################
####################################################################################################
####################################################################################################
####################################################################################################
####################################################################################################
####################################################################################################
####################################################################################################
####################################################################################################
####################################################################################################
####################################################################################################
####################################################################################################
####################################################################################################
####################################################################################################
####################################################################################################
####################################################################################################
####################################################################################################
####################################################################################################
####################################################################################################
####################################################################################################
####################################################################################################
####################################################################################################
####################################################################################################
####################################################################################################
####################################################################################################
####################################################################################################
####################################################################################################

Automata #15:
..........##########..........##########....................##########..........##########..........
.........##########.#........##########.#..................##########.#........##########.#.........
........##########...#......##########...#................##########...#......##########...#........
.......##########.#.#.#....##########.#.#.#..............##########.#.#.#....##########.#.#.#.......
......##########.......#..##########.......#............##########.......#..##########.......#......
.....##########.#.....#.###########.#.....#.#..........##########.#.....#.###########.#.....#.#.....
....##########...#...#..##########...#...#...#........##########...#...#..##########...#...#...#....
...##########.#.#.#.#.###########.#.#.#.#.#.#.#......##########.#.#.#.#.###########.#.#.#.#.#.#.#...
..##########..........##########...............#....##########..........##########...............#..
.##########.#........##########.#.............#.#..##########.#........##########.#.............#.#.
##########...#......##########...#...........#...###########...#......##########...#...........#...#
#########.#.#.#....##########.#.#.#.........#.#.###########.#.#.#....##########.#.#.#.........#.#.##
########.......#..##########.......#.......#....##########.......#..##########.......#.......#....##
#######.#.....#.###########.#.....#.#.....#.#..##########.#.....#.###########.#.....#.#.....#.#..###
######...#...#..##########...#...#...#...#...###########...#...#..##########...#...#...#...#...#####
#####.#.#.#.#.###########.#.#.#.#.#.#.#.#.#.###########.#.#.#.#.###########.#.#.#.#.#.#.#.#.#.######
####..........##########....................##########..........##########....................######
###.#........##########.#..................##########.#........##########.#..................#######
##...#......##########...#................##########...#......##########...#................########
#.#.#.#....##########.#.#.#..............##########.#.#.#....##########.#.#.#..............#########
.......#..##########.......#............##########.......#..##########.......#............##########
#.....#.###########.#.....#.#..........##########.#.....#.###########.#.....#.#..........##########.
.#...#..##########...#...#...#........##########...#...#..##########...#...#...#........##########..
#.#.#.###########.#.#.#.#.#.#.#......##########.#.#.#.#.###########.#.#.#.#.#.#.#......##########.#.
......##########...............#....##########..........##########...............#....##########....
.....##########.#.............#.#..##########.#........##########.#.............#.#..##########.#...
....##########...#...........#...###########...#......##########...#...........#...###########...#..
...##########.#.#.#.........#.#.###########.#.#.#....##########.#.#.#.........#.#.###########.#.#.#.
..##########.......#.......#....##########.......#..##########.......#.......#....##########.......#
###########.#.....#.#.....#.#..##########.#.....#.###########.#.....#.#.....#.#..##########.#.....#.
##########...#...#...#...#...###########...#...#..##########...#...#...#...#...###########...#...#..
#########.#.#.#.#.#.#.#.#.#.###########.#.#.#.#.###########.#.#.#.#.#.#.#.#.#.###########.#.#.#.#.##
########....................##########..........##########....................##########..........##
#######.#..................##########.#........##########.#..................##########.#........###
######...#................##########...#......##########...#................##########...#......####
#####.#.#.#..............##########.#.#.#....##########.#.#.#..............##########.#.#.#....#####
####.......#............##########.......#..##########.......#............##########.......#..######
###.#.....#.#..........##########.#.....#.###########.#.....#.#..........##########.#.....#.########
##...#...#...#........##########...#...#..##########...#...#...#........##########...#...#..########
#.#.#.#.#.#.#.#......##########.#.#.#.#.###########.#.#.#.#.#.#.#......##########.#.#.#.#.##########
...............#....##########..........##########...............#....##########..........##########
#.............#.#..##########.#........##########.#.............#.#..##########.#........##########.
.#...........#...###########...#......##########...#...........#...###########...#......##########..
#.#.........#.#.###########.#.#.#....##########.#.#.#.........#.#.###########.#.#.#....##########.#.
...#.......#....##########.......#..##########.......#.......#....##########.......#..##########....
..#.#.....#.#..##########.#.....#.###########.#.....#.#.....#.#..##########.#.....#.###########.#...
.#...#...#...###########...#...#..##########...#...#...#...#...###########...#...#..##########...#..
#.#.#.#.#.#.###########.#.#.#.#.###########.#.#.#.#.#.#.#.#.#.###########.#.#.#.#.###########.#.#.#.
............##########..........##########....................##########..........##########........
...........##########.#........##########.#..................##########.#........##########.#.......
..........##########...#......##########...#................##########...#......##########...#......
.........##########.#.#.#....##########.#.#.#..............##########.#.#.#....##########.#.#.#.....
........##########.......#..##########.......#............##########.......#..##########.......#....
.......##########.#.....#.###########.#.....#.#..........##########.#.....#.###########.#.....#.#...
......##########...#...#..##########...#...#...#........##########...#...#..##########...#...#...#..
.....##########.#.#.#.#.###########.#.#.#.#.#.#.#......##########.#.#.#.#.###########.#.#.#.#.#.#.#.
....##########..........##########...............#....##########..........##########...............#
#..##########.#........##########.#.............#.#..##########.#........##########.#.............#.
.###########...#......##########...#...........#...###########...#......##########...#...........#..
###########.#.#.#....##########.#.#.#.........#.#.###########.#.#.#....##########.#.#.#.........#.#.
##########.......#..##########.......#.......#....##########.......#..##########.......#.......#....
#########.#.....#.###########.#.....#.#.....#.#..##########.#.....#.###########.#.....#.#.....#.#..#
########...#...#..##########...#...#...#...#...###########...#...#..##########...#...#...#...#...###
#######.#.#.#.#.###########.#.#.#.#.#.#.#.#.#.###########.#.#.#.#.###########.#.#.#.#.#.#.#.#.#.####
######..........##########....................##########..........##########....................####
#####.#........##########.#..................##########.#........##########.#..................#####
####...#......##########...#................##########...#......##########...#................######
###.#.#.#....##########.#.#.#..............##########.#.#.#....##########.#.#.#..............#######
##.......#..##########.......#............##########.......#..##########.......#............########
#.#.....#.###########.#.....#.#..........##########.#.....#.###########.#.....#.#..........#########
...#...#..##########...#...#...#........##########...#...#..##########...#...#...#........##########
#.#.#.#.###########.#.#.#.#.#.#.#......##########.#.#.#.#.###########.#.#.#.#.#.#.#......##########.
........##########...............#....##########..........##########...............#....##########..
.......##########.#.............#.#..##########.#........##########.#.............#.#..##########.#.
......##########...#...........#...###########...#......##########...#...........#...###########...#
#....##########.#.#.#.........#.#.###########.#.#.#....##########.#.#.#.........#.#.###########.#.#.
.#..##########.......#.......#....##########.......#..##########.......#.......#....##########......
#.###########.#.....#.#.....#.#..##########.#.....#.###########.#.....#.#.....#.#..##########.#.....
..##########...#...#...#...#...###########...#...#..##########...#...#...#...#...###########...#...#
###########.#.#.#.#.#.#.#.#.#.###########.#.#.#.#.###########.#.#.#.#.#.#.#.#.#.###########.#.#.#.#.
##########....................##########..........##########....................##########..........
#########.#..................##########.#........##########.#..................##########.#........#
########...#................##########...#......##########...#................##########...#......##
#######.#.#.#..............##########.#.#.#....##########.#.#.#..............##########.#.#.#....###
######.......#............##########.......#..##########.......#............##########.......#..####
#####.#.....#.#..........##########.#.....#.###########.#.....#.#..........##########.#.....#.######
####...#...#...#........##########...#...#..##########...#...#...#........##########...#...#..######
###.#.#.#.#.#.#.#......##########.#.#.#.#.###########.#.#.#.#.#.#.#......##########.#.#.#.#.########
##...............#....##########..........##########...............#....##########..........########
#.#.............#.#..##########.#........##########.#.............#.#..##########.#........#########
...#...........#...###########...#......##########...#...........#...###########...#......##########
#.#.#.........#.#.###########.#.#.#....##########.#.#.#.........#.#.###########.#.#.#....##########.
.....#.......#....##########.......#..##########.......#.......#....##########.......#..##########..
....#.#.....#.#..##########.#.....#.###########.#.....#.#.....#.#..##########.#.....#.###########.#.
...#...#...#...###########...#...#..##########...#...#...#...#...###########...#...#..##########...#
#.#.#.#.#.#.#.###########.#.#.#.#.###########.#.#.#.#.#.#.#.#.#.###########.#.#.#.#.###########.#.#.
..............##########..........##########....................##########..........##########......
.............##########.#........##########.#..................##########.#........##########.#.....
............##########...#......##########...#................##########...#......##########...#....
...........##########.#.#.#....##########.#.#.#..............##########.#.#.#....##########.#.#.#...
..........##########.......#..##########.......#............##########.......#..##########.......#..

Automata #16:
.................................................#..................................................
................................................#.#.................................................
...............................................#...#................................................
..............................................#.#.#.#...............................................
.............................................#.......#..............................................
............................................#.#.....#.#.............................................
...........................................#...#...#...#............................................
..........................................#.#.#.#.#.#.#.#...........................................
.........................................#...............#..........................................
........................................#.#.............#.#.........................................
.......................................#...#...........#...#........................................
......................................#.#.#.#.........#.#.#.#.......................................
.....................................#.......#.......#.......#......................................
....................................#.#.....#.#.....#.#.....#.#.....................................
...................................#...#...#...#...#...#...#...#....................................
..................................#.#.#.#.#.#.#.#.#.#.#.#.#.#.#.#...................................
.................................#...............................#..................................
................................#.#.............................#.#.................................
...............................#...#...........................#...#................................
..............................#.#.#.#.........................#.#.#.#...............................
.............................#.......#.......................#.......#..............................
............................#.#.....#.#.....................#.#.....#.#.............................
...........................#...#...#...#...................#...#...#...#............................
..........................#.#.#.#.#.#.#.#.................#.#.#.#.#.#.#.#...........................
.........................#...............#...............#...............#..........................
........................#.#.............#.#.............#.#.............#.#.........................
.......................#...#...........#...#...........#...#...........#...#........................
......................#.#.#.#.........#.#.#.#.........#.#.#.#.........#.#.#.#.......................
.....................#.......#.......#.......#.......#.......#.......#.......#......................
....................#.#.....#.#.....#.#.....#.#.....#.#.....#.#.....#.#.....#.#.....................
...................#...#...#...#...#...#...#...#...#...#...#...#...#...#...#...#....................
..................#.#.#.#.#.#.#.#.#.#.#.#.#.#.#.#.#.#.#.#.#.#.#.#.#.#.#.#.#.#.#.#...................
.................#...............................................................#..................
................#.#.............................................................#.#.................
...............#...#...........................................................#...#................
..............#.#.#.#.........................................................#.#.#.#...............
.............#.......#.......................................................#.......#..............
............#.#.....#.#.....................................................#.#.....#.#.............
...........#...#...#...#...................................................#...#...#...#............
..........#.#.#.#.#.#.#.#.................................................#.#.#.#.#.#.#.#...........
.........#...............#...............................................#...............#..........
........#.#.............#.#.............................................#.#.............#.#.........
.......#...#...........#...#...........................................#...#...........#...#........
......#.#.#.#.........#.#.#.#.........................................#.#.#.#.........#.#.#.#.......
.....#.......#.......#.......#.......................................#.......#.......#.......#......
....#.#.....#.#.....#.#.....#.#.....................................#.#.....#.#.....#.#.....#.#.....
...#...#...#...#...#...#...#...#...................................#...#...#...#...#...#...#...#....
..#.#.#.#.#.#.#.#.#.#.#.#.#.#.#.#.................................#.#.#.#.#.#.#.#.#.#.#.#.#.#.#.#...
.#...............................#...............................#...............................#..
#.#.............................#.#.............................#.#.............................#.#.
...#...........................#...#...........................#...#...........................#....
..#.#.........................#.#.#.#.........................#.#.#.#.........................#.#...
.#...#.......................#.......#.......................#.......#.......................#...#..
#.#.#.#.....................#.#.....#.#.....................#.#.....#.#.....................#.#.#.#.
.......#...................#...#...#...#...................#...#...#...#...................#........
......#.#.................#.#.#.#.#.#.#.#.................#.#.#.#.#.#.#.#.................#.#.......
.....#...#...............#...............#...............#...............#...............#...#......
....#.#.#.#.............#.#.............#.#.............#.#.............#.#.............#.#.#.#.....
...#.......#...........#...#...........#...#...........#...#...........#...#...........#.......#....
..#.#.....#.#.........#.#.#.#.........#.#.#.#.........#.#.#.#.........#.#.#.#.........#.#.....#.#...
.#...#...#...#.......#.......#.......#.......#.......#.......#.......#.......#.......#...#...#...#..
#.#.#.#.#.#.#.#.....#.#.....#.#.....#.#.....#.#.....#.#.....#.#.....#.#.....#.#.....#.#.#.#.#.#.#.#.
...............#...#...#...#...#...#...#...#...#...#...#...#...#...#...#...#...#...#................
..............#.#.#.#.#.#.#.#.#.#.#.#.#.#.#.#.#.#.#.#.#.#.#.#.#.#.#.#.#.#.#.#.#.#.#.#...............
.............#.......................................................................#..............
............#.#.....................................................................#.#.............
...........#...#...................................................................#...#............
..........#.#.#.#.................................................................#.#.#.#...........
.........#.......#...............................................................#.......#..........
........#.#.....#.#.............................................................#.#.....#.#.........
.......#...#...#...#...........................................................#...#...#...#........
......#.#.#.#.#.#.#.#.........................................................#.#.#.#.#.#.#.#.......
.....#...............#.......................................................#...............#......
....#.#.............#.#.....................................................#.#.............#.#.....
...#...#...........#...#...................................................#...#...........#...#....
..#.#.#.#.........#.#.#.#.................................................#.#.#.#.........#.#.#.#...
.#.......#.......#.......#...............................................#.......#.......#.......#..
#.#.....#.#.....#.#.....#.#.............................................#.#.....#.#.....#.#.....#.#.
...#...#...#...#...#...#...#...........................................#...#...#...#...#...#...#....
..#.#.#.#.#.#.#.#.#.#.#.#.#.#.........................................#.#.#.#.#.#.#.#.#.#.#.#.#.#...
.#...........................#.......................................#...........................#..
#.#.........................#.#.....................................#.#.........................#.#.
...#.......................#...#...................................#...#.......................#....
..#.#.....................#.#.#.#.................................#.#.#.#.....................#.#...
.#...#...................#.......#...............................#.......#...................#...#..
#.#.#.#.................#.#.....#.#.............................#.#.....#.#.................#.#.#.#.
.......#...............#...#...#...#...........................#...#...#...#...............#........
......#.#.............#.#.#.#.#.#.#.#.........................#.#.#.#.#.#.#.#.............#.#.......
.....#...#...........#...............#.......................#...............#...........#...#......
....#.#.#.#.........#.#.............#.#.....................#.#.............#.#.........#.#.#.#.....
...#.......#.......#...#...........#...#...................#...#...........#...#.......#.......#....
..#.#.....#.#.....#.#.#.#.........#.#.#.#.................#.#.#.#.........#.#.#.#.....#.#.....#.#...
.#...#...#...#...#.......#.......#.......#...............#.......#.......#.......#...#...#...#...#..
#.#.#.#.#.#.#.#.#.#.....#.#.....#.#.....#.#.............#.#.....#.#.....#.#.....#.#.#.#.#.#.#.#.#.#.
...................#...#...#...#...#...#...#...........#...#...#...#...#...#...#....................
..................#.#.#.#.#.#.#.#.#.#.#.#.#.#.........#.#.#.#.#.#.#.#.#.#.#.#.#.#...................
.................#...........................#.......#...........................#..................
................#.#.........................#.#.....#.#.........................#.#.................
...............#...#.......................#...#...#...#.......................#...#................
..............#.#.#.#.....................#.#.#.#.#.#.#.#.....................#.#.#.#...............
.............#.......#...................#...............#...................#.......#..............

