Browser Session #1:
http://www.google.com
http://www.yahoo.com
http://www.icewolf.com
http://www.yahoo.com
http://www.google.com
http://www.yahoo.com
http://www.yahoo.com
http://www.yahoo.com

Browser Session #2:
http://www.ucf.edu
http://www.acm.org
http://www.ucf.edu
http://www.acm.org
http://www.acm.org

Browser Session #3:

Browser Session #4:

Browser Session #5:

Browser Session #6:
http://load.this.url.com
http://load.this.url.com

Browser Session #7:
aa
ab
ac
ad
ae
af
ag
ah
ai
aj
ak
al
am
an
ao
ap
aq
ar
as
at
au
av
aw
ax
ay
az
ba
bb
bc
bd
be
bf
bg
bh
bi
bj
bk
bl
bm
bn
bo
bp
bq
br
bs
bt
bu
bv
bw
bx
by
bz
ca
cb
cc
cd
ce
cf
cg
ch
ci
cj
ck
cl
cm
cn
co
cp
cq
cr
cs
ct
cu
cv
cw
cx
cy
cz
da
db
dc
dd
de
df
dg
dh
di
dj
dk
dl
dm
dn
do
dp
dq
dr
ds
dt
du
dv
du
dt
ds
dr
dq
dp
do
dn
dm
dl
dk
dj
di
dh
dg
df
de
dd
dc
db
da
cz
cy
cx
cw
cv
cu
ct
cs
cr
cq
cp
co
cn
cm
cl
ck
cj
ci
ch
cg
cf
ce
cd
cc
cb
ca
bz
by
bx
bw
bv
bu
bt
bs
br
bq
bp
bo
bn
bm
bl
bk
bj
bi
bh
bg
bf
be
bd
bc
bb
ba
az
ay
ax
aw
av
au
at
as
ar
aq
ap
ao
an
am
al
ak
aj
ai
ah
ag
af
ae
ad
ac
ab
aa
ab
ac
ad
ae
af
ag
ah
ai
aj
ak
al
am
an
ao
ap
aq
ar
as
at
au
av
aw
ax
ay
az
ba
bb
bc
bd
be
bf
bg
bh
bi
bj
bk
bl
bm
bn
bo
bp
bq
br
bs
bt
bu
bv
bw
bx
by
zz
by
bx
bw
bv
bu
bt
bs
br
bq
bp
bo
bn
bm
bl
bk
bj
bi
bh
bg
bf
be
bd
bc
bb
ba
az
ay
ax
aw
av
au
at
as
ar
aq
ap
ao
an
am
al
ak
aj
ai
ah
ag
af
ae
ad
ac
ab
aa
ab

Browser Session #8:
http://www.this.is.a.really.really.really.really.really.really.really.really.really.long.address.com
http://a.ca/default.asp
http://www.this.is.a.really.really.really.really.really.really.really.really.really.long.address.com
http://b.fl.us/index.htm
http://www.this.is.a.really.really.really.really.really.really.really.really.really.long.address.com
ftp://ftp.nowhere.gov/nothing.html

