Registration 1:
999998 is NOT registered.
AC123 is NOT registered.
HGUTY is registered.
AGUTY is NOT registered.

Registration 2:
ZXCVBN is registered.
QWER is registered.
ASDFGHK is NOT registered.

Registration 3:
PUNT is NOT registered.
PUNTAZ is NOT registered.
PUNTBZ is NOT registered.
PUNTC is NOT registered.
CPUNT is NOT registered.

Registration 4:
ABCCDEF is NOT registered.
ABCD is NOT registered.
ABD is NOT registered.
BLAH2 is NOT registered.
BLAH3 is NOT registered.
BLAH4 is NOT registered.
BLAH5 is NOT registered.

Registration 5:
BLAH67 is registered.
BLAH78 is registered.
BLAH89 is registered.
BLAH90 is registered.
BLAH01 is registered.
BLAH6 is NOT registered.
BLAH7 is NOT registered.
BLAH8 is NOT registered.
BLAH9 is NOT registered.
BLAH0 is NOT registered.

Registration 6:
ABCD is NOT registered.
BCDE is NOT registered.
CDEF is NOT registered.
DEFG is NOT registered.
EFGH is NOT registered.
FGHI is NOT registered.
GHIJ is NOT registered.
HIJK is NOT registered.
IJKL is NOT registered.
JKLM is NOT registered.
KLMN is NOT registered.
LMNO is NOT registered.
MNOP is NOT registered.
NOPQ is NOT registered.
OPQR is NOT registered.
PQRS is NOT registered.
QRST is NOT registered.
RSTU is NOT registered.
STUV is NOT registered.
TUVW is NOT registered.
UVWX is NOT registered.
VWXY is NOT registered.
WXYZ is NOT registered.
XYZA is NOT registered.
YZAB is NOT registered.
ZABC is NOT registered.
ABCDEF is NOT registered.
BCDEFG is NOT registered.
CDEFGH is NOT registered.
DEFGHI is NOT registered.
EFGHIJ is NOT registered.
FGHIJK is NOT registered.
GHIJKL is NOT registered.
HIJKLM is NOT registered.
IJKLMN is NOT registered.
JKLMNO is NOT registered.
KLMNOP is NOT registered.
LMNOPQ is NOT registered.
MNOPQR is NOT registered.
NOPQRS is NOT registered.
OPQRST is NOT registered.
PQRSTU is NOT registered.
QRSTUV is NOT registered.
RSTUVW is NOT registered.
STUVWX is NOT registered.
TUVWXY is NOT registered.
UVWXYZ is NOT registered.
VWXYZA is NOT registered.
WXYZAB is NOT registered.
XYZABC is NOT registered.
YZABCD is NOT registered.
ZABCDE is NOT registered.
ABCDEFGH is NOT registered.
BCDEFGHI is NOT registered.
CDEFGHIJ is NOT registered.
DEFGHIJK is NOT registered.
EFGHIJKL is NOT registered.
FGHIJKLM is NOT registered.
GHIJKLMN is NOT registered.
HIJKLMNO is NOT registered.
IJKLMNOP is NOT registered.
JKLMNOPQ is NOT registered.
KLMNOPQR is NOT registered.
LMNOPQRS is NOT registered.
MNOPQRST is NOT registered.
NOPQRSTU is NOT registered.
OPQRSTUV is NOT registered.
PQRSTUVW is NOT registered.
QRSTUVWX is NOT registered.
RSTUVWXY is NOT registered.
STUVWXYZ is NOT registered.
TUVWXYZA is NOT registered.
UVWXYZAB is NOT registered.
VWXYZABC is NOT registered.
WXYZABCD is NOT registered.
XYZABCDE is NOT registered.
YZABCDEF is NOT registered.
ZABCDEFG is NOT registered.
ACB is registered.
ACBA is NOT registered.
ACBAB is registered.
ACBABC is NOT registered.
ACBABCD is registered.
ACBABCDE is NOT registered.
ABABCDE is registered.
ABABCDF is NOT registered.
AAABCDF is registered.
ACABCDF is NOT registered.
AABCDF is NOT registered.
AABCDE is NOT registered.
ABBCDE is NOT registered.
BBCDE is NOT registered.
BBCDEF is NOT registered.
BBCDEFG is NOT registered.
ZBCDEFG is NOT registered.
ZBCDEF is NOT registered.
ZBCDE is NOT registered.
ZBCD is NOT registered.
ZBC is NOT registered.
ZBZ is registered.

Registration 7:
ABCDE is registered.
ABCDEFG is registered.
AZZDEFG is registered.
ZDEFG is registered.
DEF is registered.
DEFAA is registered.
ABFAA is registered.
FAA is registered.
FZZ is registered.
FAABB is registered.