Program #1
+------------------------------+
|******                        |
|     &                        |
|     &                        |
|     &                        |
|     &                        |
|    @                         |
|   @                          |
|  @                           |
|                              |
|                              |
|                              |
|                              |
|                              |
|                              |
|                              |
|                              |
|                              |
|                              |
|                              |
|                              |
+------------------------------+

Program #2
LINE 5: TURTLE OUT OF BOUNDS ERROR

Program #3
+------------------------------+
|------------------------------|
||\                /^\        ||
|| \              /   \       ||
||  \            /     \      ||
||   \          /       \     ||
||    \        /         \    ||
||     \      /           \   ||
||      \    /             \  ||
||       \  /               \ ||
||        \/                 >||
||        /\                / ||
||       /  \              /  ||
||      /    \            /   ||
||     /      \          /    ||
||    /        \        /     ||
||   /          \      /      ||
||  /            \    /       ||
|| /              \  /        ||
||/                \/         ||
|/----------------------------||
+------------------------------+

Program #4
+------------------------------+
|                              |
|                              |
|                              |
|                              |
|                              |
|                              |
|                              |
|                              |
|                              |
|                              |
|                              |
|                              |
|                              |
|                              |
|                              |
|                              |
|                              |
|                              |
|                              |
|                              |
+------------------------------+

Program #5
+------------------------------+
|>>>>>>>>>>>>>>>>>>>>>>>>>>>>>>|
|<<<<<<<<<<<<<<<<<<<<<<<<<<<<<v|
|v>>>>>>>>>>>>>>>>>>>>>>>>>>>>>|
|<<<<<<<<<<<<<<<<<<<<<<<<<<<<<v|
|v>>>>>>>>>>>>>>>>>>>>>>>>>>>>>|
|<<<<<<<<<<<<<<<<<<<<<<<<<<<<<v|
|v>>>>>>>>>>>>>>>>>>>>>>>>>>>>>|
|<<<<<<<<<<<<<<<<<<<<<<<<<<<<<v|
|v>>>>>>>>>>>>>>>>>>>>>>>>>>>>>|
|<<<<<<<<<<<<<<<<<<<<<<<<<<<<<v|
|v>>>>>>>>>>>>>>>>>>>>>>>>>>>>>|
|<<<<<<<<<<<<<<<<<<<<<<<<<<<<<v|
|v>>>>>>>>>>>>>>>>>>>>>>>>>>>>>|
|<<<<<<<<<<<<<<<<<<<<<<<<<<<<<v|
|v>>>>>>>>>>>>>>>>>>>>>>>>>>>>>|
|<<<<<<<<<<<<<<<<<<<<<<<<<<<<<v|
|v>>>>>>>>>>>>>>>>>>>>>>>>>>>>>|
|<<<<<<<<<<<<<<<<<<<<<<<<<<<<<v|
|v>>>>>>>>>>>>>>>>>>>>>>>>>>>>>|
|<<<<<<<<<<<<<<<<<<<<<<<<<<<<<v|
+------------------------------+

Program #6
+------------------------------+
|                              |
|     ^>>>>>>>>>>>>>>>>>>>     |
|     ^^>>>>>>>>>>>>>>>>>v     |
|     ^^^>>>>>>>>>>>>>>>vv     |
|     ^^^^>>>>>>>>>>>>>vvv     |
|     ^^^^^>>>>>>>>>>>vvvv     |
|     ^^^^^^>>>>>>>>>vvvvv     |
|     ^^^^^^^>>>>>>>vvvvvv     |
|     ^^^^^^^^>>>>>vvvvvvv     |
|     ^^^^^^^^^>>>vvvvvvvv     |
|     ^^^^^^^^^>>vvvvvvvvv     |
|     ^^^^^^^^<<vvvvvvvvvv     |
|     ^^^^^^^<<<<vvvvvvvvv     |
|     ^^^^^^<<<<<<vvvvvvvv     |
|     ^^^^^<<<<<<<<vvvvvvv     |
|     ^^^^<<<<<<<<<<vvvvvv     |
|     ^^^<<<<<<<<<<<<vvvvv     |
|     ^^<<<<<<<<<<<<<<vvvv     |
|     ^<<<<<<<<<<<<<<<<vvv     |
|     <<<<<<<<<<<<<<<<<<vv     |
+------------------------------+

Program #7
+------------------------------+
|                              |
|                              |
|                              |
|                              |
|                              |
|                              |
|                              |
|                              |
|                              |
|                              |
|233333333333333333333333333333|
|                              |
|                              |
|                              |
|                              |
|                              |
|                              |
|                              |
|                              |
|                              |
+------------------------------+

Program #8
LINE 3: TURTLE OUT OF BOUNDS ERROR

Program #9
LINE 3: TURTLE OUT OF BOUNDS ERROR

Program #10
LINE 6: TURTLE OUT OF BOUNDS ERROR

Program #11
LINE 7: TURTLE OUT OF BOUNDS ERROR

Program #12
+------------------------------+
|*                             |
| *                            |
|  *                           |
|   *                          |
|    *                         |
|     *                        |
|      *                       |
|       *                      |
|        *                     |
|         *                    |
|          ***********         |
|                     *        |
|                      *       |
|                       *      |
|                        *     |
|                         *    |
|                          *   |
|                           *  |
|                            * |
|                             *|
+------------------------------+

Program #13
LINE 6: TURTLE OUT OF BOUNDS ERROR

Program #14
+------------------------------+
|*                            *|
| *                          * |
|  *                        *  |
|   *                      *   |
|    *                    *    |
|     *                  *     |
|      *                *      |
|       *              *       |
|        *            *        |
|         ************         |
|         ************         |
|        *            *        |
|       *              *       |
|      *                *      |
|     *                  *     |
|    *                    *    |
|   *                      *   |
|  *                        *  |
| *                          * |
|*                            *|
+------------------------------+

Program #15
LINE 16: TURTLE OUT OF BOUNDS ERROR

Program #16
+------------------------------+
|                              |
|                              |
|                              |
|                              |
|                              |
|                              |
|                              |
|                              |
|                              |
|                              |
|                              |
|                              |
|                              |
|                              |
|                              |
|                              |
|                              |
|                              |
|                              |
|                              |
+------------------------------+

Program #17
+------------------------------+
|AAAAAAAAAAAAAAAAAAAAAAAAAAAAAA|
|BBBBBBBBBBBBBBBBBBBBBBBBBBBBBB|
|CCCCCCCCCCCCCCCCCCCCCCCCCCCCCC|
|DDDDDDDDDDDDDDDDDDDDDDDDDDDDDD|
|EEEEEEEEEEEEEEEEEEEEEEEEEEEEEE|
|FFFFFFFFFFFFFFFFFFFFFFFFFFFFFF|
|GGGGGGGGGGGGGGGGGGGGGGGGGGGGGG|
|IIIIIIIIIIIIIIIIIIIIIIIIIIIIII|
|JJJJJJJJJJJJJJJJJJJJJJJJJJJJJJ|
|KKKKKKKKKKKKKKKKKKKKKKKKKKKKKK|
|LLLLLLLLLLLLLLLLLLLLLLLLLLLLLL|
|MMMMMMMMMMMMMMMMMMMMMMMMMMMMMM|
|NNNNNNNNNNNNNNNNNNNNNNNNNNNNNN|
|OOOOOOOOOOOOOOOOOOOOOOOOOOOOOO|
|PPPPPPPPPPPPPPPPPPPPPPPPPPPPPP|
|QQQQQQQQQQQQQQQQQQQQQQQQQQQQQQ|
|RRRRRRRRRRRRRRRRRRRRRRRRRRRRRR|
|SSSSSSSSSSSSSSSSSSSSSSSSSSSSSS|
|TTTTTTTTTTTTTTTTTTTTTTTTTTTTTT|
|UUUUUUUUUUUUUUUUUUUUUUUUUUUUUU|
+------------------------------+

Program #18
+------------------------------+
|                              |
|                              |
|                              |
|                              |
|                              |
|                              |
|                              |
|                              |
|                              |
|        *       *             |
|         *     *              |
|          *****               |
|                              |
|                              |
|                              |
|                              |
|                              |
|                              |
|                              |
|                              |
+------------------------------+

