0 P's, 0 Q's
0 P's, 0 Q's
1 P's, 0 Q's
70 P's, 0 Q's
0 P's, 70 Q's
69 P's, 1 Q's
33 P's, 37 Q's
38 P's, 32 Q's
35 P's, 35 Q's
0 P's, 0 Q's
0 P's, 0 Q's
0 P's, 0 Q's
0 P's, 0 Q's
0 P's, 0 Q's
0 P's, 0 Q's
0 P's, 0 Q's
0 P's, 0 Q's
0 P's, 0 Q's
0 P's, 0 Q's
0 P's, 0 Q's
0 P's, 0 Q's
0 P's, 0 Q's
0 P's, 0 Q's
0 P's, 0 Q's
0 P's, 0 Q's
1 P's, 0 Q's
0 P's, 1 Q's
0 P's, 0 Q's
0 P's, 0 Q's
0 P's, 0 Q's
0 P's, 0 Q's
0 P's, 0 Q's
0 P's, 0 Q's
0 P's, 0 Q's
0 P's, 0 Q's
0 P's, 0 Q's
1 P's, 0 Q's
2 P's, 1 Q's
12 P's, 15 Q's
0 P's, 0 Q's
1 P's, 0 Q's
0 P's, 1 Q's
0 P's, 0 Q's
0 P's, 0 Q's
0 P's, 0 Q's
0 P's, 0 Q's
0 P's, 0 Q's
0 P's, 0 Q's
0 P's, 0 Q's
1 P's, 0 Q's
2 P's, 0 Q's
3 P's, 0 Q's
4 P's, 0 Q's
5 P's, 0 Q's
1 P's, 1 Q's
1 P's, 1 Q's
8 P's, 5 Q's
1 P's, 0 Q's
1 P's, 0 Q's
0 P's, 0 Q's
1 P's, 0 Q's
0 P's, 1 Q's
0 P's, 1 Q's
0 P's, 0 Q's
1 P's, 0 Q's
0 P's, 0 Q's
0 P's, 0 Q's
0 P's, 1 Q's
0 P's, 2 Q's
0 P's, 3 Q's
0 P's, 4 Q's
0 P's, 5 Q's
0 P's, 0 Q's
0 P's, 0 Q's
0 P's, 0 Q's
1 P's, 0 Q's
1 P's, 1 Q's
