1
744
935
202
701
135
547
459
969
957
291
67
23
626
875
918
987
820
529
547
517
626
86
797
490
85
176
747
323
140
546
967
822
347
19
791
705
250
913
456
556
631
796
212
948
85
59
504
728
326
927
75
242
105
590
915
958
49
35
153
341
34
775
952
924
282
969
113
403
28
888
716
797
669
88
627
688
78
660
929
50
891
665
809
734
839
45
540
686
302
51
971
198
191
681
3
912
535
356
864
779
519
647
718
134
179
511
761
580
776
133
67
863
155
786
585
953
332
235
969
52
167
264
413
414
170
240
804
632
988
942
417
311
782
270
813
189
563
695
208
145
136
605
166
969
991
610
377
900
804
736
921
500
669
105
471
683
216
294
139
224
875
591
366
875
477
683
348
348
171
341
292
508
635
715
608
331
205
975
332
697
728
721
16
316
249
293
368
94
422
358
782
681
160
983
969
206
855
437
480
333
88
770
497
863
167
126
7
778
161
455
937
174
398
29
137
625
314
387
756
929
454
670
853
980
403
751
54
536
414
665
864
184
264
705
318
448
332
919
124
746
74
475
119
750
537
340
681
12
410
672
491
822
346
190
325
305
107
155
966
6
852
526
50
964
125
349
900
55
249
24
659
10
423
314
835
991
293
989
464
539
945
977
279
77
223
17
689
621
676
364
576
60
68
836
80
511
810
769
394
532
744
397
299
964
295
7
647
916
86
168
535
976
411
718
886
666
401
3
362
216
50
851
380
458
277
356
502
463
61
878
376
218
223
578
777
446
377
706
811
13
228
577
525
409
602
776
520
529
367
903
476
54
22
849
303
656
409
46
687
574
604
381
662
335
271
255
469
302
373
956
278
170
464
201
755
928
202
30
663
177
253
589
643
301
808
73
272
850
534
959
729
390
626
369
235
470
416
613
630
898
373
111
273
181
552
643
73
643
526
513
927
172
229
903
732
276
919
776
959
684
602
3
630
856
21
623
524
966
873
90
882
467
692
180
934
496
458
551
363
468
799
680
81
632
704
135
338
669
593
693
84
654
228
29
39
394
697
459
828
205
732
801
912
31
586
861
590
770
991
209
935
678
804
220
896
313
542
691
415
487
852
264
776
992
882
662
166
373
109
668
533
477
225
468
423
595
253
308
856
671
378
84
95
723
887
780
365
39
825
34
558
70
839
848
173
951
958
171
808
466
775
659
733
652
859
229
820
667
370
677
556
288
615
634
525
861
138
264
754
890
20
75
796
763
88
267
413
539
3
37
864
255
884
627
316
536
944
537
139
454
629
297
11
982
282
858
732
798
212
143
381
986
228
550
652
430
551
425
602
635
21
272
564
750
674
419
980
770
30
311
100
460
183
514
412
177
385
459
893
276
826
703
747
332
647
732
356
863
579
329
761
626
279
475
99
429
85
76
251
253
620
175
904
157
868
508
271
77
970
362
147
725
87
105
601
435
85
353
514
875
600
256
218
951
147
388
34
102
908
323
666
713
12
359
714
562
84
204
339
718
271
758
284
489
339
753
746
945
410
463
585
965
806
20
204
391
531
500
524
768
927
58
432
125
708
678
953
545
390
370
413
468
656
771
154
264
268
305
762
653
862
757
870
179
518
83
948
114
722
885
805
882
258
56
182
671
525
436
611
245
914
257
631
166
757
862
240
977
794
969
327
745
678
828
644
498
184
428
546
403
710
360
887
34
866
650
436
903
103
502
175
568
840
10
643
156
250
329
827
242
17
476
421
289
91
286
77
88
957
415
721
84
364
604
367
541
694
339
350
171
609
545
378
873
105
891
970
213
971
357
270
218
961
236
606
61
619
636
869
781
639
19
886
862
530
353
436
665
613
120
639
593
853
316
914
548
293
628
749
813
727
160
830
160
158
609
212
358
420
642
541
263
656
293
139
17
398
40
605
240
243
924
996
154
633
728
299
109
968
30
145
227
789
761
103
114
766
607
985
244
968
110
816
724
199
128
947
600
73
263
708
320
530
152
288
870
158
732
598
844
463
489
923
523
87
865
651
546
837
471
669
492
952
317
613
62
44
237
831
361
949
739
735
247
110
557
620
480
692
817
86
119
697
698
683
307
651
251
875
201
788
671
424
5
981
122
139
255
399
989
557
401
676
922
78
43
745
642
608
957
566
247
761
916
404
81
764
358
964
162
752
900
721
127
681
400
194
574
713
361
519
928
734
811
413
701
807
208
567
308
675
530
917
482
540
866
700
324
286
300
334
422
841
588
39
77
10
578
592
162
663
945
253
841
459
154
